This file contains any messages produced by compilers while
running configure, to aid debugging if configure makes a mistake.

It was created by Cbc configure 2.9.9, which was
generated by GNU Autoconf 2.59.  Invocation command line was

  $ ./configure --prefix=/usr/local CFLAGS=-m64 -O3 --enable-gnu-packages --enable-cbc-parallel --enable-debug -C --prefix=/usr/local --cache-file=../config.cache --srcdir=.

## --------- ##
## Platform. ##
## --------- ##

hostname = 632afffc1852
uname -m = x86_64
uname -r = 4.15.0-39-generic
uname -s = Linux
uname -v = #42-Ubuntu SMP Tue Oct 23 15:48:01 UTC 2018

/usr/bin/uname -p = unknown
/bin/uname -X     = unknown

/bin/arch              = unknown
/usr/bin/arch -k       = unknown
/usr/convex/getsysinfo = unknown
hostinfo               = unknown
/bin/machine           = unknown
/usr/bin/oslevel       = unknown
/bin/universe          = unknown

PATH: /usr/local/sbin
PATH: /usr/local/bin
PATH: /usr/sbin
PATH: /usr/bin
PATH: /sbin
PATH: /bin


## ----------- ##
## Core tests. ##
## ----------- ##

configure:1575: loading cache ../config.cache
configure:1720: checking build system type
configure:1738: result: x86_64-unknown-linux-gnu
configure:1811: checking for svnversion
configure:1838: result: yes
configure:1868: checking whether we want to compile in debug mode
configure:1911: result: yes
configure:2164: checking for gcc
configure:2190: result: gcc
configure:2211: checking for C compiler version
configure:2214: gcc --version </dev/null >&5
gcc (Ubuntu 7.3.0-27ubuntu1~18.04) 7.3.0
Copyright (C) 2017 Free Software Foundation, Inc.
This is free software; see the source for copying conditions.  There is NO
warranty; not even for MERCHANTABILITY or FITNESS FOR A PARTICULAR PURPOSE.

configure:2217: $? = 0
configure:2219: gcc -v </dev/null >&5
Using built-in specs.
COLLECT_GCC=gcc
COLLECT_LTO_WRAPPER=/usr/lib/gcc/x86_64-linux-gnu/7/lto-wrapper
OFFLOAD_TARGET_NAMES=nvptx-none
OFFLOAD_TARGET_DEFAULT=1
Target: x86_64-linux-gnu
Configured with: ../src/configure -v --with-pkgversion='Ubuntu 7.3.0-27ubuntu1~18.04' --with-bugurl=file:///usr/share/doc/gcc-7/README.Bugs --enable-languages=c,ada,c++,go,brig,d,fortran,objc,obj-c++ --prefix=/usr --with-gcc-major-version-only --program-suffix=-7 --program-prefix=x86_64-linux-gnu- --enable-shared --enable-linker-build-id --libexecdir=/usr/lib --without-included-gettext --enable-threads=posix --libdir=/usr/lib --enable-nls --with-sysroot=/ --enable-clocale=gnu --enable-libstdcxx-debug --enable-libstdcxx-time=yes --with-default-libstdcxx-abi=new --enable-gnu-unique-object --disable-vtable-verify --enable-libmpx --enable-plugin --enable-default-pie --with-system-zlib --with-target-system-zlib --enable-objc-gc=auto --enable-multiarch --disable-werror --with-arch-32=i686 --with-abi=m64 --with-multilib-list=m32,m64,mx32 --enable-multilib --with-tune=generic --enable-offload-targets=nvptx-none --without-cuda-driver --enable-checking=release --build=x86_64-linux-gnu --host=x86_64-linux-gnu --target=x86_64-linux-gnu
Thread model: posix
gcc version 7.3.0 (Ubuntu 7.3.0-27ubuntu1~18.04) 
configure:2222: $? = 0
configure:2224: gcc -V </dev/null >&5
gcc: error: unrecognized command line option '-V'
gcc: fatal error: no input files
compilation terminated.
configure:2227: $? = 1
configure:2250: checking for C compiler default output file name
configure:2253: gcc -m64 -O3   conftest.c  >&5
configure:2256: $? = 0
configure:2302: result: a.out
configure:2307: checking whether the C compiler works
configure:2313: ./a.out
configure:2316: $? = 0
configure:2333: result: yes
configure:2340: checking whether we are cross compiling
configure:2342: result: no
configure:2345: checking for suffix of executables
configure:2347: gcc -o conftest -m64 -O3   conftest.c  >&5
configure:2350: $? = 0
configure:2375: result: 
configure:2381: checking for suffix of object files
configure:2427: result: o
configure:2431: checking whether we are using the GNU C compiler
configure:2487: result: yes
configure:2493: checking whether gcc accepts -g
configure:2544: result: yes
configure:2561: checking for gcc option to accept ANSI C
configure:2668: result: none needed
configure:2686: gcc -c -m64 -O3  conftest.c >&5
conftest.c:2:3: error: unknown type name 'choke'
   choke me
   ^~~~~
conftest.c:2:3: error: expected '=', ',', ';', 'asm' or '__attribute__' at end of input
configure:2692: $? = 1
configure: failed program was:
| #ifndef __cplusplus
|   choke me
| #endif
configure:3113: gcc -o conftest -m64 -O3   -DCBC_BUILD   conftest.c  >&5
configure:3119: $? = 0
configure:3123: test -z 
			 || test ! -s conftest.err
configure:3126: $? = 0
configure:3129: test -s conftest
configure:3132: $? = 0
configure:3199: C compiler options are: -m64 -O3   -DCBC_BUILD
configure:3314: checking for g++
configure:3340: result: g++
configure:3356: checking for C++ compiler version
configure:3359: g++ --version </dev/null >&5
g++ (Ubuntu 7.3.0-27ubuntu1~18.04) 7.3.0
Copyright (C) 2017 Free Software Foundation, Inc.
This is free software; see the source for copying conditions.  There is NO
warranty; not even for MERCHANTABILITY or FITNESS FOR A PARTICULAR PURPOSE.

configure:3362: $? = 0
configure:3364: g++ -v </dev/null >&5
Using built-in specs.
COLLECT_GCC=g++
COLLECT_LTO_WRAPPER=/usr/lib/gcc/x86_64-linux-gnu/7/lto-wrapper
OFFLOAD_TARGET_NAMES=nvptx-none
OFFLOAD_TARGET_DEFAULT=1
Target: x86_64-linux-gnu
Configured with: ../src/configure -v --with-pkgversion='Ubuntu 7.3.0-27ubuntu1~18.04' --with-bugurl=file:///usr/share/doc/gcc-7/README.Bugs --enable-languages=c,ada,c++,go,brig,d,fortran,objc,obj-c++ --prefix=/usr --with-gcc-major-version-only --program-suffix=-7 --program-prefix=x86_64-linux-gnu- --enable-shared --enable-linker-build-id --libexecdir=/usr/lib --without-included-gettext --enable-threads=posix --libdir=/usr/lib --enable-nls --with-sysroot=/ --enable-clocale=gnu --enable-libstdcxx-debug --enable-libstdcxx-time=yes --with-default-libstdcxx-abi=new --enable-gnu-unique-object --disable-vtable-verify --enable-libmpx --enable-plugin --enable-default-pie --with-system-zlib --with-target-system-zlib --enable-objc-gc=auto --enable-multiarch --disable-werror --with-arch-32=i686 --with-abi=m64 --with-multilib-list=m32,m64,mx32 --enable-multilib --with-tune=generic --enable-offload-targets=nvptx-none --without-cuda-driver --enable-checking=release --build=x86_64-linux-gnu --host=x86_64-linux-gnu --target=x86_64-linux-gnu
Thread model: posix
gcc version 7.3.0 (Ubuntu 7.3.0-27ubuntu1~18.04) 
configure:3367: $? = 0
configure:3369: g++ -V </dev/null >&5
g++: error: unrecognized command line option '-V'
g++: fatal error: no input files
compilation terminated.
configure:3372: $? = 1
configure:3375: checking whether we are using the GNU C++ compiler
configure:3431: result: yes
configure:3437: checking whether g++ accepts -g
configure:3488: result: yes
configure:3530: g++ -c -g -O2  conftest.cc >&5
configure:3536: $? = 0
configure:3540: test -z 
			 || test ! -s conftest.err
configure:3543: $? = 0
configure:3546: test -s conftest.o
configure:3549: $? = 0
configure:3575: g++ -c -g -O2  conftest.cc >&5
conftest.cc: In function 'int main()':
conftest.cc:20:1: error: 'exit' was not declared in this scope
 exit (42);
 ^~~~
configure:3581: $? = 1
configure: failed program was:
| /* confdefs.h.  */
| 
| #define PACKAGE_NAME "Cbc"
| #define PACKAGE_TARNAME "cbc"
| #define PACKAGE_VERSION "2.9.9"
| #define PACKAGE_STRING "Cbc 2.9.9"
| #define PACKAGE_BUGREPORT "cbc@lists.coin-or.org"
| #define CBC_VERSION "2.9.9"
| #define CBC_VERSION_MAJOR 2
| #define CBC_VERSION_MINOR 9
| #define CBC_VERSION_RELEASE 9
| #define CBC_SVN_REV 2433
| #define COIN_CBC_VERBOSITY 0
| #define COIN_CBC_CHECKLEVEL 0
| /* end confdefs.h.  */
| 
| int
| main ()
| {
| exit (42);
|   ;
|   return 0;
| }
configure:3530: g++ -c -g -O2  conftest.cc >&5
configure:3536: $? = 0
configure:3540: test -z 
			 || test ! -s conftest.err
configure:3543: $? = 0
configure:3546: test -s conftest.o
configure:3549: $? = 0
configure:3575: g++ -c -g -O2  conftest.cc >&5
configure:3581: $? = 0
configure:3585: test -z 
			 || test ! -s conftest.err
configure:3588: $? = 0
configure:3591: test -s conftest.o
configure:3594: $? = 0
configure:3626: checking whether C++ compiler g++ works
configure:3644: g++ -c -g -O2  conftest.cc >&5
configure:3650: $? = 0
configure:3654: test -z 
			 || test ! -s conftest.err
configure:3657: $? = 0
configure:3660: test -s conftest.o
configure:3663: $? = 0
configure:3665: result: yes
configure:3986: g++ -o conftest -g -O0 -pipe -Wparentheses -Wreturn-type -Wcast-qual -Wall -Wpointer-arith -Wwrite-strings -Wconversion -Wno-unknown-pragmas -Wno-long-long   -DCBC_BUILD   conftest.cc  >&5
configure:3992: $? = 0
configure:3996: test -z 
			 || test ! -s conftest.err
configure:3999: $? = 0
configure:4002: test -s conftest
configure:4005: $? = 0
configure:4072: C++ compiler options are: -g -O0 -pipe -Wparentheses -Wreturn-type -Wcast-qual -Wall -Wpointer-arith -Wwrite-strings -Wconversion -Wno-unknown-pragmas -Wno-long-long   -DCBC_BUILD
configure:4191: checking for egrep
configure:4201: result: grep -E
configure:4206: checking whether ln -s works
configure:4210: result: yes
configure:4231: checking for a BSD-compatible install
configure:4286: result: /usr/bin/install -c
configure:4297: checking whether build environment is sane
configure:4340: result: yes
configure:4405: checking for gawk
configure:4431: result: mawk
configure:4441: checking whether make sets $(MAKE)
configure:4461: result: yes
configure:4491: checking for style of include used by make
configure:4519: result: GNU
configure:4700: checking dependency style of gcc
configure:4790: result: gcc3
configure:4809: checking dependency style of g++
configure:4899: result: gcc3
configure:4917: checking whether to enable maintainer-specific portions of Makefiles
configure:4926: result: no
configure:20424: Using libtool script in directory ..
configure:20523: checking if library version is set
configure:20527: result: 12:9:9
configure:20600: checking for pkg-config
configure:20629: result: no
configure:20740: checking for COIN-OR package CoinDepend
configure:20937: result: skipped check via pkg-config, redirect to fallback
configure:20940: checking for COIN-OR package CoinDepend (fallback)
configure:21136: result: yes
configure:21288: checking for COIN-OR package Clp
configure:21485: result: skipped check via pkg-config, redirect to fallback
configure:21488: checking for COIN-OR package Clp (fallback)
configure:21684: result: yes
configure:21836: checking for COIN-OR package OsiTests
configure:22003: result: skipped check via pkg-config, redirect to fallback
configure:22006: checking for COIN-OR package OsiTests (fallback)
configure:22202: result: yes
configure:22316: checking for COIN-OR package Sample
configure:22483: result: skipped check via pkg-config, redirect to fallback
configure:22486: checking for COIN-OR package Sample (fallback)
configure:22682: result: yes
configure:22796: checking for COIN-OR package Netlib
configure:22963: result: skipped check via pkg-config, redirect to fallback
configure:22966: checking for COIN-OR package Netlib (fallback)
configure:23032: result: no, dependency coindatanetlib not available
configure:23276: checking for COIN-OR package Miplib3
configure:23443: result: skipped check via pkg-config, redirect to fallback
configure:23446: checking for COIN-OR package Miplib3 (fallback)
configure:23642: result: yes
configure:23777: checking for cmath
configure:23782: result: yes
configure:24106: checking for cfloat
configure:24111: result: yes
configure:24435: checking for cieeefp
configure:24440: result: no
configure:24593: checking for ieeefp.h
configure:24598: result: no
configure:24774: checking for readline/readline.h
configure:24820: result: no
configure:25068: checking for COIN-OR package DyLP
configure:25250: result: skipped check via pkg-config, redirect to fallback
configure:25253: checking for COIN-OR package DyLP (fallback)
configure:25319: result: no, dependency osi-dylp not available
configure:25578: checking for COIN-OR package Vol
configure:25745: result: skipped check via pkg-config, redirect to fallback
configure:25748: checking for COIN-OR package Vol (fallback)
configure:25814: result: no, dependency osi-vol not available
configure:26058: checking for COIN-OR package Cpx
configure:26255: result: skipped check via pkg-config, redirect to fallback
configure:26258: checking for COIN-OR package Cpx (fallback)
configure:26324: result: no, dependency osi-cplex not available
configure:26598: checking for COIN-OR package Glpk
configure:26780: result: skipped check via pkg-config, redirect to fallback
configure:26783: checking for COIN-OR package Glpk (fallback)
configure:26979: result: yes
configure:27108: checking for COIN-OR package Grb
configure:27275: result: skipped check via pkg-config, redirect to fallback
configure:27278: checking for COIN-OR package Grb (fallback)
configure:27344: result: no, dependency osi-gurobi not available
configure:27588: checking for COIN-OR package Msk
configure:27770: result: skipped check via pkg-config, redirect to fallback
configure:27773: checking for COIN-OR package Msk (fallback)
configure:27839: result: no, dependency osi-mosek not available
configure:28098: checking for COIN-OR package Spx
configure:28280: result: skipped check via pkg-config, redirect to fallback
configure:28283: checking for COIN-OR package Spx (fallback)
configure:28349: result: no, dependency osi-soplex not available
configure:28608: checking for COIN-OR package Xpr
configure:28775: result: skipped check via pkg-config, redirect to fallback
configure:28778: checking for COIN-OR package Xpr (fallback)
configure:28844: result: no, dependency osi-xpress not available
configure:29094: checking for COIN-OR package ASL
configure:29291: result: skipped check via pkg-config, redirect to fallback
configure:29294: checking for COIN-OR package ASL (fallback)
configure:29360: result: no, dependency coinasl not available
configure:29642: checking if user provides library for Nauty
configure:29687: result: no
configure:29874: checking for cbc-generic default solver
configure:29884: result: clp
configure:29953: checking for clock_gettime in -lrt
configure:29983: gcc -o conftest -m64 -O3   -DCBC_BUILD   conftest.c -lrt   >&5
configure:29989: $? = 0
configure:29993: test -z 
			 || test ! -s conftest.err
configure:29996: $? = 0
configure:29999: test -s conftest
configure:30002: $? = 0
configure:30015: result: yes
configure:30031: checking for pthread_create in -lpthread
configure:30061: gcc -o conftest -m64 -O3   -DCBC_BUILD   conftest.c -lpthread   >&5
configure:30067: $? = 0
configure:30071: test -z 
			 || test ! -s conftest.err
configure:30074: $? = 0
configure:30077: test -s conftest
configure:30080: $? = 0
configure:30093: result: yes
configure:30106: Cbc multithreading enabled
configure:30226: OsiCbc default solver is clp
configure:30358: checking whether this is a VPATH configuration
configure:30365: result: no
configure:30405: configuring doxygen documentation options
configure:30412: checking for doxygen
configure:30439: result: no
configure:30448: checking for latex
configure:30475: result: no
configure:30503: checking for dot
configure:30530: result: NO
configure:30581: checking for doxygen doc'n for CoinUtils 
configure:30597: result: ../CoinUtils/doxydoc (tag)
configure:30581: checking for doxygen doc'n for Osi 
configure:30597: result: ../Osi/doxydoc (tag)
configure:30581: checking for doxygen doc'n for Clp 
configure:30597: result: ../Clp/doxydoc (tag)
configure:30581: checking for doxygen doc'n for DyLP 
configure:30613: result: /usr/local/share/coin/doc/DyLP/doxydoc (tag)
configure:30581: checking for doxygen doc'n for Cgl 
configure:30597: result: ../Cgl/doxydoc (tag)
configure:30581: checking for doxygen doc'n for Vol 
configure:30613: result: /usr/local/share/coin/doc/Vol/doxydoc (tag)
configure:30642: checking which command should be used to link input files
configure:30650: result: ln -s
configure:31173: creating ./config.status

## ---------------------- ##
## Running config.status. ##
## ---------------------- ##

This file was extended by Cbc config.status 2.9.9, which was
generated by GNU Autoconf 2.59.  Invocation command line was

  CONFIG_FILES    = 
  CONFIG_HEADERS  = 
  CONFIG_LINKS    = 
  CONFIG_COMMANDS = 
  $ ./config.status 

on 632afffc1852

config.status:959: creating Makefile
config.status:959: creating examples/Makefile
config.status:959: creating src/Makefile
config.status:959: creating src/OsiCbc/Makefile
config.status:959: creating test/Makefile
config.status:959: creating cbc.pc
config.status:959: creating cbc-uninstalled.pc
config.status:959: creating osi-cbc.pc
config.status:959: creating osi-cbc-uninstalled.pc
config.status:959: creating doxydoc/doxygen.conf
config.status:1063: creating src/config.h
config.status:1063: creating src/config_cbc.h
config.status:1411: executing depfiles commands
configure:32783: In case of trouble, first consult the troubleshooting page at https://projects.coin-or.org/BuildTools/wiki/user-troubleshooting
configure:32786: Configuration of Cbc successful

## ---------------- ##
## Cache variables. ##
## ---------------- ##

ac_cv_build=x86_64-unknown-linux-gnu
ac_cv_build_alias=x86_64-unknown-linux-gnu
ac_cv_c_compiler_gnu=yes
ac_cv_cxx_compiler_gnu=yes
ac_cv_env_ADD_CFLAGS_set=
ac_cv_env_ADD_CFLAGS_value=
ac_cv_env_ADD_CXXFLAGS_set=
ac_cv_env_ADD_CXXFLAGS_value=
ac_cv_env_ADD_FFLAGS_set=
ac_cv_env_ADD_FFLAGS_value=
ac_cv_env_CC_set=
ac_cv_env_CC_value=
ac_cv_env_CDEFS_set=
ac_cv_env_CDEFS_value=
ac_cv_env_CFLAGS_set=set
ac_cv_env_CFLAGS_value='-m64 -O3'
ac_cv_env_COIN_SKIP_PROJECTS_set=
ac_cv_env_COIN_SKIP_PROJECTS_value=
ac_cv_env_CPPFLAGS_set=
ac_cv_env_CPPFLAGS_value=
ac_cv_env_CPP_set=
ac_cv_env_CPP_value=
ac_cv_env_CXXCPP_set=
ac_cv_env_CXXCPP_value=
ac_cv_env_CXXDEFS_set=
ac_cv_env_CXXDEFS_value=
ac_cv_env_CXXFLAGS_set=
ac_cv_env_CXXFLAGS_value=
ac_cv_env_CXX_set=
ac_cv_env_CXX_value=
ac_cv_env_DBG_CFLAGS_set=
ac_cv_env_DBG_CFLAGS_value=
ac_cv_env_DBG_CXXFLAGS_set=
ac_cv_env_DBG_CXXFLAGS_value=
ac_cv_env_DBG_FFLAGS_set=
ac_cv_env_DBG_FFLAGS_value=
ac_cv_env_F77_set=
ac_cv_env_F77_value=
ac_cv_env_FFLAGS_set=
ac_cv_env_FFLAGS_value=
ac_cv_env_LDFLAGS_set=
ac_cv_env_LDFLAGS_value=
ac_cv_env_MPICC_set=
ac_cv_env_MPICC_value=
ac_cv_env_MPICXX_set=
ac_cv_env_MPICXX_value=
ac_cv_env_MPIF77_set=
ac_cv_env_MPIF77_value=
ac_cv_env_OPT_CFLAGS_set=
ac_cv_env_OPT_CFLAGS_value=
ac_cv_env_OPT_CXXFLAGS_set=
ac_cv_env_OPT_CXXFLAGS_value=
ac_cv_env_OPT_FFLAGS_set=
ac_cv_env_OPT_FFLAGS_value=
ac_cv_env_PKG_CONFIG_set=
ac_cv_env_PKG_CONFIG_value=
ac_cv_env_build_alias_set=
ac_cv_env_build_alias_value=
ac_cv_env_host_alias_set=
ac_cv_env_host_alias_value=
ac_cv_env_target_alias_set=
ac_cv_env_target_alias_value=
ac_cv_exeext=
ac_cv_func_vsnprintf=yes
ac_cv_have_decl_finite=yes
ac_cv_have_decl_isfinite=no
ac_cv_have_decl_isnan=no
ac_cv_have_decl_std__isnan_42_42_=yes
ac_cv_header_bzlib_h=no
ac_cv_header_cfloat=yes
ac_cv_header_cieeefp=no
ac_cv_header_cinttypes=yes
ac_cv_header_cmath=yes
ac_cv_header_cstdint=yes
ac_cv_header_dlfcn_h=yes
ac_cv_header_endian_h=yes
ac_cv_header_gmp_h=no
ac_cv_header_ieeefp_h=no
ac_cv_header_inttypes_h=yes
ac_cv_header_memory_h=yes
ac_cv_header_mysql_h=no
ac_cv_header_mysql_mysql_h=no
ac_cv_header_readline_readline_h=no
ac_cv_header_sql_h=no
ac_cv_header_stdc=yes
ac_cv_header_stdint_h=yes
ac_cv_header_stdlib_h=yes
ac_cv_header_string_h=yes
ac_cv_header_strings_h=yes
ac_cv_header_sys_stat_h=yes
ac_cv_header_sys_types_h=yes
ac_cv_header_unistd_h=yes
ac_cv_header_windows_h=no
ac_cv_header_zlib_h=no
ac_cv_host=x86_64-unknown-linux-gnu
ac_cv_host_alias=x86_64-unknown-linux-gnu
ac_cv_lib_dl_dlopen=yes
ac_cv_lib_pthread_pthread_create=yes
ac_cv_lib_rt_clock_gettime=yes
ac_cv_objext=o
ac_cv_path_install='/usr/bin/install -c'
ac_cv_prog_AWK=mawk
ac_cv_prog_CPP='gcc -E'
ac_cv_prog_CXXCPP='g++ -E'
ac_cv_prog_ac_ct_AR=ar
ac_cv_prog_ac_ct_CC=gcc
ac_cv_prog_ac_ct_CXX=g++
ac_cv_prog_ac_ct_RANLIB=ranlib
ac_cv_prog_ac_ct_STRIP=strip
ac_cv_prog_cc_g=yes
ac_cv_prog_cc_stdc=
ac_cv_prog_coin_doxy_usedot=NO
ac_cv_prog_coin_have_doxygen=no
ac_cv_prog_coin_have_latex=no
ac_cv_prog_cxx_g=yes
ac_cv_prog_egrep='grep -E'
ac_cv_prog_have_svnversion=yes
ac_cv_prog_make_make_set=yes
ac_cv_type_int64_t=yes
ac_cv_type_intptr_t=yes
am_cv_CC_dependencies_compiler_type=gcc3
am_cv_CXX_dependencies_compiler_type=gcc3
lt_cv_deplibs_check_method=pass_all
lt_cv_file_magic_cmd='$MAGIC_CMD'
lt_cv_file_magic_test_file=
lt_cv_ld_reload_flag=-r
lt_cv_objdir=.libs
lt_cv_path_LD=/usr/bin/ld
lt_cv_path_LDCXX=/usr/bin/ld
lt_cv_path_NM='/usr/bin/nm -B'
lt_cv_path_SED=/bin/sed
lt_cv_prog_compiler_c_o=yes
lt_cv_prog_compiler_c_o_CXX=yes
lt_cv_prog_compiler_c_o_F77=no
lt_cv_prog_compiler_rtti_exceptions=no
lt_cv_prog_gnu_ld=yes
lt_cv_prog_gnu_ldcxx=yes
lt_cv_sys_global_symbol_pipe='sed -n -e '\''s/^.*[ 	]\([ABCDGIRSTW][ABCDGIRSTW]*\)[ 	][ 	]*\([_A-Za-z][_A-Za-z0-9]*\)$/\1 \2 \2/p'\'''
lt_cv_sys_global_symbol_to_c_name_address='sed -n -e '\''s/^: \([^ ]*\) $/  {\"\1\", (lt_ptr) 0},/p'\'' -e '\''s/^[BCDEGRST] \([^ ]*\) \([^ ]*\)$/  {"\2", (lt_ptr) \&\2},/p'\'''
lt_cv_sys_global_symbol_to_cdecl='sed -n -e '\''s/^. .* \(.*\)$/extern int \1;/p'\'''
lt_cv_sys_max_cmd_len=32768
lt_lt_cv_prog_compiler_c_o='"yes"'
lt_lt_cv_prog_compiler_c_o_CXX='"yes"'
lt_lt_cv_prog_compiler_c_o_F77='"no"'
lt_lt_cv_sys_global_symbol_pipe='"sed -n -e '\''s/^.*[ 	]\\([ABCDGIRSTW][ABCDGIRSTW]*\\)[ 	][ 	]*\\([_A-Za-z][_A-Za-z0-9]*\\)\$/\\1 \\2 \\2/p'\''"'
lt_lt_cv_sys_global_symbol_to_c_name_address='"sed -n -e '\''s/^: \\([^ ]*\\) \$/  {\\\"\\1\\\", (lt_ptr) 0},/p'\'' -e '\''s/^[BCDEGRST] \\([^ ]*\\) \\([^ ]*\\)\$/  {\"\\2\", (lt_ptr) \\&\\2},/p'\''"'
lt_lt_cv_sys_global_symbol_to_cdecl='"sed -n -e '\''s/^. .* \\(.*\\)\$/extern int \\1;/p'\''"'

## ----------------- ##
## Output variables. ##
## ----------------- ##

ABSBUILDDIR='/mpsis/L3/cbc/Cbc'
ACLOCAL='${SHELL} /mpsis/L3/cbc/Cbc/missing --run aclocal-1.9'
ADD_CFLAGS=''
ADD_CXXFLAGS=''
ALWAYS_FALSE_FALSE=''
ALWAYS_FALSE_TRUE='#'
AMDEPBACKSLASH='\'
AMDEP_FALSE='#'
AMDEP_TRUE=''
AMTAR='${SHELL} /mpsis/L3/cbc/Cbc/missing --run tar'
AR='ar'
ASL_CFLAGS=''
ASL_CFLAGS_INSTALLED=''
ASL_DATA=''
ASL_DATA_INSTALLED=''
ASL_DEPENDENCIES=''
ASL_LIBS=''
ASL_LIBS_INSTALLED=''
AUTOCONF='${SHELL} /mpsis/L3/cbc/Cbc/missing --run autoconf'
AUTOHEADER='${SHELL} /mpsis/L3/cbc/Cbc/missing --run autoheader'
AUTOMAKE='${SHELL} /mpsis/L3/cbc/Cbc/missing --run automake-1.9'
AUX_DIR=''
AWK='mawk'
BUILDTOOLSDIR=''
CBCGENERIC_CFLAGS=' -I/mpsis/L3/cbc/Osi/src/OsiGlpk  -I/mpsis/L3/cbc/Osi/src/Osi -I/mpsis/L3/cbc/Osi/src/Osi  -I/mpsis/L3/cbc/CoinUtils/src -I/mpsis/L3/cbc/CoinUtils/src  -I/mpsis/L3/cbc/ThirdParty/Glpk -I/mpsis/L3/cbc/ThirdParty/Glpk/glpk/src -I/mpsis/L3/cbc/ThirdParty/Glpk/glpk/src/amd   -I/mpsis/L3/cbc/Clp/src/OsiClp  -I/mpsis/L3/cbc/Clp/src -I/mpsis/L3/cbc/Clp/src  -I/mpsis/L3/cbc/Osi/src/Osi -I/mpsis/L3/cbc/Osi/src/Osi  -I/mpsis/L3/cbc/CoinUtils/src -I/mpsis/L3/cbc/CoinUtils/src  -I/mpsis/L3/cbc/ThirdParty/Glpk -I/mpsis/L3/cbc/ThirdParty/Glpk/glpk/src -I/mpsis/L3/cbc/ThirdParty/Glpk/glpk/src/amd   -I/mpsis/L3/cbc/Cgl/src -I/mpsis/L3/cbc/Cgl/src/CglAllDifferent -I/mpsis/L3/cbc/Cgl/src/CglClique -I/mpsis/L3/cbc/Cgl/src/CglDuplicateRow -I/mpsis/L3/cbc/Cgl/src/CglFlowCover -I/mpsis/L3/cbc/Cgl/src/CglGMI -I/mpsis/L3/cbc/Cgl/src/CglGomory -I/mpsis/L3/cbc/Cgl/src/CglKnapsackCover -I/mpsis/L3/cbc/Cgl/src/CglLandP -I/mpsis/L3/cbc/Cgl/src/CglLiftAndProject -I/mpsis/L3/cbc/Cgl/src/CglMixedIntegerRounding -I/mpsis/L3/cbc/Cgl/src/CglMixedIntegerRounding2 -I/mpsis/L3/cbc/Cgl/src/CglOddHole -I/mpsis/L3/cbc/Cgl/src/CglPreProcess -I/mpsis/L3/cbc/Cgl/src/CglProbing -I/mpsis/L3/cbc/Cgl/src/CglRedSplit -I/mpsis/L3/cbc/Cgl/src/CglRedSplit2 -I/mpsis/L3/cbc/Cgl/src/CglResidualCapacity -I/mpsis/L3/cbc/Cgl/src/CglSimpleRounding -I/mpsis/L3/cbc/Cgl/src/CglTwomir -I/mpsis/L3/cbc/Cgl/src/CglZeroHalf -I/mpsis/L3/cbc/Cgl/src  -I/mpsis/L3/cbc/Clp/src/OsiClp  -I/mpsis/L3/cbc/Clp/src -I/mpsis/L3/cbc/Clp/src  -I/mpsis/L3/cbc/Osi/src/Osi -I/mpsis/L3/cbc/Osi/src/Osi  -I/mpsis/L3/cbc/CoinUtils/src -I/mpsis/L3/cbc/CoinUtils/src  -I/mpsis/L3/cbc/ThirdParty/Glpk -I/mpsis/L3/cbc/ThirdParty/Glpk/glpk/src -I/mpsis/L3/cbc/ThirdParty/Glpk/glpk/src/amd  '
CBCGENERIC_CFLAGS_INSTALLED=' -I/usr/local/include/coin  -I/usr/local/include/coin  -I/usr/local/include/coin  -I/usr/local/include/coin/ThirdParty   -I/usr/local/include/coin  -I/usr/local/include/coin  -I/usr/local/include/coin  -I/usr/local/include/coin  -I/usr/local/include/coin/ThirdParty   -I/usr/local/include/coin  -I/usr/local/include/coin  -I/usr/local/include/coin  -I/usr/local/include/coin  -I/usr/local/include/coin  -I/usr/local/include/coin/ThirdParty  '
CBCGENERIC_DEPENDENCIES='  /mpsis/L3/cbc/Osi/src/OsiGlpk/libOsiGlpk.la   /mpsis/L3/cbc/Osi/src/Osi/libOsi.la   /mpsis/L3/cbc/CoinUtils/src/libCoinUtils.la   /mpsis/L3/cbc/ThirdParty/Glpk/libcoinglpk.la    /mpsis/L3/cbc/Clp/src/OsiClp/libOsiClp.la   /mpsis/L3/cbc/Clp/src/libClpSolver.la /mpsis/L3/cbc/Clp/src/libClp.la   /mpsis/L3/cbc/Osi/src/Osi/libOsi.la   /mpsis/L3/cbc/CoinUtils/src/libCoinUtils.la   /mpsis/L3/cbc/ThirdParty/Glpk/libcoinglpk.la    /mpsis/L3/cbc/Cgl/src/libCgl.la   /mpsis/L3/cbc/Clp/src/OsiClp/libOsiClp.la   /mpsis/L3/cbc/Clp/src/libClpSolver.la /mpsis/L3/cbc/Clp/src/libClp.la   /mpsis/L3/cbc/Osi/src/Osi/libOsi.la   /mpsis/L3/cbc/CoinUtils/src/libCoinUtils.la   /mpsis/L3/cbc/ThirdParty/Glpk/libcoinglpk.la    '
CBCGENERIC_LIBS=' /mpsis/L3/cbc/Osi/src/OsiGlpk/libOsiGlpk.la   /mpsis/L3/cbc/Osi/src/Osi/libOsi.la   /mpsis/L3/cbc/CoinUtils/src/libCoinUtils.la -lm   /mpsis/L3/cbc/ThirdParty/Glpk/libcoinglpk.la -ldl -lm    /mpsis/L3/cbc/Clp/src/OsiClp/libOsiClp.la   /mpsis/L3/cbc/Clp/src/libClpSolver.la /mpsis/L3/cbc/Clp/src/libClp.la   /mpsis/L3/cbc/Osi/src/Osi/libOsi.la   /mpsis/L3/cbc/CoinUtils/src/libCoinUtils.la -lm   /mpsis/L3/cbc/ThirdParty/Glpk/libcoinglpk.la -ldl -lm    /mpsis/L3/cbc/Cgl/src/libCgl.la   /mpsis/L3/cbc/Clp/src/OsiClp/libOsiClp.la   /mpsis/L3/cbc/Clp/src/libClpSolver.la /mpsis/L3/cbc/Clp/src/libClp.la   /mpsis/L3/cbc/Osi/src/Osi/libOsi.la   /mpsis/L3/cbc/CoinUtils/src/libCoinUtils.la -lm   /mpsis/L3/cbc/ThirdParty/Glpk/libcoinglpk.la -ldl -lm   '
CBCGENERIC_LIBS_INSTALLED=' -L/usr/local/lib -lOsiGlpk   -L/usr/local/lib -lOsi   -L/usr/local/lib -lCoinUtils -lm   -L/usr/local/lib -lcoinglpk -ldl -lm    -L/usr/local/lib -lOsiClp   -L/usr/local/lib -lClpSolver -lClp   -L/usr/local/lib -lOsi   -L/usr/local/lib -lCoinUtils -lm   -L/usr/local/lib -lcoinglpk -ldl -lm    -L/usr/local/lib -lCgl   -L/usr/local/lib -lOsiClp   -L/usr/local/lib -lClpSolver -lClp   -L/usr/local/lib -lOsi   -L/usr/local/lib -lCoinUtils -lm   -L/usr/local/lib -lcoinglpk -ldl -lm   '
CBCGENERIC_PCLIBS=''
CBCGENERIC_PCREQUIRES='osi-glpk osi-clp cgl osi coinutils '
CBCLIB_CFLAGS=' -I/mpsis/L3/cbc/Clp/src/OsiClp  -I/mpsis/L3/cbc/Clp/src -I/mpsis/L3/cbc/Clp/src  -I/mpsis/L3/cbc/Osi/src/Osi -I/mpsis/L3/cbc/Osi/src/Osi  -I/mpsis/L3/cbc/CoinUtils/src -I/mpsis/L3/cbc/CoinUtils/src  -I/mpsis/L3/cbc/ThirdParty/Glpk -I/mpsis/L3/cbc/ThirdParty/Glpk/glpk/src -I/mpsis/L3/cbc/ThirdParty/Glpk/glpk/src/amd   -I/mpsis/L3/cbc/Cgl/src -I/mpsis/L3/cbc/Cgl/src/CglAllDifferent -I/mpsis/L3/cbc/Cgl/src/CglClique -I/mpsis/L3/cbc/Cgl/src/CglDuplicateRow -I/mpsis/L3/cbc/Cgl/src/CglFlowCover -I/mpsis/L3/cbc/Cgl/src/CglGMI -I/mpsis/L3/cbc/Cgl/src/CglGomory -I/mpsis/L3/cbc/Cgl/src/CglKnapsackCover -I/mpsis/L3/cbc/Cgl/src/CglLandP -I/mpsis/L3/cbc/Cgl/src/CglLiftAndProject -I/mpsis/L3/cbc/Cgl/src/CglMixedIntegerRounding -I/mpsis/L3/cbc/Cgl/src/CglMixedIntegerRounding2 -I/mpsis/L3/cbc/Cgl/src/CglOddHole -I/mpsis/L3/cbc/Cgl/src/CglPreProcess -I/mpsis/L3/cbc/Cgl/src/CglProbing -I/mpsis/L3/cbc/Cgl/src/CglRedSplit -I/mpsis/L3/cbc/Cgl/src/CglRedSplit2 -I/mpsis/L3/cbc/Cgl/src/CglResidualCapacity -I/mpsis/L3/cbc/Cgl/src/CglSimpleRounding -I/mpsis/L3/cbc/Cgl/src/CglTwomir -I/mpsis/L3/cbc/Cgl/src/CglZeroHalf -I/mpsis/L3/cbc/Cgl/src  -I/mpsis/L3/cbc/Clp/src/OsiClp  -I/mpsis/L3/cbc/Clp/src -I/mpsis/L3/cbc/Clp/src  -I/mpsis/L3/cbc/Osi/src/Osi -I/mpsis/L3/cbc/Osi/src/Osi  -I/mpsis/L3/cbc/CoinUtils/src -I/mpsis/L3/cbc/CoinUtils/src  -I/mpsis/L3/cbc/ThirdParty/Glpk -I/mpsis/L3/cbc/ThirdParty/Glpk/glpk/src -I/mpsis/L3/cbc/ThirdParty/Glpk/glpk/src/amd  '
CBCLIB_CFLAGS_INSTALLED=' -I/usr/local/include/coin  -I/usr/local/include/coin  -I/usr/local/include/coin  -I/usr/local/include/coin  -I/usr/local/include/coin/ThirdParty   -I/usr/local/include/coin  -I/usr/local/include/coin  -I/usr/local/include/coin  -I/usr/local/include/coin  -I/usr/local/include/coin  -I/usr/local/include/coin/ThirdParty  '
CBCLIB_DEPENDENCIES='  /mpsis/L3/cbc/Clp/src/OsiClp/libOsiClp.la   /mpsis/L3/cbc/Clp/src/libClpSolver.la /mpsis/L3/cbc/Clp/src/libClp.la   /mpsis/L3/cbc/Osi/src/Osi/libOsi.la   /mpsis/L3/cbc/CoinUtils/src/libCoinUtils.la   /mpsis/L3/cbc/ThirdParty/Glpk/libcoinglpk.la    /mpsis/L3/cbc/Cgl/src/libCgl.la   /mpsis/L3/cbc/Clp/src/OsiClp/libOsiClp.la   /mpsis/L3/cbc/Clp/src/libClpSolver.la /mpsis/L3/cbc/Clp/src/libClp.la   /mpsis/L3/cbc/Osi/src/Osi/libOsi.la   /mpsis/L3/cbc/CoinUtils/src/libCoinUtils.la   /mpsis/L3/cbc/ThirdParty/Glpk/libcoinglpk.la    '
CBCLIB_LIBS='-lpthread -lrt  /mpsis/L3/cbc/Clp/src/OsiClp/libOsiClp.la   /mpsis/L3/cbc/Clp/src/libClpSolver.la /mpsis/L3/cbc/Clp/src/libClp.la   /mpsis/L3/cbc/Osi/src/Osi/libOsi.la   /mpsis/L3/cbc/CoinUtils/src/libCoinUtils.la -lm   /mpsis/L3/cbc/ThirdParty/Glpk/libcoinglpk.la -ldl -lm    /mpsis/L3/cbc/Cgl/src/libCgl.la   /mpsis/L3/cbc/Clp/src/OsiClp/libOsiClp.la   /mpsis/L3/cbc/Clp/src/libClpSolver.la /mpsis/L3/cbc/Clp/src/libClp.la   /mpsis/L3/cbc/Osi/src/Osi/libOsi.la   /mpsis/L3/cbc/CoinUtils/src/libCoinUtils.la -lm   /mpsis/L3/cbc/ThirdParty/Glpk/libcoinglpk.la -ldl -lm   '
CBCLIB_LIBS_INSTALLED=' -L/usr/local/lib -lOsiClp   -L/usr/local/lib -lClpSolver -lClp   -L/usr/local/lib -lOsi   -L/usr/local/lib -lCoinUtils -lm   -L/usr/local/lib -lcoinglpk -ldl -lm    -L/usr/local/lib -lCgl   -L/usr/local/lib -lOsiClp   -L/usr/local/lib -lClpSolver -lClp   -L/usr/local/lib -lOsi   -L/usr/local/lib -lCoinUtils -lm   -L/usr/local/lib -lcoinglpk -ldl -lm   '
CBCLIB_PCLIBS='-lpthread -lrt '
CBCLIB_PCREQUIRES='osi-clp cgl osi coinutils '
CBC_BUILD_CBC_GENERIC_FALSE=''
CBC_BUILD_CBC_GENERIC_TRUE='#'
CBC_SVN_REV='2433'
CC='gcc'
CCDEPMODE='depmode=gcc3'
CDEFS=''
CFLAGS='-m64 -O3   -DCBC_BUILD'
CLP_CFLAGS=' -I/mpsis/L3/cbc/Clp/src/OsiClp  -I/mpsis/L3/cbc/Clp/src -I/mpsis/L3/cbc/Clp/src  -I/mpsis/L3/cbc/Osi/src/Osi -I/mpsis/L3/cbc/Osi/src/Osi  -I/mpsis/L3/cbc/CoinUtils/src -I/mpsis/L3/cbc/CoinUtils/src  -I/mpsis/L3/cbc/ThirdParty/Glpk -I/mpsis/L3/cbc/ThirdParty/Glpk/glpk/src -I/mpsis/L3/cbc/ThirdParty/Glpk/glpk/src/amd '
CLP_CFLAGS_INSTALLED=' -I/usr/local/include/coin  -I/usr/local/include/coin  -I/usr/local/include/coin  -I/usr/local/include/coin  -I/usr/local/include/coin/ThirdParty '
CLP_DATA=''
CLP_DATA_INSTALLED=''
CLP_DEPENDENCIES='  /mpsis/L3/cbc/Clp/src/OsiClp/libOsiClp.la   /mpsis/L3/cbc/Clp/src/libClpSolver.la /mpsis/L3/cbc/Clp/src/libClp.la   /mpsis/L3/cbc/Osi/src/Osi/libOsi.la   /mpsis/L3/cbc/CoinUtils/src/libCoinUtils.la   /mpsis/L3/cbc/ThirdParty/Glpk/libcoinglpk.la  '
CLP_LIBS=' /mpsis/L3/cbc/Clp/src/OsiClp/libOsiClp.la   /mpsis/L3/cbc/Clp/src/libClpSolver.la /mpsis/L3/cbc/Clp/src/libClp.la   /mpsis/L3/cbc/Osi/src/Osi/libOsi.la   /mpsis/L3/cbc/CoinUtils/src/libCoinUtils.la -lm   /mpsis/L3/cbc/ThirdParty/Glpk/libcoinglpk.la -ldl -lm  '
CLP_LIBS_INSTALLED=' -L/usr/local/lib -lOsiClp   -L/usr/local/lib -lClpSolver -lClp   -L/usr/local/lib -lOsi   -L/usr/local/lib -lCoinUtils -lm   -L/usr/local/lib -lcoinglpk -ldl -lm  '
COINDEPEND_CFLAGS=' -I/mpsis/L3/cbc/Cgl/src -I/mpsis/L3/cbc/Cgl/src/CglAllDifferent -I/mpsis/L3/cbc/Cgl/src/CglClique -I/mpsis/L3/cbc/Cgl/src/CglDuplicateRow -I/mpsis/L3/cbc/Cgl/src/CglFlowCover -I/mpsis/L3/cbc/Cgl/src/CglGMI -I/mpsis/L3/cbc/Cgl/src/CglGomory -I/mpsis/L3/cbc/Cgl/src/CglKnapsackCover -I/mpsis/L3/cbc/Cgl/src/CglLandP -I/mpsis/L3/cbc/Cgl/src/CglLiftAndProject -I/mpsis/L3/cbc/Cgl/src/CglMixedIntegerRounding -I/mpsis/L3/cbc/Cgl/src/CglMixedIntegerRounding2 -I/mpsis/L3/cbc/Cgl/src/CglOddHole -I/mpsis/L3/cbc/Cgl/src/CglPreProcess -I/mpsis/L3/cbc/Cgl/src/CglProbing -I/mpsis/L3/cbc/Cgl/src/CglRedSplit -I/mpsis/L3/cbc/Cgl/src/CglRedSplit2 -I/mpsis/L3/cbc/Cgl/src/CglResidualCapacity -I/mpsis/L3/cbc/Cgl/src/CglSimpleRounding -I/mpsis/L3/cbc/Cgl/src/CglTwomir -I/mpsis/L3/cbc/Cgl/src/CglZeroHalf -I/mpsis/L3/cbc/Cgl/src  -I/mpsis/L3/cbc/Clp/src/OsiClp  -I/mpsis/L3/cbc/Clp/src -I/mpsis/L3/cbc/Clp/src  -I/mpsis/L3/cbc/Osi/src/Osi -I/mpsis/L3/cbc/Osi/src/Osi  -I/mpsis/L3/cbc/CoinUtils/src -I/mpsis/L3/cbc/CoinUtils/src  -I/mpsis/L3/cbc/ThirdParty/Glpk -I/mpsis/L3/cbc/ThirdParty/Glpk/glpk/src -I/mpsis/L3/cbc/ThirdParty/Glpk/glpk/src/amd '
COINDEPEND_CFLAGS_INSTALLED=' -I/usr/local/include/coin  -I/usr/local/include/coin  -I/usr/local/include/coin  -I/usr/local/include/coin  -I/usr/local/include/coin  -I/usr/local/include/coin/ThirdParty '
COINDEPEND_DATA=''
COINDEPEND_DATA_INSTALLED=''
COINDEPEND_DEPENDENCIES='  /mpsis/L3/cbc/Cgl/src/libCgl.la   /mpsis/L3/cbc/Clp/src/OsiClp/libOsiClp.la   /mpsis/L3/cbc/Clp/src/libClpSolver.la /mpsis/L3/cbc/Clp/src/libClp.la   /mpsis/L3/cbc/Osi/src/Osi/libOsi.la   /mpsis/L3/cbc/CoinUtils/src/libCoinUtils.la   /mpsis/L3/cbc/ThirdParty/Glpk/libcoinglpk.la  '
COINDEPEND_LIBS=' /mpsis/L3/cbc/Cgl/src/libCgl.la   /mpsis/L3/cbc/Clp/src/OsiClp/libOsiClp.la   /mpsis/L3/cbc/Clp/src/libClpSolver.la /mpsis/L3/cbc/Clp/src/libClp.la   /mpsis/L3/cbc/Osi/src/Osi/libOsi.la   /mpsis/L3/cbc/CoinUtils/src/libCoinUtils.la -lm   /mpsis/L3/cbc/ThirdParty/Glpk/libcoinglpk.la -ldl -lm  '
COINDEPEND_LIBS_INSTALLED=' -L/usr/local/lib -lCgl   -L/usr/local/lib -lOsiClp   -L/usr/local/lib -lClpSolver -lClp   -L/usr/local/lib -lOsi   -L/usr/local/lib -lCoinUtils -lm   -L/usr/local/lib -lcoinglpk -ldl -lm  '
COIN_CC_IS_CL_FALSE=''
COIN_CC_IS_CL_TRUE='#'
COIN_CXX_IS_CL_FALSE=''
COIN_CXX_IS_CL_TRUE='#'
COIN_HAS_ASL_FALSE=''
COIN_HAS_ASL_TRUE='#'
COIN_HAS_CLP_FALSE='#'
COIN_HAS_CLP_TRUE=''
COIN_HAS_COINDEPEND_FALSE='#'
COIN_HAS_COINDEPEND_TRUE=''
COIN_HAS_CPX_FALSE=''
COIN_HAS_CPX_TRUE='#'
COIN_HAS_DOXYGEN_FALSE=''
COIN_HAS_DOXYGEN_TRUE='#'
COIN_HAS_DYLP_FALSE=''
COIN_HAS_DYLP_TRUE='#'
COIN_HAS_GLPK_FALSE='#'
COIN_HAS_GLPK_TRUE=''
COIN_HAS_GRB_FALSE=''
COIN_HAS_GRB_TRUE='#'
COIN_HAS_LATEX_FALSE=''
COIN_HAS_LATEX_TRUE='#'
COIN_HAS_MIPLIB3_FALSE='#'
COIN_HAS_MIPLIB3_TRUE=''
COIN_HAS_MSK_FALSE=''
COIN_HAS_MSK_TRUE='#'
COIN_HAS_NETLIB_FALSE=''
COIN_HAS_NETLIB_TRUE='#'
COIN_HAS_NTY_FALSE=''
COIN_HAS_NTY_TRUE='#'
COIN_HAS_OSITESTS_FALSE='#'
COIN_HAS_OSITESTS_TRUE=''
COIN_HAS_PKGCONFIG_FALSE=''
COIN_HAS_PKGCONFIG_TRUE='#'
COIN_HAS_SAMPLE_FALSE='#'
COIN_HAS_SAMPLE_TRUE=''
COIN_HAS_SPX_FALSE=''
COIN_HAS_SPX_TRUE='#'
COIN_HAS_VOL_FALSE=''
COIN_HAS_VOL_TRUE='#'
COIN_HAS_XPR_FALSE=''
COIN_HAS_XPR_TRUE='#'
COIN_PKG_CONFIG_PATH='/usr/local/lib64/pkgconfig:/usr/local/lib/pkgconfig:/usr/local/share/pkgconfig:'
COIN_PKG_CONFIG_PATH_UNINSTALLED='/mpsis/L3/cbc/Cbc:/mpsis/L3/cbc/Cgl:/mpsis/L3/cbc/Clp:/mpsis/L3/cbc/Osi:/mpsis/L3/cbc/CoinUtils:/mpsis/L3/cbc/Data/miplib3:/mpsis/L3/cbc/Data/Sample:/mpsis/L3/cbc/ThirdParty/Glpk:'
CPP='gcc -E'
CPPFLAGS=''
CPX_CFLAGS=''
CPX_CFLAGS_INSTALLED=''
CPX_DATA=''
CPX_DATA_INSTALLED=''
CPX_DEPENDENCIES=''
CPX_LIBS=''
CPX_LIBS_INSTALLED=''
CXX='g++'
CXXCPP='g++ -E'
CXXDEFS=''
CXXDEPMODE='depmode=gcc3'
CXXFLAGS='-g -O0 -pipe -Wparentheses -Wreturn-type -Wcast-qual -Wall -Wpointer-arith -Wwrite-strings -Wconversion -Wno-unknown-pragmas -Wno-long-long   -DCBC_BUILD'
CYGPATH_W='echo'
DBG_CFLAGS='-m64 -O3  '
DBG_CXXFLAGS='-g -O0 -pipe -Wparentheses -Wreturn-type -Wcast-qual -Wall -Wpointer-arith -Wwrite-strings -Wconversion -Wno-unknown-pragmas -Wno-long-long  '
DEFS='-DHAVE_CONFIG_H'
DEPDIR='.deps'
DEPENDENCY_LINKING_FALSE='#'
DEPENDENCY_LINKING_TRUE=''
DYLP_CFLAGS=''
DYLP_CFLAGS_INSTALLED=''
DYLP_DATA=''
DYLP_DATA_INSTALLED=''
DYLP_DEPENDENCIES=''
DYLP_LIBS=''
DYLP_LIBS_INSTALLED=''
ECHO='echo'
ECHO_C=''
ECHO_N='-n'
ECHO_T=''
EGREP='grep -E'
EXEEXT=''
F77=''
FFLAGS=''
GLPK_CFLAGS=' -I/mpsis/L3/cbc/Osi/src/OsiGlpk  -I/mpsis/L3/cbc/Osi/src/Osi -I/mpsis/L3/cbc/Osi/src/Osi  -I/mpsis/L3/cbc/CoinUtils/src -I/mpsis/L3/cbc/CoinUtils/src  -I/mpsis/L3/cbc/ThirdParty/Glpk -I/mpsis/L3/cbc/ThirdParty/Glpk/glpk/src -I/mpsis/L3/cbc/ThirdParty/Glpk/glpk/src/amd '
GLPK_CFLAGS_INSTALLED=' -I/usr/local/include/coin  -I/usr/local/include/coin  -I/usr/local/include/coin  -I/usr/local/include/coin/ThirdParty '
GLPK_DATA=''
GLPK_DATA_INSTALLED=''
GLPK_DEPENDENCIES='  /mpsis/L3/cbc/Osi/src/OsiGlpk/libOsiGlpk.la   /mpsis/L3/cbc/Osi/src/Osi/libOsi.la   /mpsis/L3/cbc/CoinUtils/src/libCoinUtils.la   /mpsis/L3/cbc/ThirdParty/Glpk/libcoinglpk.la  '
GLPK_LIBS=' /mpsis/L3/cbc/Osi/src/OsiGlpk/libOsiGlpk.la   /mpsis/L3/cbc/Osi/src/Osi/libOsi.la   /mpsis/L3/cbc/CoinUtils/src/libCoinUtils.la -lm   /mpsis/L3/cbc/ThirdParty/Glpk/libcoinglpk.la -ldl -lm  '
GLPK_LIBS_INSTALLED=' -L/usr/local/lib -lOsiGlpk   -L/usr/local/lib -lOsi   -L/usr/local/lib -lCoinUtils -lm   -L/usr/local/lib -lcoinglpk -ldl -lm  '
GRB_CFLAGS=''
GRB_CFLAGS_INSTALLED=''
GRB_DATA=''
GRB_DATA_INSTALLED=''
GRB_DEPENDENCIES=''
GRB_LIBS=''
GRB_LIBS_INSTALLED=''
HAVE_EXTERNALS_FALSE=''
HAVE_EXTERNALS_TRUE='#'
INSTALL_DATA='${INSTALL} -m 644'
INSTALL_PROGRAM='${INSTALL}'
INSTALL_SCRIPT='${INSTALL}'
INSTALL_STRIP_PROGRAM='${SHELL} $(install_sh) -c -s'
LDFLAGS=''
LIBEXT='a'
LIBOBJS=''
LIBS=''
LIBTOOL='$(SHELL) $(top_builddir)/../libtool'
LIBTOOLM4=''
LN_S='ln -s'
LTLIBOBJS=''
LT_LDFLAGS='-no-undefined -version-info 12:9:9'
MAINT='#'
MAINTAINER_MODE_FALSE=''
MAINTAINER_MODE_TRUE='#'
MAKEINFO='${SHELL} /mpsis/L3/cbc/Cbc/missing --run makeinfo'
MIPLIB3_CFLAGS=' '
MIPLIB3_CFLAGS_INSTALLED=' '
MIPLIB3_DATA='/mpsis/L3/cbc/Data/miplib3'
MIPLIB3_DATA_INSTALLED='/usr/local/share/coin/Data/miplib3'
MIPLIB3_DEPENDENCIES='  '
MIPLIB3_LIBS=' '
MIPLIB3_LIBS_INSTALLED=' '
MPICC=''
MPICXX=''
MSK_CFLAGS=''
MSK_CFLAGS_INSTALLED=''
MSK_DATA=''
MSK_DATA_INSTALLED=''
MSK_DEPENDENCIES=''
MSK_LIBS=''
MSK_LIBS_INSTALLED=''
NETLIB_CFLAGS=''
NETLIB_CFLAGS_INSTALLED=''
NETLIB_DATA=''
NETLIB_DATA_INSTALLED=''
NETLIB_DEPENDENCIES=''
NETLIB_LIBS=''
NETLIB_LIBS_INSTALLED=''
NTYINCDIR=''
NTYLIB=''
OBJEXT='o'
OPT_CFLAGS='-m64 -O3  '
OPT_CXXFLAGS='-O3 -pipe -DNDEBUG -Wparentheses -Wreturn-type -Wcast-qual -Wall -Wpointer-arith -Wwrite-strings -Wconversion -Wno-unknown-pragmas -Wno-long-long  '
OSICBC_DFLT_SOLVER_CLP_FALSE='#'
OSICBC_DFLT_SOLVER_CLP_TRUE=''
OSICBC_DFLT_SOLVER_CPX_FALSE=''
OSICBC_DFLT_SOLVER_CPX_TRUE='#'
OSICBC_DFLT_SOLVER_DYLP_FALSE=''
OSICBC_DFLT_SOLVER_DYLP_TRUE='#'
OSICBC_DFLT_SOLVER_GLPK_FALSE=''
OSICBC_DFLT_SOLVER_GLPK_TRUE='#'
OSICBC_DFLT_SOLVER_GRB_FALSE=''
OSICBC_DFLT_SOLVER_GRB_TRUE='#'
OSICBC_DFLT_SOLVER_MSK_FALSE=''
OSICBC_DFLT_SOLVER_MSK_TRUE='#'
OSICBC_DFLT_SOLVER_SPX_FALSE=''
OSICBC_DFLT_SOLVER_SPX_TRUE='#'
OSICBC_DFLT_SOLVER_SYM_FALSE=''
OSICBC_DFLT_SOLVER_SYM_TRUE='#'
OSICBC_DFLT_SOLVER_VOL_FALSE=''
OSICBC_DFLT_SOLVER_VOL_TRUE='#'
OSICBC_DFLT_SOLVER_XPR_FALSE=''
OSICBC_DFLT_SOLVER_XPR_TRUE='#'
OSITESTS_CFLAGS=' -I/mpsis/L3/cbc/Osi/src/OsiCommonTest  -I/mpsis/L3/cbc/Osi/src/Osi -I/mpsis/L3/cbc/Osi/src/Osi  -I/mpsis/L3/cbc/CoinUtils/src -I/mpsis/L3/cbc/CoinUtils/src  -I/mpsis/L3/cbc/ThirdParty/Glpk -I/mpsis/L3/cbc/ThirdParty/Glpk/glpk/src -I/mpsis/L3/cbc/ThirdParty/Glpk/glpk/src/amd '
OSITESTS_CFLAGS_INSTALLED=' -I/usr/local/include/coin  -I/usr/local/include/coin  -I/usr/local/include/coin  -I/usr/local/include/coin/ThirdParty '
OSITESTS_DATA=''
OSITESTS_DATA_INSTALLED=''
OSITESTS_DEPENDENCIES='  /mpsis/L3/cbc/Osi/src/OsiCommonTest/libOsiCommonTests.la  /mpsis/L3/cbc/Osi/src/Osi/libOsi.la   /mpsis/L3/cbc/CoinUtils/src/libCoinUtils.la   /mpsis/L3/cbc/ThirdParty/Glpk/libcoinglpk.la  '
OSITESTS_LIBS=' /mpsis/L3/cbc/Osi/src/OsiCommonTest/libOsiCommonTests.la  /mpsis/L3/cbc/Osi/src/Osi/libOsi.la   /mpsis/L3/cbc/CoinUtils/src/libCoinUtils.la -lm   /mpsis/L3/cbc/ThirdParty/Glpk/libcoinglpk.la -ldl -lm  '
OSITESTS_LIBS_INSTALLED=' -L/usr/local/lib -lOsiCommonTests  -L/usr/local/lib -lOsi   -L/usr/local/lib -lCoinUtils -lm   -L/usr/local/lib -lcoinglpk -ldl -lm  '
PACKAGE='cbc'
PACKAGE_BUGREPORT='cbc@lists.coin-or.org'
PACKAGE_NAME='Cbc'
PACKAGE_STRING='Cbc 2.9.9'
PACKAGE_TARNAME='cbc'
PACKAGE_VERSION='2.9.9'
PATH_SEPARATOR=':'
PKG_CONFIG=''
RANLIB='ranlib'
RPATH_FLAGS=''
SAMPLE_CFLAGS=' '
SAMPLE_CFLAGS_INSTALLED=' '
SAMPLE_DATA='/mpsis/L3/cbc/Data/Sample'
SAMPLE_DATA_INSTALLED='/usr/local/share/coin/Data/Sample'
SAMPLE_DEPENDENCIES='  '
SAMPLE_LIBS=' '
SAMPLE_LIBS_INSTALLED=' '
SET_MAKE=''
SHELL='/bin/bash'
SPX_CFLAGS=''
SPX_CFLAGS_INSTALLED=''
SPX_DATA=''
SPX_DATA_INSTALLED=''
SPX_DEPENDENCIES=''
SPX_LIBS=''
SPX_LIBS_INSTALLED=''
STRIP='strip'
VERSION='2.9.9'
VOL_CFLAGS=''
VOL_CFLAGS_INSTALLED=''
VOL_DATA=''
VOL_DATA_INSTALLED=''
VOL_DEPENDENCIES=''
VOL_LIBS=''
VOL_LIBS_INSTALLED=''
VPATH_DISTCLEANFILES=''
XPR_CFLAGS=''
XPR_CFLAGS_INSTALLED=''
XPR_DATA=''
XPR_DATA_INSTALLED=''
XPR_DEPENDENCIES=''
XPR_LIBS=''
XPR_LIBS_INSTALLED=''
abs_bin_dir='/usr/local/bin'
abs_include_dir='/usr/local/include'
abs_lib_dir='/usr/local/lib'
abs_source_dir='/mpsis/L3/cbc/Cbc'
ac_c_preproc_warn_flag=''
ac_ct_AR='ar'
ac_ct_CC='gcc'
ac_ct_CXX='g++'
ac_ct_F77=''
ac_ct_PKG_CONFIG=''
ac_ct_RANLIB='ranlib'
ac_ct_STRIP='strip'
ac_cxx_preproc_warn_flag=''
am__fastdepCC_FALSE='#'
am__fastdepCC_TRUE=''
am__fastdepCXX_FALSE='#'
am__fastdepCXX_TRUE=''
am__include='include'
am__leading_dot='.'
am__quote=''
am__tar='${AMTAR} chof - "$$tardir"'
am__untar='${AMTAR} xf -'
bindir='${exec_prefix}/bin'
build='x86_64-unknown-linux-gnu'
build_alias=''
build_cpu='x86_64'
build_os='linux-gnu'
build_vendor='unknown'
coin_doxy_excludes=' */CoinUtils */Osi */Clp */Cgl'
coin_doxy_logname='doxydoc/cbc_doxy.log'
coin_doxy_tagfiles=' ../CoinUtils/doxydoc/coinutils_doxy.tag=../../../CoinUtils/doxydoc/html ../Osi/doxydoc/osi_doxy.tag=../../../Osi/doxydoc/html ../Clp/doxydoc/clp_doxy.tag=../../../Clp/doxydoc/html /usr/local/share/coin/doc/DyLP/doxydoc/dylp_doxy.tag=/usr/local/share/coin/doc/DyLP/doxydoc/html ../Cgl/doxydoc/cgl_doxy.tag=../../../Cgl/doxydoc/html /usr/local/share/coin/doc/Vol/doxydoc/vol_doxy.tag=/usr/local/share/coin/doc/Vol/doxydoc/html'
coin_doxy_tagname='doxydoc/cbc_doxy.tag'
coin_doxy_usedot='NO'
coin_have_doxygen='no'
coin_have_latex='no'
datadir='${prefix}/share'
exec_prefix='${prefix}'
have_autoconf=''
have_automake=''
have_svn=''
have_svnversion='yes'
host='x86_64-unknown-linux-gnu'
host_alias=''
host_cpu='x86_64'
host_os='linux-gnu'
host_vendor='unknown'
includedir='${prefix}/include'
infodir='${prefix}/info'
install_sh='/mpsis/L3/cbc/Cbc/install-sh'
libdir='${exec_prefix}/lib'
libexecdir='${exec_prefix}/libexec'
localstatedir='${prefix}/var'
mandir='${prefix}/man'
mkdir_p='mkdir -p --'
oldincludedir='/usr/include'
prefix='/usr/local'
program_transform_name='s,x,x,'
sbindir='${exec_prefix}/sbin'
sharedstatedir='${prefix}/com'
sol_cc_compiler=''
sysconfdir='${prefix}/etc'
target_alias=''

## ----------- ##
## confdefs.h. ##
## ----------- ##

#define CBC_DEFAULT_SOLVER "clp"
#define CBC_SVN_REV 2433
#define CBC_THREAD 1
#define CBC_VERSION "2.9.9"
#define CBC_VERSION_MAJOR 2
#define CBC_VERSION_MINOR 9
#define CBC_VERSION_RELEASE 9
#define COIN_CBC_CHECKLEVEL 0
#define COIN_CBC_VERBOSITY 0
#define COIN_HAS_CLP 1
#define COIN_HAS_CLP 1
#define COIN_HAS_COINDEPEND 1
#define COIN_HAS_COINDEPEND 1
#define COIN_HAS_GLPK 1
#define COIN_HAS_GLPK 1
#define COIN_HAS_MIPLIB3 1
#define COIN_HAS_MIPLIB3 1
#define COIN_HAS_OSITESTS 1
#define COIN_HAS_OSITESTS 1
#define COIN_HAS_SAMPLE 1
#define COIN_HAS_SAMPLE 1
#define HAVE_CFLOAT 1
#define HAVE_CLOCK_GETTIME 1
#define HAVE_CMATH 1
#define HAVE_DLFCN_H 1
#define HAVE_INTTYPES_H 1
#define HAVE_MEMORY_H 1
#define HAVE_STDINT_H 1
#define HAVE_STDLIB_H 1
#define HAVE_STRINGS_H 1
#define HAVE_STRING_H 1
#define HAVE_SYS_STAT_H 1
#define HAVE_SYS_TYPES_H 1
#define HAVE_UNISTD_H 1
#define OSICBC_DFLT_SOLVER OsiClpSolverInterface
#define OSICBC_DFLT_SOLVER_CLP 1
#define OSICBC_DFLT_SOLVER_HPP "OsiClpSolverInterface.hpp"
#define PACKAGE "cbc"
#define PACKAGE_BUGREPORT "cbc@lists.coin-or.org"
#define PACKAGE_NAME "Cbc"
#define PACKAGE_STRING "Cbc 2.9.9"
#define PACKAGE_TARNAME "cbc"
#define PACKAGE_VERSION "2.9.9"
#define STDC_HEADERS 1
#define VERSION "2.9.9"
#endif
#ifdef __cplusplus
extern "C" void std::exit (int) throw (); using std::exit;

configure: exit 0
