This file contains any messages produced by compilers while
running configure, to aid debugging if configure makes a mistake.

It was created by Osi configure 0.107.9, which was
generated by GNU Autoconf 2.59.  Invocation command line was

  $ ./configure --prefix=/usr/local CFLAGS=-m64 -O3 --enable-gnu-packages --enable-cbc-parallel --enable-debug -C --prefix=/usr/local --cache-file=../config.cache --srcdir=.

## --------- ##
## Platform. ##
## --------- ##

hostname = 632afffc1852
uname -m = x86_64
uname -r = 4.15.0-39-generic
uname -s = Linux
uname -v = #42-Ubuntu SMP Tue Oct 23 15:48:01 UTC 2018

/usr/bin/uname -p = unknown
/bin/uname -X     = unknown

/bin/arch              = unknown
/usr/bin/arch -k       = unknown
/usr/convex/getsysinfo = unknown
hostinfo               = unknown
/bin/machine           = unknown
/usr/bin/oslevel       = unknown
/bin/universe          = unknown

PATH: /usr/local/sbin
PATH: /usr/local/bin
PATH: /usr/sbin
PATH: /usr/bin
PATH: /sbin
PATH: /bin


## ----------- ##
## Core tests. ##
## ----------- ##

configure:1542: loading cache ../config.cache
configure:1687: checking build system type
configure:1705: result: x86_64-unknown-linux-gnu
configure:1775: checking for svnversion
configure:1802: result: yes
configure:1832: checking whether we want to compile in debug mode
configure:1875: result: yes
configure:2128: checking for gcc
configure:2154: result: gcc
configure:2175: checking for C compiler version
configure:2178: gcc --version </dev/null >&5
gcc (Ubuntu 7.3.0-27ubuntu1~18.04) 7.3.0
Copyright (C) 2017 Free Software Foundation, Inc.
This is free software; see the source for copying conditions.  There is NO
warranty; not even for MERCHANTABILITY or FITNESS FOR A PARTICULAR PURPOSE.

configure:2181: $? = 0
configure:2183: gcc -v </dev/null >&5
Using built-in specs.
COLLECT_GCC=gcc
COLLECT_LTO_WRAPPER=/usr/lib/gcc/x86_64-linux-gnu/7/lto-wrapper
OFFLOAD_TARGET_NAMES=nvptx-none
OFFLOAD_TARGET_DEFAULT=1
Target: x86_64-linux-gnu
Configured with: ../src/configure -v --with-pkgversion='Ubuntu 7.3.0-27ubuntu1~18.04' --with-bugurl=file:///usr/share/doc/gcc-7/README.Bugs --enable-languages=c,ada,c++,go,brig,d,fortran,objc,obj-c++ --prefix=/usr --with-gcc-major-version-only --program-suffix=-7 --program-prefix=x86_64-linux-gnu- --enable-shared --enable-linker-build-id --libexecdir=/usr/lib --without-included-gettext --enable-threads=posix --libdir=/usr/lib --enable-nls --with-sysroot=/ --enable-clocale=gnu --enable-libstdcxx-debug --enable-libstdcxx-time=yes --with-default-libstdcxx-abi=new --enable-gnu-unique-object --disable-vtable-verify --enable-libmpx --enable-plugin --enable-default-pie --with-system-zlib --with-target-system-zlib --enable-objc-gc=auto --enable-multiarch --disable-werror --with-arch-32=i686 --with-abi=m64 --with-multilib-list=m32,m64,mx32 --enable-multilib --with-tune=generic --enable-offload-targets=nvptx-none --without-cuda-driver --enable-checking=release --build=x86_64-linux-gnu --host=x86_64-linux-gnu --target=x86_64-linux-gnu
Thread model: posix
gcc version 7.3.0 (Ubuntu 7.3.0-27ubuntu1~18.04) 
configure:2186: $? = 0
configure:2188: gcc -V </dev/null >&5
gcc: error: unrecognized command line option '-V'
gcc: fatal error: no input files
compilation terminated.
configure:2191: $? = 1
configure:2214: checking for C compiler default output file name
configure:2217: gcc -m64 -O3   conftest.c  >&5
configure:2220: $? = 0
configure:2266: result: a.out
configure:2271: checking whether the C compiler works
configure:2277: ./a.out
configure:2280: $? = 0
configure:2297: result: yes
configure:2304: checking whether we are cross compiling
configure:2306: result: no
configure:2309: checking for suffix of executables
configure:2311: gcc -o conftest -m64 -O3   conftest.c  >&5
configure:2314: $? = 0
configure:2339: result: 
configure:2345: checking for suffix of object files
configure:2391: result: o
configure:2395: checking whether we are using the GNU C compiler
configure:2451: result: yes
configure:2457: checking whether gcc accepts -g
configure:2508: result: yes
configure:2525: checking for gcc option to accept ANSI C
configure:2632: result: none needed
configure:2650: gcc -c -m64 -O3  conftest.c >&5
conftest.c:2:3: error: unknown type name 'choke'
   choke me
   ^~~~~
conftest.c:2:3: error: expected '=', ',', ';', 'asm' or '__attribute__' at end of input
configure:2656: $? = 1
configure: failed program was:
| #ifndef __cplusplus
|   choke me
| #endif
configure:3077: gcc -o conftest -m64 -O3   -DOSI_BUILD   conftest.c  >&5
configure:3083: $? = 0
configure:3087: test -z 
			 || test ! -s conftest.err
configure:3090: $? = 0
configure:3093: test -s conftest
configure:3096: $? = 0
configure:3163: C compiler options are: -m64 -O3   -DOSI_BUILD
configure:3278: checking for g++
configure:3304: result: g++
configure:3320: checking for C++ compiler version
configure:3323: g++ --version </dev/null >&5
g++ (Ubuntu 7.3.0-27ubuntu1~18.04) 7.3.0
Copyright (C) 2017 Free Software Foundation, Inc.
This is free software; see the source for copying conditions.  There is NO
warranty; not even for MERCHANTABILITY or FITNESS FOR A PARTICULAR PURPOSE.

configure:3326: $? = 0
configure:3328: g++ -v </dev/null >&5
Using built-in specs.
COLLECT_GCC=g++
COLLECT_LTO_WRAPPER=/usr/lib/gcc/x86_64-linux-gnu/7/lto-wrapper
OFFLOAD_TARGET_NAMES=nvptx-none
OFFLOAD_TARGET_DEFAULT=1
Target: x86_64-linux-gnu
Configured with: ../src/configure -v --with-pkgversion='Ubuntu 7.3.0-27ubuntu1~18.04' --with-bugurl=file:///usr/share/doc/gcc-7/README.Bugs --enable-languages=c,ada,c++,go,brig,d,fortran,objc,obj-c++ --prefix=/usr --with-gcc-major-version-only --program-suffix=-7 --program-prefix=x86_64-linux-gnu- --enable-shared --enable-linker-build-id --libexecdir=/usr/lib --without-included-gettext --enable-threads=posix --libdir=/usr/lib --enable-nls --with-sysroot=/ --enable-clocale=gnu --enable-libstdcxx-debug --enable-libstdcxx-time=yes --with-default-libstdcxx-abi=new --enable-gnu-unique-object --disable-vtable-verify --enable-libmpx --enable-plugin --enable-default-pie --with-system-zlib --with-target-system-zlib --enable-objc-gc=auto --enable-multiarch --disable-werror --with-arch-32=i686 --with-abi=m64 --with-multilib-list=m32,m64,mx32 --enable-multilib --with-tune=generic --enable-offload-targets=nvptx-none --without-cuda-driver --enable-checking=release --build=x86_64-linux-gnu --host=x86_64-linux-gnu --target=x86_64-linux-gnu
Thread model: posix
gcc version 7.3.0 (Ubuntu 7.3.0-27ubuntu1~18.04) 
configure:3331: $? = 0
configure:3333: g++ -V </dev/null >&5
g++: error: unrecognized command line option '-V'
g++: fatal error: no input files
compilation terminated.
configure:3336: $? = 1
configure:3339: checking whether we are using the GNU C++ compiler
configure:3395: result: yes
configure:3401: checking whether g++ accepts -g
configure:3452: result: yes
configure:3494: g++ -c -g -O2  conftest.cc >&5
configure:3500: $? = 0
configure:3504: test -z 
			 || test ! -s conftest.err
configure:3507: $? = 0
configure:3510: test -s conftest.o
configure:3513: $? = 0
configure:3539: g++ -c -g -O2  conftest.cc >&5
conftest.cc: In function 'int main()':
conftest.cc:20:1: error: 'exit' was not declared in this scope
 exit (42);
 ^~~~
configure:3545: $? = 1
configure: failed program was:
| /* confdefs.h.  */
| 
| #define PACKAGE_NAME "Osi"
| #define PACKAGE_TARNAME "osi"
| #define PACKAGE_VERSION "0.107.9"
| #define PACKAGE_STRING "Osi 0.107.9"
| #define PACKAGE_BUGREPORT "osi@list.coin-or.org"
| #define OSI_VERSION "0.107.9"
| #define OSI_VERSION_MAJOR 0
| #define OSI_VERSION_MINOR 107
| #define OSI_VERSION_RELEASE 9
| #define OSI_SVN_REV 2184
| #define COIN_OSI_VERBOSITY 0
| #define COIN_OSI_CHECKLEVEL 0
| /* end confdefs.h.  */
| 
| int
| main ()
| {
| exit (42);
|   ;
|   return 0;
| }
configure:3494: g++ -c -g -O2  conftest.cc >&5
configure:3500: $? = 0
configure:3504: test -z 
			 || test ! -s conftest.err
configure:3507: $? = 0
configure:3510: test -s conftest.o
configure:3513: $? = 0
configure:3539: g++ -c -g -O2  conftest.cc >&5
configure:3545: $? = 0
configure:3549: test -z 
			 || test ! -s conftest.err
configure:3552: $? = 0
configure:3555: test -s conftest.o
configure:3558: $? = 0
configure:3590: checking whether C++ compiler g++ works
configure:3608: g++ -c -g -O2  conftest.cc >&5
configure:3614: $? = 0
configure:3618: test -z 
			 || test ! -s conftest.err
configure:3621: $? = 0
configure:3624: test -s conftest.o
configure:3627: $? = 0
configure:3629: result: yes
configure:3950: g++ -o conftest -g -O0 -pipe -Wparentheses -Wreturn-type -Wcast-qual -Wall -Wpointer-arith -Wwrite-strings -Wconversion -Wno-unknown-pragmas -Wno-long-long   -DOSI_BUILD   conftest.cc  >&5
configure:3956: $? = 0
configure:3960: test -z 
			 || test ! -s conftest.err
configure:3963: $? = 0
configure:3966: test -s conftest
configure:3969: $? = 0
configure:4036: C++ compiler options are: -g -O0 -pipe -Wparentheses -Wreturn-type -Wcast-qual -Wall -Wpointer-arith -Wwrite-strings -Wconversion -Wno-unknown-pragmas -Wno-long-long   -DOSI_BUILD
configure:4155: checking for egrep
configure:4165: result: grep -E
configure:4170: checking whether ln -s works
configure:4174: result: yes
configure:4195: checking for a BSD-compatible install
configure:4250: result: /usr/bin/install -c
configure:4261: checking whether build environment is sane
configure:4304: result: yes
configure:4369: checking for gawk
configure:4395: result: mawk
configure:4405: checking whether make sets $(MAKE)
configure:4425: result: yes
configure:4455: checking for style of include used by make
configure:4483: result: GNU
configure:4664: checking dependency style of gcc
configure:4754: result: gcc3
configure:4773: checking dependency style of g++
configure:4863: result: gcc3
configure:4881: checking whether to enable maintainer-specific portions of Makefiles
configure:4890: result: no
configure:20388: Using libtool script in directory ..
configure:20487: checking if library version is set
configure:20491: result: 13:9:12
configure:20564: checking for pkg-config
configure:20593: result: no
configure:20704: checking for COIN-OR package CoinUtils
configure:20886: result: skipped check via pkg-config, redirect to fallback
configure:20889: checking for COIN-OR package CoinUtils (fallback)
configure:21085: result: yes
configure:21219: checking for COIN-OR package Glpk
configure:21401: result: skipped check via pkg-config, redirect to fallback
configure:21404: checking for COIN-OR package Glpk (fallback)
configure:21600: result: yes
configure:21729: checking for COIN-OR package SoPlex
configure:21911: result: skipped check via pkg-config, redirect to fallback
configure:21914: checking for COIN-OR package SoPlex (fallback)
configure:21980: result: no, dependency coinsoplex not available
configure:22239: checking for COIN-OR package Sample
configure:22406: result: skipped check via pkg-config, redirect to fallback
configure:22409: checking for COIN-OR package Sample (fallback)
configure:22605: result: yes
configure:22719: checking for COIN-OR package Netlib
configure:22886: result: skipped check via pkg-config, redirect to fallback
configure:22889: checking for COIN-OR package Netlib (fallback)
configure:22955: result: no, dependency coindatanetlib not available
configure:23209: checking if user provides library for Cplex
configure:23254: result: no
configure:23392: checking if user provides library for Mosek
configure:23437: result: no
configure:23575: checking if user provides library for Xpress
configure:23620: result: no
configure:23758: checking if user provides library for Gurobi
configure:23803: result: no
configure:24015: configuring doxygen documentation options
configure:24022: checking for doxygen
configure:24049: result: no
configure:24058: checking for latex
configure:24085: result: no
configure:24113: checking for dot
configure:24140: result: NO
configure:24191: checking for doxygen doc'n for CoinUtils 
configure:24207: result: ../CoinUtils/doxydoc (tag)
configure:24254: checking for cmath
configure:24259: result: yes
configure:24583: checking for cfloat
configure:24588: result: yes
configure:24912: checking for cieeefp
configure:24917: result: no
configure:25070: checking for ieeefp.h
configure:25075: result: no
configure:25276: checking which command should be used to link input files
configure:25284: result: ln -s
configure:25611: creating ./config.status

## ---------------------- ##
## Running config.status. ##
## ---------------------- ##

This file was extended by Osi config.status 0.107.9, which was
generated by GNU Autoconf 2.59.  Invocation command line was

  CONFIG_FILES    = 
  CONFIG_HEADERS  = 
  CONFIG_LINKS    = 
  CONFIG_COMMANDS = 
  $ ./config.status 

on 632afffc1852

config.status:888: creating Makefile
config.status:888: creating examples/Makefile
config.status:888: creating src/Osi/Makefile
config.status:888: creating src/OsiCpx/Makefile
config.status:888: creating src/OsiGlpk/Makefile
config.status:888: creating src/OsiMsk/Makefile
config.status:888: creating src/OsiXpr/Makefile
config.status:888: creating src/OsiGrb/Makefile
config.status:888: creating src/OsiSpx/Makefile
config.status:888: creating src/OsiCommonTest/Makefile
config.status:888: creating test/Makefile
config.status:888: creating osi.pc
config.status:888: creating osi-uninstalled.pc
config.status:888: creating osi-unittests.pc
config.status:888: creating osi-unittests-uninstalled.pc
config.status:888: creating osi-glpk.pc
config.status:888: creating osi-glpk-uninstalled.pc
config.status:888: creating doxydoc/doxygen.conf
config.status:992: creating src/Osi/config.h
config.status:992: creating src/Osi/config_osi.h
config.status:1306: executing depfiles commands
configure:27150: In case of trouble, first consult the troubleshooting page at https://projects.coin-or.org/BuildTools/wiki/user-troubleshooting
configure:27153: Configuration of Osi successful

## ---------------- ##
## Cache variables. ##
## ---------------- ##

ac_cv_build=x86_64-unknown-linux-gnu
ac_cv_build_alias=x86_64-unknown-linux-gnu
ac_cv_c_compiler_gnu=yes
ac_cv_cxx_compiler_gnu=yes
ac_cv_env_ADD_CFLAGS_set=
ac_cv_env_ADD_CFLAGS_value=
ac_cv_env_ADD_CXXFLAGS_set=
ac_cv_env_ADD_CXXFLAGS_value=
ac_cv_env_ADD_FFLAGS_set=
ac_cv_env_ADD_FFLAGS_value=
ac_cv_env_CC_set=
ac_cv_env_CC_value=
ac_cv_env_CDEFS_set=
ac_cv_env_CDEFS_value=
ac_cv_env_CFLAGS_set=set
ac_cv_env_CFLAGS_value='-m64 -O3'
ac_cv_env_COIN_SKIP_PROJECTS_set=
ac_cv_env_COIN_SKIP_PROJECTS_value=
ac_cv_env_CPPFLAGS_set=
ac_cv_env_CPPFLAGS_value=
ac_cv_env_CPP_set=
ac_cv_env_CPP_value=
ac_cv_env_CXXCPP_set=
ac_cv_env_CXXCPP_value=
ac_cv_env_CXXDEFS_set=
ac_cv_env_CXXDEFS_value=
ac_cv_env_CXXFLAGS_set=
ac_cv_env_CXXFLAGS_value=
ac_cv_env_CXX_set=
ac_cv_env_CXX_value=
ac_cv_env_DBG_CFLAGS_set=
ac_cv_env_DBG_CFLAGS_value=
ac_cv_env_DBG_CXXFLAGS_set=
ac_cv_env_DBG_CXXFLAGS_value=
ac_cv_env_DBG_FFLAGS_set=
ac_cv_env_DBG_FFLAGS_value=
ac_cv_env_F77_set=
ac_cv_env_F77_value=
ac_cv_env_FFLAGS_set=
ac_cv_env_FFLAGS_value=
ac_cv_env_LDFLAGS_set=
ac_cv_env_LDFLAGS_value=
ac_cv_env_MPICC_set=
ac_cv_env_MPICC_value=
ac_cv_env_MPICXX_set=
ac_cv_env_MPICXX_value=
ac_cv_env_MPIF77_set=
ac_cv_env_MPIF77_value=
ac_cv_env_OPT_CFLAGS_set=
ac_cv_env_OPT_CFLAGS_value=
ac_cv_env_OPT_CXXFLAGS_set=
ac_cv_env_OPT_CXXFLAGS_value=
ac_cv_env_OPT_FFLAGS_set=
ac_cv_env_OPT_FFLAGS_value=
ac_cv_env_PKG_CONFIG_set=
ac_cv_env_PKG_CONFIG_value=
ac_cv_env_build_alias_set=
ac_cv_env_build_alias_value=
ac_cv_env_host_alias_set=
ac_cv_env_host_alias_value=
ac_cv_env_target_alias_set=
ac_cv_env_target_alias_value=
ac_cv_exeext=
ac_cv_func_vsnprintf=yes
ac_cv_have_decl_finite=yes
ac_cv_have_decl_isfinite=no
ac_cv_have_decl_isnan=no
ac_cv_have_decl_std__isnan_42_42_=yes
ac_cv_header_bzlib_h=no
ac_cv_header_cfloat=yes
ac_cv_header_cieeefp=no
ac_cv_header_cinttypes=yes
ac_cv_header_cmath=yes
ac_cv_header_cstdint=yes
ac_cv_header_dlfcn_h=yes
ac_cv_header_endian_h=yes
ac_cv_header_gmp_h=no
ac_cv_header_ieeefp_h=no
ac_cv_header_inttypes_h=yes
ac_cv_header_memory_h=yes
ac_cv_header_mysql_h=no
ac_cv_header_mysql_mysql_h=no
ac_cv_header_readline_readline_h=no
ac_cv_header_sql_h=no
ac_cv_header_stdc=yes
ac_cv_header_stdint_h=yes
ac_cv_header_stdlib_h=yes
ac_cv_header_string_h=yes
ac_cv_header_strings_h=yes
ac_cv_header_sys_stat_h=yes
ac_cv_header_sys_types_h=yes
ac_cv_header_unistd_h=yes
ac_cv_header_windows_h=no
ac_cv_header_zlib_h=no
ac_cv_host=x86_64-unknown-linux-gnu
ac_cv_host_alias=x86_64-unknown-linux-gnu
ac_cv_lib_dl_dlopen=yes
ac_cv_objext=o
ac_cv_path_install='/usr/bin/install -c'
ac_cv_prog_AWK=mawk
ac_cv_prog_CPP='gcc -E'
ac_cv_prog_CXXCPP='g++ -E'
ac_cv_prog_ac_ct_AR=ar
ac_cv_prog_ac_ct_CC=gcc
ac_cv_prog_ac_ct_CXX=g++
ac_cv_prog_ac_ct_RANLIB=ranlib
ac_cv_prog_ac_ct_STRIP=strip
ac_cv_prog_cc_g=yes
ac_cv_prog_cc_stdc=
ac_cv_prog_coin_doxy_usedot=NO
ac_cv_prog_coin_have_doxygen=no
ac_cv_prog_coin_have_latex=no
ac_cv_prog_cxx_g=yes
ac_cv_prog_egrep='grep -E'
ac_cv_prog_have_svnversion=yes
ac_cv_prog_make_make_set=yes
ac_cv_type_int64_t=yes
ac_cv_type_intptr_t=yes
am_cv_CC_dependencies_compiler_type=gcc3
am_cv_CXX_dependencies_compiler_type=gcc3
lt_cv_deplibs_check_method=pass_all
lt_cv_file_magic_cmd='$MAGIC_CMD'
lt_cv_file_magic_test_file=
lt_cv_ld_reload_flag=-r
lt_cv_objdir=.libs
lt_cv_path_LD=/usr/bin/ld
lt_cv_path_LDCXX=/usr/bin/ld
lt_cv_path_NM='/usr/bin/nm -B'
lt_cv_path_SED=/bin/sed
lt_cv_prog_compiler_c_o=yes
lt_cv_prog_compiler_c_o_CXX=yes
lt_cv_prog_compiler_c_o_F77=no
lt_cv_prog_compiler_rtti_exceptions=no
lt_cv_prog_gnu_ld=yes
lt_cv_prog_gnu_ldcxx=yes
lt_cv_sys_global_symbol_pipe='sed -n -e '\''s/^.*[ 	]\([ABCDGIRSTW][ABCDGIRSTW]*\)[ 	][ 	]*\([_A-Za-z][_A-Za-z0-9]*\)$/\1 \2 \2/p'\'''
lt_cv_sys_global_symbol_to_c_name_address='sed -n -e '\''s/^: \([^ ]*\) $/  {\"\1\", (lt_ptr) 0},/p'\'' -e '\''s/^[BCDEGRST] \([^ ]*\) \([^ ]*\)$/  {"\2", (lt_ptr) \&\2},/p'\'''
lt_cv_sys_global_symbol_to_cdecl='sed -n -e '\''s/^. .* \(.*\)$/extern int \1;/p'\'''
lt_cv_sys_max_cmd_len=32768
lt_lt_cv_prog_compiler_c_o='"yes"'
lt_lt_cv_prog_compiler_c_o_CXX='"yes"'
lt_lt_cv_prog_compiler_c_o_F77='"no"'
lt_lt_cv_sys_global_symbol_pipe='"sed -n -e '\''s/^.*[ 	]\\([ABCDGIRSTW][ABCDGIRSTW]*\\)[ 	][ 	]*\\([_A-Za-z][_A-Za-z0-9]*\\)\$/\\1 \\2 \\2/p'\''"'
lt_lt_cv_sys_global_symbol_to_c_name_address='"sed -n -e '\''s/^: \\([^ ]*\\) \$/  {\\\"\\1\\\", (lt_ptr) 0},/p'\'' -e '\''s/^[BCDEGRST] \\([^ ]*\\) \\([^ ]*\\)\$/  {\"\\2\", (lt_ptr) \\&\\2},/p'\''"'
lt_lt_cv_sys_global_symbol_to_cdecl='"sed -n -e '\''s/^. .* \\(.*\\)\$/extern int \\1;/p'\''"'

## ----------------- ##
## Output variables. ##
## ----------------- ##

ABSBUILDDIR='/mpsis/L3/cbc/Osi'
ACLOCAL='${SHELL} /mpsis/L3/cbc/Osi/missing --run aclocal-1.9'
ADD_CFLAGS=''
ADD_CXXFLAGS=''
ALWAYS_FALSE_FALSE=''
ALWAYS_FALSE_TRUE='#'
AMDEPBACKSLASH='\'
AMDEP_FALSE='#'
AMDEP_TRUE=''
AMTAR='${SHELL} /mpsis/L3/cbc/Osi/missing --run tar'
AR='ar'
AUTOCONF='${SHELL} /mpsis/L3/cbc/Osi/missing --run autoconf'
AUTOHEADER='${SHELL} /mpsis/L3/cbc/Osi/missing --run autoheader'
AUTOMAKE='${SHELL} /mpsis/L3/cbc/Osi/missing --run automake-1.9'
AUX_DIR=''
AWK='mawk'
BUILDTOOLSDIR=''
CC='gcc'
CCDEPMODE='depmode=gcc3'
CDEFS=''
CFLAGS='-m64 -O3   -DOSI_BUILD'
COINUTILS_CFLAGS=' -I/mpsis/L3/cbc/CoinUtils/src -I/mpsis/L3/cbc/CoinUtils/src  -I/mpsis/L3/cbc/ThirdParty/Glpk -I/mpsis/L3/cbc/ThirdParty/Glpk/glpk/src -I/mpsis/L3/cbc/ThirdParty/Glpk/glpk/src/amd '
COINUTILS_CFLAGS_INSTALLED=' -I/usr/local/include/coin  -I/usr/local/include/coin/ThirdParty '
COINUTILS_DATA=''
COINUTILS_DATA_INSTALLED=''
COINUTILS_DEPENDENCIES='  /mpsis/L3/cbc/CoinUtils/src/libCoinUtils.la   /mpsis/L3/cbc/ThirdParty/Glpk/libcoinglpk.la  '
COINUTILS_LIBS=' /mpsis/L3/cbc/CoinUtils/src/libCoinUtils.la -lm   /mpsis/L3/cbc/ThirdParty/Glpk/libcoinglpk.la -ldl -lm  '
COINUTILS_LIBS_INSTALLED=' -L/usr/local/lib -lCoinUtils -lm   -L/usr/local/lib -lcoinglpk -ldl -lm  '
COIN_CC_IS_CL_FALSE=''
COIN_CC_IS_CL_TRUE='#'
COIN_CXX_IS_CL_FALSE=''
COIN_CXX_IS_CL_TRUE='#'
COIN_HAS_COINUTILS_FALSE='#'
COIN_HAS_COINUTILS_TRUE=''
COIN_HAS_CPX_FALSE=''
COIN_HAS_CPX_TRUE='#'
COIN_HAS_DOXYGEN_FALSE=''
COIN_HAS_DOXYGEN_TRUE='#'
COIN_HAS_GLPK_FALSE='#'
COIN_HAS_GLPK_TRUE=''
COIN_HAS_GRB_FALSE=''
COIN_HAS_GRB_TRUE='#'
COIN_HAS_LATEX_FALSE=''
COIN_HAS_LATEX_TRUE='#'
COIN_HAS_MSK_FALSE=''
COIN_HAS_MSK_TRUE='#'
COIN_HAS_NETLIB_FALSE=''
COIN_HAS_NETLIB_TRUE='#'
COIN_HAS_PKGCONFIG_FALSE=''
COIN_HAS_PKGCONFIG_TRUE='#'
COIN_HAS_SAMPLE_FALSE='#'
COIN_HAS_SAMPLE_TRUE=''
COIN_HAS_SOPLEX_FALSE=''
COIN_HAS_SOPLEX_TRUE='#'
COIN_HAS_XPR_FALSE=''
COIN_HAS_XPR_TRUE='#'
COIN_PKG_CONFIG_PATH='/usr/local/lib64/pkgconfig:/usr/local/lib/pkgconfig:/usr/local/share/pkgconfig:'
COIN_PKG_CONFIG_PATH_UNINSTALLED='/mpsis/L3/cbc/Cbc:/mpsis/L3/cbc/Cgl:/mpsis/L3/cbc/Clp:/mpsis/L3/cbc/Osi:/mpsis/L3/cbc/CoinUtils:/mpsis/L3/cbc/Data/miplib3:/mpsis/L3/cbc/Data/Sample:/mpsis/L3/cbc/ThirdParty/Glpk:'
CPP='gcc -E'
CPPFLAGS=''
CPXINCDIR=''
CPXLIB=''
CXX='g++'
CXXCPP='g++ -E'
CXXDEFS=''
CXXDEPMODE='depmode=gcc3'
CXXFLAGS='-g -O0 -pipe -Wparentheses -Wreturn-type -Wcast-qual -Wall -Wpointer-arith -Wwrite-strings -Wconversion -Wno-unknown-pragmas -Wno-long-long   -DOSI_BUILD'
CYGPATH_W='echo'
DBG_CFLAGS='-m64 -O3  '
DBG_CXXFLAGS='-g -O0 -pipe -Wparentheses -Wreturn-type -Wcast-qual -Wall -Wpointer-arith -Wwrite-strings -Wconversion -Wno-unknown-pragmas -Wno-long-long  '
DEFS='-DHAVE_CONFIG_H'
DEPDIR='.deps'
DEPENDENCY_LINKING_FALSE='#'
DEPENDENCY_LINKING_TRUE=''
ECHO='echo'
ECHO_C=''
ECHO_N='-n'
ECHO_T=''
EGREP='grep -E'
EXEEXT=''
F77=''
FFLAGS=''
GLPK_CFLAGS=' -I/mpsis/L3/cbc/ThirdParty/Glpk -I/mpsis/L3/cbc/ThirdParty/Glpk/glpk/src -I/mpsis/L3/cbc/ThirdParty/Glpk/glpk/src/amd '
GLPK_CFLAGS_INSTALLED=' -I/usr/local/include/coin/ThirdParty '
GLPK_DATA=''
GLPK_DATA_INSTALLED=''
GLPK_DEPENDENCIES='  /mpsis/L3/cbc/ThirdParty/Glpk/libcoinglpk.la  '
GLPK_LIBS=' /mpsis/L3/cbc/ThirdParty/Glpk/libcoinglpk.la -ldl -lm  '
GLPK_LIBS_INSTALLED=' -L/usr/local/lib -lcoinglpk -ldl -lm  '
GRBINCDIR=''
GRBLIB=''
HAVE_EXTERNALS_FALSE=''
HAVE_EXTERNALS_TRUE='#'
INSTALL_DATA='${INSTALL} -m 644'
INSTALL_PROGRAM='${INSTALL}'
INSTALL_SCRIPT='${INSTALL}'
INSTALL_STRIP_PROGRAM='${SHELL} $(install_sh) -c -s'
LDFLAGS=''
LIBEXT='a'
LIBOBJS=''
LIBS=''
LIBTOOL='$(SHELL) $(top_builddir)/../libtool'
LIBTOOLM4=''
LN_S='ln -s'
LTLIBOBJS=''
LT_LDFLAGS='-no-undefined -version-info 13:9:12'
MAINT='#'
MAINTAINER_MODE_FALSE=''
MAINTAINER_MODE_TRUE='#'
MAKEINFO='${SHELL} /mpsis/L3/cbc/Osi/missing --run makeinfo'
MPICC=''
MPICXX=''
MSKINCDIR=''
MSKLIB=''
NETLIB_CFLAGS=''
NETLIB_CFLAGS_INSTALLED=''
NETLIB_DATA=''
NETLIB_DATA_INSTALLED=''
NETLIB_DEPENDENCIES=''
NETLIB_LIBS=''
NETLIB_LIBS_INSTALLED=''
OBJEXT='o'
OPT_CFLAGS='-m64 -O3  '
OPT_CXXFLAGS='-O3 -pipe -DNDEBUG -Wparentheses -Wreturn-type -Wcast-qual -Wall -Wpointer-arith -Wwrite-strings -Wconversion -Wno-unknown-pragmas -Wno-long-long  '
OSIGLPKLIB_CFLAGS=' -I/mpsis/L3/cbc/ThirdParty/Glpk -I/mpsis/L3/cbc/ThirdParty/Glpk/glpk/src -I/mpsis/L3/cbc/ThirdParty/Glpk/glpk/src/amd  '
OSIGLPKLIB_CFLAGS_INSTALLED=' -I/usr/local/include/coin/ThirdParty  '
OSIGLPKLIB_DEPENDENCIES='  /mpsis/L3/cbc/ThirdParty/Glpk/libcoinglpk.la    '
OSIGLPKLIB_LIBS=' /mpsis/L3/cbc/ThirdParty/Glpk/libcoinglpk.la -ldl -lm   '
OSIGLPKLIB_LIBS_INSTALLED=' -L/usr/local/lib -lcoinglpk -ldl -lm   '
OSIGLPKLIB_PCLIBS=''
OSIGLPKLIB_PCREQUIRES='coinglpk '
OSILIB_CFLAGS=' -I/mpsis/L3/cbc/CoinUtils/src -I/mpsis/L3/cbc/CoinUtils/src  -I/mpsis/L3/cbc/ThirdParty/Glpk -I/mpsis/L3/cbc/ThirdParty/Glpk/glpk/src -I/mpsis/L3/cbc/ThirdParty/Glpk/glpk/src/amd  '
OSILIB_CFLAGS_INSTALLED=' -I/usr/local/include/coin  -I/usr/local/include/coin/ThirdParty  '
OSILIB_DEPENDENCIES='  /mpsis/L3/cbc/CoinUtils/src/libCoinUtils.la   /mpsis/L3/cbc/ThirdParty/Glpk/libcoinglpk.la    '
OSILIB_LIBS=' /mpsis/L3/cbc/CoinUtils/src/libCoinUtils.la -lm   /mpsis/L3/cbc/ThirdParty/Glpk/libcoinglpk.la -ldl -lm   '
OSILIB_LIBS_INSTALLED=' -L/usr/local/lib -lCoinUtils -lm   -L/usr/local/lib -lcoinglpk -ldl -lm   '
OSILIB_PCLIBS=''
OSILIB_PCREQUIRES='coinutils '
OSISPXLIB_CFLAGS=''
OSISPXLIB_CFLAGS_INSTALLED=''
OSISPXLIB_DEPENDENCIES=''
OSISPXLIB_LIBS=''
OSISPXLIB_LIBS_INSTALLED=''
OSISPXLIB_PCLIBS=''
OSISPXLIB_PCREQUIRES=''
OSI_EXAMPLES_SOLVER_CFLAGS=' -I/mpsis/L3/cbc/ThirdParty/Glpk -I/mpsis/L3/cbc/ThirdParty/Glpk/glpk/src -I/mpsis/L3/cbc/ThirdParty/Glpk/glpk/src/amd '
OSI_EXAMPLES_SOLVER_LIBS='-lOsiGlpk  -L/usr/local/lib -lcoinglpk -ldl -lm  '
OSI_EXAMPLES_SOLVER_NAME='OsiGlpkSolverInterface'
OSI_EXAMPLES_SOLVER_PCNAME='osi-glpk'
OSI_SVN_REV='2184'
PACKAGE='osi'
PACKAGE_BUGREPORT='osi@list.coin-or.org'
PACKAGE_NAME='Osi'
PACKAGE_STRING='Osi 0.107.9'
PACKAGE_TARNAME='osi'
PACKAGE_VERSION='0.107.9'
PATH_SEPARATOR=':'
PKG_CONFIG=''
RANLIB='ranlib'
RPATH_FLAGS=''
SAMPLE_CFLAGS=' '
SAMPLE_CFLAGS_INSTALLED=' '
SAMPLE_DATA='/mpsis/L3/cbc/Data/Sample'
SAMPLE_DATA_INSTALLED='/usr/local/share/coin/Data/Sample'
SAMPLE_DEPENDENCIES='  '
SAMPLE_LIBS=' '
SAMPLE_LIBS_INSTALLED=' '
SET_MAKE=''
SHELL='/bin/bash'
SOPLEX_CFLAGS=''
SOPLEX_CFLAGS_INSTALLED=''
SOPLEX_DATA=''
SOPLEX_DATA_INSTALLED=''
SOPLEX_DEPENDENCIES=''
SOPLEX_LIBS=''
SOPLEX_LIBS_INSTALLED=''
STRIP='strip'
VERSION='0.107.9'
VPATH_DISTCLEANFILES=''
XPRINCDIR=''
XPRLIB=''
abs_bin_dir='/usr/local/bin'
abs_include_dir='/usr/local/include'
abs_lib_dir='/usr/local/lib'
abs_source_dir='/mpsis/L3/cbc/Osi'
ac_c_preproc_warn_flag=''
ac_ct_AR='ar'
ac_ct_CC='gcc'
ac_ct_CXX='g++'
ac_ct_F77=''
ac_ct_PKG_CONFIG=''
ac_ct_RANLIB='ranlib'
ac_ct_STRIP='strip'
ac_cxx_preproc_warn_flag=''
am__fastdepCC_FALSE='#'
am__fastdepCC_TRUE=''
am__fastdepCXX_FALSE='#'
am__fastdepCXX_TRUE=''
am__include='include'
am__leading_dot='.'
am__quote=''
am__tar='${AMTAR} chof - "$$tardir"'
am__untar='${AMTAR} xf -'
bindir='${exec_prefix}/bin'
build='x86_64-unknown-linux-gnu'
build_alias=''
build_cpu='x86_64'
build_os='linux-gnu'
build_vendor='unknown'
coin_doxy_excludes=' */CoinUtils'
coin_doxy_logname='doxydoc/osi_doxy.log'
coin_doxy_tagfiles=' ../CoinUtils/doxydoc/coinutils_doxy.tag=../../../CoinUtils/doxydoc/html'
coin_doxy_tagname='doxydoc/osi_doxy.tag'
coin_doxy_usedot='NO'
coin_have_doxygen='no'
coin_have_latex='no'
datadir='${prefix}/share'
exec_prefix='${prefix}'
have_autoconf=''
have_automake=''
have_svn=''
have_svnversion='yes'
host='x86_64-unknown-linux-gnu'
host_alias=''
host_cpu='x86_64'
host_os='linux-gnu'
host_vendor='unknown'
includedir='${prefix}/include'
infodir='${prefix}/info'
install_sh='/mpsis/L3/cbc/Osi/install-sh'
libdir='${exec_prefix}/lib'
libexecdir='${exec_prefix}/libexec'
localstatedir='${prefix}/var'
mandir='${prefix}/man'
mkdir_p='mkdir -p --'
oldincludedir='/usr/include'
prefix='/usr/local'
program_transform_name='s,x,x,'
sbindir='${exec_prefix}/sbin'
sharedstatedir='${prefix}/com'
sol_cc_compiler=''
sysconfdir='${prefix}/etc'
target_alias=''

## ----------- ##
## confdefs.h. ##
## ----------- ##

#define COIN_HAS_COINUTILS 1
#define COIN_HAS_COINUTILS 1
#define COIN_HAS_GLPK 1
#define COIN_HAS_GLPK 1
#define COIN_HAS_SAMPLE 1
#define COIN_HAS_SAMPLE 1
#define COIN_OSI_CHECKLEVEL 0
#define COIN_OSI_VERBOSITY 0
#define GLPK_HAS_INTOPT 1
#define HAVE_CFLOAT 1
#define HAVE_CMATH 1
#define HAVE_DLFCN_H 1
#define HAVE_INTTYPES_H 1
#define HAVE_MEMORY_H 1
#define HAVE_STDINT_H 1
#define HAVE_STDLIB_H 1
#define HAVE_STRINGS_H 1
#define HAVE_STRING_H 1
#define HAVE_SYS_STAT_H 1
#define HAVE_SYS_TYPES_H 1
#define HAVE_UNISTD_H 1
#define OSI_SVN_REV 2184
#define OSI_VERSION "0.107.9"
#define OSI_VERSION_MAJOR 0
#define OSI_VERSION_MINOR 107
#define OSI_VERSION_RELEASE 9
#define PACKAGE "osi"
#define PACKAGE_BUGREPORT "osi@list.coin-or.org"
#define PACKAGE_NAME "Osi"
#define PACKAGE_STRING "Osi 0.107.9"
#define PACKAGE_TARNAME "osi"
#define PACKAGE_VERSION "0.107.9"
#define STDC_HEADERS 1
#define VERSION "0.107.9"
#endif
#ifdef __cplusplus
extern "C" void std::exit (int) throw (); using std::exit;

configure: exit 0
