This file contains any messages produced by compilers while
running configure, to aid debugging if configure makes a mistake.

It was created by Cgl configure 0.59.10, which was
generated by GNU Autoconf 2.59.  Invocation command line was

  $ ./configure --prefix=/usr/local CFLAGS=-m64 -O3 --enable-gnu-packages --enable-cbc-parallel --enable-debug -C --prefix=/usr/local --cache-file=../config.cache --srcdir=.

## --------- ##
## Platform. ##
## --------- ##

hostname = 632afffc1852
uname -m = x86_64
uname -r = 4.15.0-39-generic
uname -s = Linux
uname -v = #42-Ubuntu SMP Tue Oct 23 15:48:01 UTC 2018

/usr/bin/uname -p = unknown
/bin/uname -X     = unknown

/bin/arch              = unknown
/usr/bin/arch -k       = unknown
/usr/convex/getsysinfo = unknown
hostinfo               = unknown
/bin/machine           = unknown
/usr/bin/oslevel       = unknown
/bin/universe          = unknown

PATH: /usr/local/sbin
PATH: /usr/local/bin
PATH: /usr/sbin
PATH: /usr/bin
PATH: /sbin
PATH: /bin


## ----------- ##
## Core tests. ##
## ----------- ##

configure:1541: loading cache ../config.cache
configure:1686: checking build system type
configure:1704: result: x86_64-unknown-linux-gnu
configure:1777: checking for svnversion
configure:1804: result: yes
configure:1834: checking whether we want to compile in debug mode
configure:1877: result: yes
configure:2130: checking for gcc
configure:2156: result: gcc
configure:2177: checking for C compiler version
configure:2180: gcc --version </dev/null >&5
gcc (Ubuntu 7.3.0-27ubuntu1~18.04) 7.3.0
Copyright (C) 2017 Free Software Foundation, Inc.
This is free software; see the source for copying conditions.  There is NO
warranty; not even for MERCHANTABILITY or FITNESS FOR A PARTICULAR PURPOSE.

configure:2183: $? = 0
configure:2185: gcc -v </dev/null >&5
Using built-in specs.
COLLECT_GCC=gcc
COLLECT_LTO_WRAPPER=/usr/lib/gcc/x86_64-linux-gnu/7/lto-wrapper
OFFLOAD_TARGET_NAMES=nvptx-none
OFFLOAD_TARGET_DEFAULT=1
Target: x86_64-linux-gnu
Configured with: ../src/configure -v --with-pkgversion='Ubuntu 7.3.0-27ubuntu1~18.04' --with-bugurl=file:///usr/share/doc/gcc-7/README.Bugs --enable-languages=c,ada,c++,go,brig,d,fortran,objc,obj-c++ --prefix=/usr --with-gcc-major-version-only --program-suffix=-7 --program-prefix=x86_64-linux-gnu- --enable-shared --enable-linker-build-id --libexecdir=/usr/lib --without-included-gettext --enable-threads=posix --libdir=/usr/lib --enable-nls --with-sysroot=/ --enable-clocale=gnu --enable-libstdcxx-debug --enable-libstdcxx-time=yes --with-default-libstdcxx-abi=new --enable-gnu-unique-object --disable-vtable-verify --enable-libmpx --enable-plugin --enable-default-pie --with-system-zlib --with-target-system-zlib --enable-objc-gc=auto --enable-multiarch --disable-werror --with-arch-32=i686 --with-abi=m64 --with-multilib-list=m32,m64,mx32 --enable-multilib --with-tune=generic --enable-offload-targets=nvptx-none --without-cuda-driver --enable-checking=release --build=x86_64-linux-gnu --host=x86_64-linux-gnu --target=x86_64-linux-gnu
Thread model: posix
gcc version 7.3.0 (Ubuntu 7.3.0-27ubuntu1~18.04) 
configure:2188: $? = 0
configure:2190: gcc -V </dev/null >&5
gcc: error: unrecognized command line option '-V'
gcc: fatal error: no input files
compilation terminated.
configure:2193: $? = 1
configure:2216: checking for C compiler default output file name
configure:2219: gcc -m64 -O3   conftest.c  >&5
configure:2222: $? = 0
configure:2268: result: a.out
configure:2273: checking whether the C compiler works
configure:2279: ./a.out
configure:2282: $? = 0
configure:2299: result: yes
configure:2306: checking whether we are cross compiling
configure:2308: result: no
configure:2311: checking for suffix of executables
configure:2313: gcc -o conftest -m64 -O3   conftest.c  >&5
configure:2316: $? = 0
configure:2341: result: 
configure:2347: checking for suffix of object files
configure:2393: result: o
configure:2397: checking whether we are using the GNU C compiler
configure:2453: result: yes
configure:2459: checking whether gcc accepts -g
configure:2510: result: yes
configure:2527: checking for gcc option to accept ANSI C
configure:2634: result: none needed
configure:2652: gcc -c -m64 -O3  conftest.c >&5
conftest.c:2:3: error: unknown type name 'choke'
   choke me
   ^~~~~
conftest.c:2:3: error: expected '=', ',', ';', 'asm' or '__attribute__' at end of input
configure:2658: $? = 1
configure: failed program was:
| #ifndef __cplusplus
|   choke me
| #endif
configure:3079: gcc -o conftest -m64 -O3   -DCGL_BUILD   conftest.c  >&5
configure:3085: $? = 0
configure:3089: test -z 
			 || test ! -s conftest.err
configure:3092: $? = 0
configure:3095: test -s conftest
configure:3098: $? = 0
configure:3165: C compiler options are: -m64 -O3   -DCGL_BUILD
configure:3280: checking for g++
configure:3306: result: g++
configure:3322: checking for C++ compiler version
configure:3325: g++ --version </dev/null >&5
g++ (Ubuntu 7.3.0-27ubuntu1~18.04) 7.3.0
Copyright (C) 2017 Free Software Foundation, Inc.
This is free software; see the source for copying conditions.  There is NO
warranty; not even for MERCHANTABILITY or FITNESS FOR A PARTICULAR PURPOSE.

configure:3328: $? = 0
configure:3330: g++ -v </dev/null >&5
Using built-in specs.
COLLECT_GCC=g++
COLLECT_LTO_WRAPPER=/usr/lib/gcc/x86_64-linux-gnu/7/lto-wrapper
OFFLOAD_TARGET_NAMES=nvptx-none
OFFLOAD_TARGET_DEFAULT=1
Target: x86_64-linux-gnu
Configured with: ../src/configure -v --with-pkgversion='Ubuntu 7.3.0-27ubuntu1~18.04' --with-bugurl=file:///usr/share/doc/gcc-7/README.Bugs --enable-languages=c,ada,c++,go,brig,d,fortran,objc,obj-c++ --prefix=/usr --with-gcc-major-version-only --program-suffix=-7 --program-prefix=x86_64-linux-gnu- --enable-shared --enable-linker-build-id --libexecdir=/usr/lib --without-included-gettext --enable-threads=posix --libdir=/usr/lib --enable-nls --with-sysroot=/ --enable-clocale=gnu --enable-libstdcxx-debug --enable-libstdcxx-time=yes --with-default-libstdcxx-abi=new --enable-gnu-unique-object --disable-vtable-verify --enable-libmpx --enable-plugin --enable-default-pie --with-system-zlib --with-target-system-zlib --enable-objc-gc=auto --enable-multiarch --disable-werror --with-arch-32=i686 --with-abi=m64 --with-multilib-list=m32,m64,mx32 --enable-multilib --with-tune=generic --enable-offload-targets=nvptx-none --without-cuda-driver --enable-checking=release --build=x86_64-linux-gnu --host=x86_64-linux-gnu --target=x86_64-linux-gnu
Thread model: posix
gcc version 7.3.0 (Ubuntu 7.3.0-27ubuntu1~18.04) 
configure:3333: $? = 0
configure:3335: g++ -V </dev/null >&5
g++: error: unrecognized command line option '-V'
g++: fatal error: no input files
compilation terminated.
configure:3338: $? = 1
configure:3341: checking whether we are using the GNU C++ compiler
configure:3397: result: yes
configure:3403: checking whether g++ accepts -g
configure:3454: result: yes
configure:3496: g++ -c -g -O2  conftest.cc >&5
configure:3502: $? = 0
configure:3506: test -z 
			 || test ! -s conftest.err
configure:3509: $? = 0
configure:3512: test -s conftest.o
configure:3515: $? = 0
configure:3541: g++ -c -g -O2  conftest.cc >&5
conftest.cc: In function 'int main()':
conftest.cc:20:1: error: 'exit' was not declared in this scope
 exit (42);
 ^~~~
configure:3547: $? = 1
configure: failed program was:
| /* confdefs.h.  */
| 
| #define PACKAGE_NAME "Cgl"
| #define PACKAGE_TARNAME "cgl"
| #define PACKAGE_VERSION "0.59.10"
| #define PACKAGE_STRING "Cgl 0.59.10"
| #define PACKAGE_BUGREPORT "cgl@list.coin-or.org"
| #define CGL_VERSION "0.59.10"
| #define CGL_VERSION_MAJOR 0
| #define CGL_VERSION_MINOR 59
| #define CGL_VERSION_RELEASE 10
| #define CGL_SVN_REV 1436
| #define COIN_CGL_VERBOSITY 0
| #define COIN_CGL_CHECKLEVEL 0
| /* end confdefs.h.  */
| 
| int
| main ()
| {
| exit (42);
|   ;
|   return 0;
| }
configure:3496: g++ -c -g -O2  conftest.cc >&5
configure:3502: $? = 0
configure:3506: test -z 
			 || test ! -s conftest.err
configure:3509: $? = 0
configure:3512: test -s conftest.o
configure:3515: $? = 0
configure:3541: g++ -c -g -O2  conftest.cc >&5
configure:3547: $? = 0
configure:3551: test -z 
			 || test ! -s conftest.err
configure:3554: $? = 0
configure:3557: test -s conftest.o
configure:3560: $? = 0
configure:3592: checking whether C++ compiler g++ works
configure:3610: g++ -c -g -O2  conftest.cc >&5
configure:3616: $? = 0
configure:3620: test -z 
			 || test ! -s conftest.err
configure:3623: $? = 0
configure:3626: test -s conftest.o
configure:3629: $? = 0
configure:3631: result: yes
configure:3952: g++ -o conftest -g -O0 -pipe -Wparentheses -Wreturn-type -Wcast-qual -Wall -Wpointer-arith -Wwrite-strings -Wconversion -Wno-unknown-pragmas -Wno-long-long   -DCGL_BUILD   conftest.cc  >&5
configure:3958: $? = 0
configure:3962: test -z 
			 || test ! -s conftest.err
configure:3965: $? = 0
configure:3968: test -s conftest
configure:3971: $? = 0
configure:4038: C++ compiler options are: -g -O0 -pipe -Wparentheses -Wreturn-type -Wcast-qual -Wall -Wpointer-arith -Wwrite-strings -Wconversion -Wno-unknown-pragmas -Wno-long-long   -DCGL_BUILD
configure:4157: checking for egrep
configure:4167: result: grep -E
configure:4172: checking whether ln -s works
configure:4176: result: yes
configure:4197: checking for a BSD-compatible install
configure:4252: result: /usr/bin/install -c
configure:4263: checking whether build environment is sane
configure:4306: result: yes
configure:4371: checking for gawk
configure:4397: result: mawk
configure:4407: checking whether make sets $(MAKE)
configure:4427: result: yes
configure:4457: checking for style of include used by make
configure:4485: result: GNU
configure:4666: checking dependency style of gcc
configure:4756: result: gcc3
configure:4775: checking dependency style of g++
configure:4865: result: gcc3
configure:4883: checking whether to enable maintainer-specific portions of Makefiles
configure:4892: result: no
configure:20390: Using libtool script in directory ..
configure:20489: checking if library version is set
configure:20493: result: 10:10:9
configure:20566: checking for pkg-config
configure:20595: result: no
configure:20706: checking for COIN-OR package CoinUtils
configure:20888: result: skipped check via pkg-config, redirect to fallback
configure:20891: checking for COIN-OR package CoinUtils (fallback)
configure:21087: result: yes
configure:21222: checking for COIN-OR package Osi
configure:21404: result: skipped check via pkg-config, redirect to fallback
configure:21407: checking for COIN-OR package Osi (fallback)
configure:21603: result: yes
configure:21738: checking for COIN-OR package Sample
configure:21905: result: skipped check via pkg-config, redirect to fallback
configure:21908: checking for COIN-OR package Sample (fallback)
configure:22104: result: yes
configure:22220: checking for COIN-OR package OsiClp
configure:22402: result: skipped check via pkg-config, redirect to fallback
configure:22405: checking for COIN-OR package OsiClp (fallback)
configure:22601: result: yes
configure:22739: checking for COIN-OR package OsiCpx
configure:22906: result: skipped check via pkg-config, redirect to fallback
configure:22909: checking for COIN-OR package OsiCpx (fallback)
configure:22975: result: no, dependency osi-cplex not available
configure:23219: checking for COIN-OR package OsiGlpk
configure:23386: result: skipped check via pkg-config, redirect to fallback
configure:23389: checking for COIN-OR package OsiGlpk (fallback)
configure:23585: result: yes
configure:23700: checking for COIN-OR package OsiMsk
configure:23867: result: skipped check via pkg-config, redirect to fallback
configure:23870: checking for COIN-OR package OsiMsk (fallback)
configure:23936: result: no, dependency osi-mosek not available
configure:24180: checking for COIN-OR package OsiXpr
configure:24347: result: skipped check via pkg-config, redirect to fallback
configure:24350: checking for COIN-OR package OsiXpr (fallback)
configure:24416: result: no, dependency osi-xpress not available
configure:24660: checking for COIN-OR package OsiVol
configure:24827: result: skipped check via pkg-config, redirect to fallback
configure:24830: checking for COIN-OR package OsiVol (fallback)
configure:24896: result: no, dependency osi-vol not available
configure:25140: checking for COIN-OR package OsiDyLP
configure:25307: result: skipped check via pkg-config, redirect to fallback
configure:25310: checking for COIN-OR package OsiDyLP (fallback)
configure:25376: result: no, dependency osi-dylp not available
configure:25643: checking for cmath
configure:25648: result: yes
configure:25972: checking for cfloat
configure:25977: result: yes
configure:26301: checking for cieeefp
configure:26306: result: no
configure:26459: checking for ieeefp.h
configure:26464: result: no
configure:26643: configuring doxygen documentation options
configure:26650: checking for doxygen
configure:26677: result: no
configure:26686: checking for latex
configure:26713: result: no
configure:26741: checking for dot
configure:26768: result: NO
configure:26819: checking for doxygen doc'n for CoinUtils 
configure:26835: result: ../CoinUtils/doxydoc (tag)
configure:26866: checking whether this is a VPATH configuration
configure:26873: result: no
configure:26903: checking which command should be used to link input files
configure:26911: result: ln -s
configure:27280: creating ./config.status

## ---------------------- ##
## Running config.status. ##
## ---------------------- ##

This file was extended by Cgl config.status 0.59.10, which was
generated by GNU Autoconf 2.59.  Invocation command line was

  CONFIG_FILES    = 
  CONFIG_HEADERS  = 
  CONFIG_LINKS    = 
  CONFIG_COMMANDS = 
  $ ./config.status 

on 632afffc1852

config.status:900: creating Makefile
config.status:900: creating examples/Makefile
config.status:900: creating src/Makefile
config.status:900: creating src/CglAllDifferent/Makefile
config.status:900: creating src/CglClique/Makefile
config.status:900: creating src/CglDuplicateRow/Makefile
config.status:900: creating src/CglFlowCover/Makefile
config.status:900: creating src/CglGMI/Makefile
config.status:900: creating src/CglGomory/Makefile
config.status:900: creating src/CglKnapsackCover/Makefile
config.status:900: creating src/CglLandP/Makefile
config.status:900: creating src/CglLiftAndProject/Makefile
config.status:900: creating src/CglMixedIntegerRounding/Makefile
config.status:900: creating src/CglMixedIntegerRounding2/Makefile
config.status:900: creating src/CglOddHole/Makefile
config.status:900: creating src/CglPreProcess/Makefile
config.status:900: creating src/CglProbing/Makefile
config.status:900: creating src/CglRedSplit/Makefile
config.status:900: creating src/CglRedSplit2/Makefile
config.status:900: creating src/CglResidualCapacity/Makefile
config.status:900: creating src/CglSimpleRounding/Makefile
config.status:900: creating src/CglTwomir/Makefile
config.status:900: creating src/CglZeroHalf/Makefile
config.status:900: creating test/Makefile
config.status:900: creating cgl.pc
config.status:900: creating cgl-uninstalled.pc
config.status:900: creating doxydoc/doxygen.conf
config.status:1004: creating src/config.h
config.status:1004: creating src/config_cgl.h
config.status:1320: executing depfiles commands
configure:28831: In case of trouble, first consult the troubleshooting page at https://projects.coin-or.org/BuildTools/wiki/user-troubleshooting
configure:28834: Configuration of Cgl successful

## ---------------- ##
## Cache variables. ##
## ---------------- ##

ac_cv_build=x86_64-unknown-linux-gnu
ac_cv_build_alias=x86_64-unknown-linux-gnu
ac_cv_c_compiler_gnu=yes
ac_cv_cxx_compiler_gnu=yes
ac_cv_env_ADD_CFLAGS_set=
ac_cv_env_ADD_CFLAGS_value=
ac_cv_env_ADD_CXXFLAGS_set=
ac_cv_env_ADD_CXXFLAGS_value=
ac_cv_env_ADD_FFLAGS_set=
ac_cv_env_ADD_FFLAGS_value=
ac_cv_env_CC_set=
ac_cv_env_CC_value=
ac_cv_env_CDEFS_set=
ac_cv_env_CDEFS_value=
ac_cv_env_CFLAGS_set=set
ac_cv_env_CFLAGS_value='-m64 -O3'
ac_cv_env_COIN_SKIP_PROJECTS_set=
ac_cv_env_COIN_SKIP_PROJECTS_value=
ac_cv_env_CPPFLAGS_set=
ac_cv_env_CPPFLAGS_value=
ac_cv_env_CPP_set=
ac_cv_env_CPP_value=
ac_cv_env_CXXCPP_set=
ac_cv_env_CXXCPP_value=
ac_cv_env_CXXDEFS_set=
ac_cv_env_CXXDEFS_value=
ac_cv_env_CXXFLAGS_set=
ac_cv_env_CXXFLAGS_value=
ac_cv_env_CXX_set=
ac_cv_env_CXX_value=
ac_cv_env_DBG_CFLAGS_set=
ac_cv_env_DBG_CFLAGS_value=
ac_cv_env_DBG_CXXFLAGS_set=
ac_cv_env_DBG_CXXFLAGS_value=
ac_cv_env_DBG_FFLAGS_set=
ac_cv_env_DBG_FFLAGS_value=
ac_cv_env_F77_set=
ac_cv_env_F77_value=
ac_cv_env_FFLAGS_set=
ac_cv_env_FFLAGS_value=
ac_cv_env_LDFLAGS_set=
ac_cv_env_LDFLAGS_value=
ac_cv_env_MPICC_set=
ac_cv_env_MPICC_value=
ac_cv_env_MPICXX_set=
ac_cv_env_MPICXX_value=
ac_cv_env_MPIF77_set=
ac_cv_env_MPIF77_value=
ac_cv_env_OPT_CFLAGS_set=
ac_cv_env_OPT_CFLAGS_value=
ac_cv_env_OPT_CXXFLAGS_set=
ac_cv_env_OPT_CXXFLAGS_value=
ac_cv_env_OPT_FFLAGS_set=
ac_cv_env_OPT_FFLAGS_value=
ac_cv_env_PKG_CONFIG_set=
ac_cv_env_PKG_CONFIG_value=
ac_cv_env_build_alias_set=
ac_cv_env_build_alias_value=
ac_cv_env_host_alias_set=
ac_cv_env_host_alias_value=
ac_cv_env_target_alias_set=
ac_cv_env_target_alias_value=
ac_cv_exeext=
ac_cv_func_vsnprintf=yes
ac_cv_have_decl_finite=yes
ac_cv_have_decl_isfinite=no
ac_cv_have_decl_isnan=no
ac_cv_have_decl_std__isnan_42_42_=yes
ac_cv_header_bzlib_h=no
ac_cv_header_cfloat=yes
ac_cv_header_cieeefp=no
ac_cv_header_cinttypes=yes
ac_cv_header_cmath=yes
ac_cv_header_cstdint=yes
ac_cv_header_dlfcn_h=yes
ac_cv_header_endian_h=yes
ac_cv_header_gmp_h=no
ac_cv_header_ieeefp_h=no
ac_cv_header_inttypes_h=yes
ac_cv_header_memory_h=yes
ac_cv_header_mysql_h=no
ac_cv_header_mysql_mysql_h=no
ac_cv_header_readline_readline_h=no
ac_cv_header_sql_h=no
ac_cv_header_stdc=yes
ac_cv_header_stdint_h=yes
ac_cv_header_stdlib_h=yes
ac_cv_header_string_h=yes
ac_cv_header_strings_h=yes
ac_cv_header_sys_stat_h=yes
ac_cv_header_sys_types_h=yes
ac_cv_header_unistd_h=yes
ac_cv_header_windows_h=no
ac_cv_header_zlib_h=no
ac_cv_host=x86_64-unknown-linux-gnu
ac_cv_host_alias=x86_64-unknown-linux-gnu
ac_cv_lib_dl_dlopen=yes
ac_cv_objext=o
ac_cv_path_install='/usr/bin/install -c'
ac_cv_prog_AWK=mawk
ac_cv_prog_CPP='gcc -E'
ac_cv_prog_CXXCPP='g++ -E'
ac_cv_prog_ac_ct_AR=ar
ac_cv_prog_ac_ct_CC=gcc
ac_cv_prog_ac_ct_CXX=g++
ac_cv_prog_ac_ct_RANLIB=ranlib
ac_cv_prog_ac_ct_STRIP=strip
ac_cv_prog_cc_g=yes
ac_cv_prog_cc_stdc=
ac_cv_prog_coin_doxy_usedot=NO
ac_cv_prog_coin_have_doxygen=no
ac_cv_prog_coin_have_latex=no
ac_cv_prog_cxx_g=yes
ac_cv_prog_egrep='grep -E'
ac_cv_prog_have_svnversion=yes
ac_cv_prog_make_make_set=yes
ac_cv_type_int64_t=yes
ac_cv_type_intptr_t=yes
am_cv_CC_dependencies_compiler_type=gcc3
am_cv_CXX_dependencies_compiler_type=gcc3
lt_cv_deplibs_check_method=pass_all
lt_cv_file_magic_cmd='$MAGIC_CMD'
lt_cv_file_magic_test_file=
lt_cv_ld_reload_flag=-r
lt_cv_objdir=.libs
lt_cv_path_LD=/usr/bin/ld
lt_cv_path_LDCXX=/usr/bin/ld
lt_cv_path_NM='/usr/bin/nm -B'
lt_cv_path_SED=/bin/sed
lt_cv_prog_compiler_c_o=yes
lt_cv_prog_compiler_c_o_CXX=yes
lt_cv_prog_compiler_c_o_F77=no
lt_cv_prog_compiler_rtti_exceptions=no
lt_cv_prog_gnu_ld=yes
lt_cv_prog_gnu_ldcxx=yes
lt_cv_sys_global_symbol_pipe='sed -n -e '\''s/^.*[ 	]\([ABCDGIRSTW][ABCDGIRSTW]*\)[ 	][ 	]*\([_A-Za-z][_A-Za-z0-9]*\)$/\1 \2 \2/p'\'''
lt_cv_sys_global_symbol_to_c_name_address='sed -n -e '\''s/^: \([^ ]*\) $/  {\"\1\", (lt_ptr) 0},/p'\'' -e '\''s/^[BCDEGRST] \([^ ]*\) \([^ ]*\)$/  {"\2", (lt_ptr) \&\2},/p'\'''
lt_cv_sys_global_symbol_to_cdecl='sed -n -e '\''s/^. .* \(.*\)$/extern int \1;/p'\'''
lt_cv_sys_max_cmd_len=32768
lt_lt_cv_prog_compiler_c_o='"yes"'
lt_lt_cv_prog_compiler_c_o_CXX='"yes"'
lt_lt_cv_prog_compiler_c_o_F77='"no"'
lt_lt_cv_sys_global_symbol_pipe='"sed -n -e '\''s/^.*[ 	]\\([ABCDGIRSTW][ABCDGIRSTW]*\\)[ 	][ 	]*\\([_A-Za-z][_A-Za-z0-9]*\\)\$/\\1 \\2 \\2/p'\''"'
lt_lt_cv_sys_global_symbol_to_c_name_address='"sed -n -e '\''s/^: \\([^ ]*\\) \$/  {\\\"\\1\\\", (lt_ptr) 0},/p'\'' -e '\''s/^[BCDEGRST] \\([^ ]*\\) \\([^ ]*\\)\$/  {\"\\2\", (lt_ptr) \\&\\2},/p'\''"'
lt_lt_cv_sys_global_symbol_to_cdecl='"sed -n -e '\''s/^. .* \\(.*\\)\$/extern int \\1;/p'\''"'

## ----------------- ##
## Output variables. ##
## ----------------- ##

ABSBUILDDIR='/mpsis/L3/cbc/Cgl'
ACLOCAL='${SHELL} /mpsis/L3/cbc/Cgl/missing --run aclocal-1.9'
ADD_CFLAGS=''
ADD_CXXFLAGS=''
ALWAYS_FALSE_FALSE=''
ALWAYS_FALSE_TRUE='#'
AMDEPBACKSLASH='\'
AMDEP_FALSE='#'
AMDEP_TRUE=''
AMTAR='${SHELL} /mpsis/L3/cbc/Cgl/missing --run tar'
AR='ar'
AUTOCONF='${SHELL} /mpsis/L3/cbc/Cgl/missing --run autoconf'
AUTOHEADER='${SHELL} /mpsis/L3/cbc/Cgl/missing --run autoheader'
AUTOMAKE='${SHELL} /mpsis/L3/cbc/Cgl/missing --run automake-1.9'
AUX_DIR=''
AWK='mawk'
BUILDTOOLSDIR=''
CC='gcc'
CCDEPMODE='depmode=gcc3'
CDEFS=''
CFLAGS='-m64 -O3   -DCGL_BUILD'
CGLLIB_CFLAGS=' -I/mpsis/L3/cbc/Clp/src/OsiClp  -I/mpsis/L3/cbc/Clp/src -I/mpsis/L3/cbc/Clp/src  -I/mpsis/L3/cbc/Osi/src/Osi -I/mpsis/L3/cbc/Osi/src/Osi  -I/mpsis/L3/cbc/CoinUtils/src -I/mpsis/L3/cbc/CoinUtils/src  -I/mpsis/L3/cbc/ThirdParty/Glpk -I/mpsis/L3/cbc/ThirdParty/Glpk/glpk/src -I/mpsis/L3/cbc/ThirdParty/Glpk/glpk/src/amd   -I/mpsis/L3/cbc/Osi/src/Osi -I/mpsis/L3/cbc/Osi/src/Osi  -I/mpsis/L3/cbc/CoinUtils/src -I/mpsis/L3/cbc/CoinUtils/src  -I/mpsis/L3/cbc/ThirdParty/Glpk -I/mpsis/L3/cbc/ThirdParty/Glpk/glpk/src -I/mpsis/L3/cbc/ThirdParty/Glpk/glpk/src/amd   -I/mpsis/L3/cbc/CoinUtils/src -I/mpsis/L3/cbc/CoinUtils/src  -I/mpsis/L3/cbc/ThirdParty/Glpk -I/mpsis/L3/cbc/ThirdParty/Glpk/glpk/src -I/mpsis/L3/cbc/ThirdParty/Glpk/glpk/src/amd  '
CGLLIB_CFLAGS_INSTALLED=' -I/usr/local/include/coin  -I/usr/local/include/coin  -I/usr/local/include/coin  -I/usr/local/include/coin  -I/usr/local/include/coin/ThirdParty   -I/usr/local/include/coin  -I/usr/local/include/coin  -I/usr/local/include/coin/ThirdParty   -I/usr/local/include/coin  -I/usr/local/include/coin/ThirdParty  '
CGLLIB_DEPENDENCIES='  /mpsis/L3/cbc/Clp/src/OsiClp/libOsiClp.la   /mpsis/L3/cbc/Clp/src/libClpSolver.la /mpsis/L3/cbc/Clp/src/libClp.la   /mpsis/L3/cbc/Osi/src/Osi/libOsi.la   /mpsis/L3/cbc/CoinUtils/src/libCoinUtils.la   /mpsis/L3/cbc/ThirdParty/Glpk/libcoinglpk.la    /mpsis/L3/cbc/Osi/src/Osi/libOsi.la   /mpsis/L3/cbc/CoinUtils/src/libCoinUtils.la   /mpsis/L3/cbc/ThirdParty/Glpk/libcoinglpk.la    /mpsis/L3/cbc/CoinUtils/src/libCoinUtils.la   /mpsis/L3/cbc/ThirdParty/Glpk/libcoinglpk.la    '
CGLLIB_LIBS=' /mpsis/L3/cbc/Clp/src/OsiClp/libOsiClp.la   /mpsis/L3/cbc/Clp/src/libClpSolver.la /mpsis/L3/cbc/Clp/src/libClp.la   /mpsis/L3/cbc/Osi/src/Osi/libOsi.la   /mpsis/L3/cbc/CoinUtils/src/libCoinUtils.la -lm   /mpsis/L3/cbc/ThirdParty/Glpk/libcoinglpk.la -ldl -lm    /mpsis/L3/cbc/Osi/src/Osi/libOsi.la   /mpsis/L3/cbc/CoinUtils/src/libCoinUtils.la -lm   /mpsis/L3/cbc/ThirdParty/Glpk/libcoinglpk.la -ldl -lm    /mpsis/L3/cbc/CoinUtils/src/libCoinUtils.la -lm   /mpsis/L3/cbc/ThirdParty/Glpk/libcoinglpk.la -ldl -lm   '
CGLLIB_LIBS_INSTALLED=' -L/usr/local/lib -lOsiClp   -L/usr/local/lib -lClpSolver -lClp   -L/usr/local/lib -lOsi   -L/usr/local/lib -lCoinUtils -lm   -L/usr/local/lib -lcoinglpk -ldl -lm    -L/usr/local/lib -lOsi   -L/usr/local/lib -lCoinUtils -lm   -L/usr/local/lib -lcoinglpk -ldl -lm    -L/usr/local/lib -lCoinUtils -lm   -L/usr/local/lib -lcoinglpk -ldl -lm   '
CGLLIB_PCLIBS=''
CGLLIB_PCREQUIRES='osi-clp osi coinutils '
CGL_SUBDIRS=' CglAllDifferent CglClique CglDuplicateRow CglFlowCover CglGMI CglGomory CglKnapsackCover CglLandP CglLiftAndProject CglMixedIntegerRounding CglMixedIntegerRounding2 CglOddHole CglPreProcess CglProbing CglRedSplit CglRedSplit2 CglResidualCapacity CglSimpleRounding CglTwomir CglZeroHalf'
CGL_SUBLIBS=' CglAllDifferent/libCglAllDifferent.la CglClique/libCglClique.la CglDuplicateRow/libCglDuplicateRow.la CglFlowCover/libCglFlowCover.la CglGMI/libCglGMI.la CglGomory/libCglGomory.la CglKnapsackCover/libCglKnapsackCover.la CglLandP/libCglLandP.la CglLiftAndProject/libCglLiftAndProject.la CglMixedIntegerRounding/libCglMixedIntegerRounding.la CglMixedIntegerRounding2/libCglMixedIntegerRounding2.la CglOddHole/libCglOddHole.la CglPreProcess/libCglPreProcess.la CglProbing/libCglProbing.la CglRedSplit/libCglRedSplit.la CglRedSplit2/libCglRedSplit2.la CglResidualCapacity/libCglResidualCapacity.la CglSimpleRounding/libCglSimpleRounding.la CglTwomir/libCglTwomir.la CglZeroHalf/libCglZeroHalf.la'
CGL_SVN_REV='1436'
COINUTILS_CFLAGS=' -I/mpsis/L3/cbc/CoinUtils/src -I/mpsis/L3/cbc/CoinUtils/src  -I/mpsis/L3/cbc/ThirdParty/Glpk -I/mpsis/L3/cbc/ThirdParty/Glpk/glpk/src -I/mpsis/L3/cbc/ThirdParty/Glpk/glpk/src/amd '
COINUTILS_CFLAGS_INSTALLED=' -I/usr/local/include/coin  -I/usr/local/include/coin/ThirdParty '
COINUTILS_DATA=''
COINUTILS_DATA_INSTALLED=''
COINUTILS_DEPENDENCIES='  /mpsis/L3/cbc/CoinUtils/src/libCoinUtils.la   /mpsis/L3/cbc/ThirdParty/Glpk/libcoinglpk.la  '
COINUTILS_LIBS=' /mpsis/L3/cbc/CoinUtils/src/libCoinUtils.la -lm   /mpsis/L3/cbc/ThirdParty/Glpk/libcoinglpk.la -ldl -lm  '
COINUTILS_LIBS_INSTALLED=' -L/usr/local/lib -lCoinUtils -lm   -L/usr/local/lib -lcoinglpk -ldl -lm  '
COIN_CC_IS_CL_FALSE=''
COIN_CC_IS_CL_TRUE='#'
COIN_CXX_IS_CL_FALSE=''
COIN_CXX_IS_CL_TRUE='#'
COIN_HAS_COINUTILS_FALSE='#'
COIN_HAS_COINUTILS_TRUE=''
COIN_HAS_DOXYGEN_FALSE=''
COIN_HAS_DOXYGEN_TRUE='#'
COIN_HAS_LATEX_FALSE=''
COIN_HAS_LATEX_TRUE='#'
COIN_HAS_OSICLP_FALSE='#'
COIN_HAS_OSICLP_TRUE=''
COIN_HAS_OSICPX_FALSE=''
COIN_HAS_OSICPX_TRUE='#'
COIN_HAS_OSIDYLP_FALSE=''
COIN_HAS_OSIDYLP_TRUE='#'
COIN_HAS_OSIGLPK_FALSE='#'
COIN_HAS_OSIGLPK_TRUE=''
COIN_HAS_OSIMSK_FALSE=''
COIN_HAS_OSIMSK_TRUE='#'
COIN_HAS_OSIVOL_FALSE=''
COIN_HAS_OSIVOL_TRUE='#'
COIN_HAS_OSIXPR_FALSE=''
COIN_HAS_OSIXPR_TRUE='#'
COIN_HAS_OSI_FALSE='#'
COIN_HAS_OSI_TRUE=''
COIN_HAS_PKGCONFIG_FALSE=''
COIN_HAS_PKGCONFIG_TRUE='#'
COIN_HAS_SAMPLE_FALSE='#'
COIN_HAS_SAMPLE_TRUE=''
COIN_PKG_CONFIG_PATH='/usr/local/lib64/pkgconfig:/usr/local/lib/pkgconfig:/usr/local/share/pkgconfig:'
COIN_PKG_CONFIG_PATH_UNINSTALLED='/mpsis/L3/cbc/Cbc:/mpsis/L3/cbc/Cgl:/mpsis/L3/cbc/Clp:/mpsis/L3/cbc/Osi:/mpsis/L3/cbc/CoinUtils:/mpsis/L3/cbc/Data/miplib3:/mpsis/L3/cbc/Data/Sample:/mpsis/L3/cbc/ThirdParty/Glpk:'
CPP='gcc -E'
CPPFLAGS=''
CXX='g++'
CXXCPP='g++ -E'
CXXDEFS=''
CXXDEPMODE='depmode=gcc3'
CXXFLAGS='-g -O0 -pipe -Wparentheses -Wreturn-type -Wcast-qual -Wall -Wpointer-arith -Wwrite-strings -Wconversion -Wno-unknown-pragmas -Wno-long-long   -DCGL_BUILD'
CYGPATH_W='echo'
DBG_CFLAGS='-m64 -O3  '
DBG_CXXFLAGS='-g -O0 -pipe -Wparentheses -Wreturn-type -Wcast-qual -Wall -Wpointer-arith -Wwrite-strings -Wconversion -Wno-unknown-pragmas -Wno-long-long  '
DEFS='-DHAVE_CONFIG_H'
DEPDIR='.deps'
DEPENDENCY_LINKING_FALSE='#'
DEPENDENCY_LINKING_TRUE=''
ECHO='echo'
ECHO_C=''
ECHO_N='-n'
ECHO_T=''
EGREP='grep -E'
EXEEXT=''
F77=''
FFLAGS=''
HAVE_EXTERNALS_FALSE=''
HAVE_EXTERNALS_TRUE='#'
INSTALL_DATA='${INSTALL} -m 644'
INSTALL_PROGRAM='${INSTALL}'
INSTALL_SCRIPT='${INSTALL}'
INSTALL_STRIP_PROGRAM='${SHELL} $(install_sh) -c -s'
LDFLAGS=''
LIBEXT='a'
LIBOBJS=''
LIBS=''
LIBTOOL='$(SHELL) $(top_builddir)/../libtool'
LIBTOOLM4=''
LN_S='ln -s'
LTLIBOBJS=''
LT_LDFLAGS='-no-undefined -version-info 10:10:9'
MAINT='#'
MAINTAINER_MODE_FALSE=''
MAINTAINER_MODE_TRUE='#'
MAKEINFO='${SHELL} /mpsis/L3/cbc/Cgl/missing --run makeinfo'
MPICC=''
MPICXX=''
OBJEXT='o'
OPT_CFLAGS='-m64 -O3  '
OPT_CXXFLAGS='-O3 -pipe -DNDEBUG -Wparentheses -Wreturn-type -Wcast-qual -Wall -Wpointer-arith -Wwrite-strings -Wconversion -Wno-unknown-pragmas -Wno-long-long  '
OSICLP_CFLAGS=' -I/mpsis/L3/cbc/Clp/src/OsiClp  -I/mpsis/L3/cbc/Clp/src -I/mpsis/L3/cbc/Clp/src  -I/mpsis/L3/cbc/Osi/src/Osi -I/mpsis/L3/cbc/Osi/src/Osi  -I/mpsis/L3/cbc/CoinUtils/src -I/mpsis/L3/cbc/CoinUtils/src  -I/mpsis/L3/cbc/ThirdParty/Glpk -I/mpsis/L3/cbc/ThirdParty/Glpk/glpk/src -I/mpsis/L3/cbc/ThirdParty/Glpk/glpk/src/amd '
OSICLP_CFLAGS_INSTALLED=' -I/usr/local/include/coin  -I/usr/local/include/coin  -I/usr/local/include/coin  -I/usr/local/include/coin  -I/usr/local/include/coin/ThirdParty '
OSICLP_DATA=''
OSICLP_DATA_INSTALLED=''
OSICLP_DEPENDENCIES='  /mpsis/L3/cbc/Clp/src/OsiClp/libOsiClp.la   /mpsis/L3/cbc/Clp/src/libClpSolver.la /mpsis/L3/cbc/Clp/src/libClp.la   /mpsis/L3/cbc/Osi/src/Osi/libOsi.la   /mpsis/L3/cbc/CoinUtils/src/libCoinUtils.la   /mpsis/L3/cbc/ThirdParty/Glpk/libcoinglpk.la  '
OSICLP_LIBS=' /mpsis/L3/cbc/Clp/src/OsiClp/libOsiClp.la   /mpsis/L3/cbc/Clp/src/libClpSolver.la /mpsis/L3/cbc/Clp/src/libClp.la   /mpsis/L3/cbc/Osi/src/Osi/libOsi.la   /mpsis/L3/cbc/CoinUtils/src/libCoinUtils.la -lm   /mpsis/L3/cbc/ThirdParty/Glpk/libcoinglpk.la -ldl -lm  '
OSICLP_LIBS_INSTALLED=' -L/usr/local/lib -lOsiClp   -L/usr/local/lib -lClpSolver -lClp   -L/usr/local/lib -lOsi   -L/usr/local/lib -lCoinUtils -lm   -L/usr/local/lib -lcoinglpk -ldl -lm  '
OSICPX_CFLAGS=''
OSICPX_CFLAGS_INSTALLED=''
OSICPX_DATA=''
OSICPX_DATA_INSTALLED=''
OSICPX_DEPENDENCIES=''
OSICPX_LIBS=''
OSICPX_LIBS_INSTALLED=''
OSIDYLP_CFLAGS=''
OSIDYLP_CFLAGS_INSTALLED=''
OSIDYLP_DATA=''
OSIDYLP_DATA_INSTALLED=''
OSIDYLP_DEPENDENCIES=''
OSIDYLP_LIBS=''
OSIDYLP_LIBS_INSTALLED=''
OSIGLPK_CFLAGS=' -I/mpsis/L3/cbc/Osi/src/OsiGlpk  -I/mpsis/L3/cbc/Osi/src/Osi -I/mpsis/L3/cbc/Osi/src/Osi  -I/mpsis/L3/cbc/CoinUtils/src -I/mpsis/L3/cbc/CoinUtils/src  -I/mpsis/L3/cbc/ThirdParty/Glpk -I/mpsis/L3/cbc/ThirdParty/Glpk/glpk/src -I/mpsis/L3/cbc/ThirdParty/Glpk/glpk/src/amd '
OSIGLPK_CFLAGS_INSTALLED=' -I/usr/local/include/coin  -I/usr/local/include/coin  -I/usr/local/include/coin  -I/usr/local/include/coin/ThirdParty '
OSIGLPK_DATA=''
OSIGLPK_DATA_INSTALLED=''
OSIGLPK_DEPENDENCIES='  /mpsis/L3/cbc/Osi/src/OsiGlpk/libOsiGlpk.la   /mpsis/L3/cbc/Osi/src/Osi/libOsi.la   /mpsis/L3/cbc/CoinUtils/src/libCoinUtils.la   /mpsis/L3/cbc/ThirdParty/Glpk/libcoinglpk.la  '
OSIGLPK_LIBS=' /mpsis/L3/cbc/Osi/src/OsiGlpk/libOsiGlpk.la   /mpsis/L3/cbc/Osi/src/Osi/libOsi.la   /mpsis/L3/cbc/CoinUtils/src/libCoinUtils.la -lm   /mpsis/L3/cbc/ThirdParty/Glpk/libcoinglpk.la -ldl -lm  '
OSIGLPK_LIBS_INSTALLED=' -L/usr/local/lib -lOsiGlpk   -L/usr/local/lib -lOsi   -L/usr/local/lib -lCoinUtils -lm   -L/usr/local/lib -lcoinglpk -ldl -lm  '
OSIMSK_CFLAGS=''
OSIMSK_CFLAGS_INSTALLED=''
OSIMSK_DATA=''
OSIMSK_DATA_INSTALLED=''
OSIMSK_DEPENDENCIES=''
OSIMSK_LIBS=''
OSIMSK_LIBS_INSTALLED=''
OSIVOL_CFLAGS=''
OSIVOL_CFLAGS_INSTALLED=''
OSIVOL_DATA=''
OSIVOL_DATA_INSTALLED=''
OSIVOL_DEPENDENCIES=''
OSIVOL_LIBS=''
OSIVOL_LIBS_INSTALLED=''
OSIXPR_CFLAGS=''
OSIXPR_CFLAGS_INSTALLED=''
OSIXPR_DATA=''
OSIXPR_DATA_INSTALLED=''
OSIXPR_DEPENDENCIES=''
OSIXPR_LIBS=''
OSIXPR_LIBS_INSTALLED=''
OSI_CFLAGS=' -I/mpsis/L3/cbc/Osi/src/Osi -I/mpsis/L3/cbc/Osi/src/Osi  -I/mpsis/L3/cbc/CoinUtils/src -I/mpsis/L3/cbc/CoinUtils/src  -I/mpsis/L3/cbc/ThirdParty/Glpk -I/mpsis/L3/cbc/ThirdParty/Glpk/glpk/src -I/mpsis/L3/cbc/ThirdParty/Glpk/glpk/src/amd '
OSI_CFLAGS_INSTALLED=' -I/usr/local/include/coin  -I/usr/local/include/coin  -I/usr/local/include/coin/ThirdParty '
OSI_DATA=''
OSI_DATA_INSTALLED=''
OSI_DEPENDENCIES='  /mpsis/L3/cbc/Osi/src/Osi/libOsi.la   /mpsis/L3/cbc/CoinUtils/src/libCoinUtils.la   /mpsis/L3/cbc/ThirdParty/Glpk/libcoinglpk.la  '
OSI_LIBS=' /mpsis/L3/cbc/Osi/src/Osi/libOsi.la   /mpsis/L3/cbc/CoinUtils/src/libCoinUtils.la -lm   /mpsis/L3/cbc/ThirdParty/Glpk/libcoinglpk.la -ldl -lm  '
OSI_LIBS_INSTALLED=' -L/usr/local/lib -lOsi   -L/usr/local/lib -lCoinUtils -lm   -L/usr/local/lib -lcoinglpk -ldl -lm  '
PACKAGE='cgl'
PACKAGE_BUGREPORT='cgl@list.coin-or.org'
PACKAGE_NAME='Cgl'
PACKAGE_STRING='Cgl 0.59.10'
PACKAGE_TARNAME='cgl'
PACKAGE_VERSION='0.59.10'
PATH_SEPARATOR=':'
PKG_CONFIG=''
RANLIB='ranlib'
RPATH_FLAGS=''
SAMPLE_CFLAGS=' '
SAMPLE_CFLAGS_INSTALLED=' '
SAMPLE_DATA='/mpsis/L3/cbc/Data/Sample'
SAMPLE_DATA_INSTALLED='/usr/local/share/coin/Data/Sample'
SAMPLE_DEPENDENCIES='  '
SAMPLE_LIBS=' '
SAMPLE_LIBS_INSTALLED=' '
SET_MAKE=''
SHELL='/bin/bash'
STRIP='strip'
VERSION='0.59.10'
VPATH_DISTCLEANFILES=''
abs_bin_dir='/usr/local/bin'
abs_include_dir='/usr/local/include'
abs_lib_dir='/usr/local/lib'
abs_source_dir='/mpsis/L3/cbc/Cgl'
ac_c_preproc_warn_flag=''
ac_ct_AR='ar'
ac_ct_CC='gcc'
ac_ct_CXX='g++'
ac_ct_F77=''
ac_ct_PKG_CONFIG=''
ac_ct_RANLIB='ranlib'
ac_ct_STRIP='strip'
ac_cxx_preproc_warn_flag=''
am__fastdepCC_FALSE='#'
am__fastdepCC_TRUE=''
am__fastdepCXX_FALSE='#'
am__fastdepCXX_TRUE=''
am__include='include'
am__leading_dot='.'
am__quote=''
am__tar='${AMTAR} chof - "$$tardir"'
am__untar='${AMTAR} xf -'
bindir='${exec_prefix}/bin'
build='x86_64-unknown-linux-gnu'
build_alias=''
build_cpu='x86_64'
build_os='linux-gnu'
build_vendor='unknown'
coin_doxy_excludes=' */CoinUtils'
coin_doxy_logname='doxydoc/cgl_doxy.log'
coin_doxy_tagfiles=' ../CoinUtils/doxydoc/coinutils_doxy.tag=../../../CoinUtils/doxydoc/html'
coin_doxy_tagname='doxydoc/cgl_doxy.tag'
coin_doxy_usedot='NO'
coin_have_doxygen='no'
coin_have_latex='no'
datadir='${prefix}/share'
exec_prefix='${prefix}'
have_autoconf=''
have_automake=''
have_svn=''
have_svnversion='yes'
host='x86_64-unknown-linux-gnu'
host_alias=''
host_cpu='x86_64'
host_os='linux-gnu'
host_vendor='unknown'
includedir='${prefix}/include'
infodir='${prefix}/info'
install_sh='/mpsis/L3/cbc/Cgl/install-sh'
libdir='${exec_prefix}/lib'
libexecdir='${exec_prefix}/libexec'
localstatedir='${prefix}/var'
mandir='${prefix}/man'
mkdir_p='mkdir -p --'
oldincludedir='/usr/include'
prefix='/usr/local'
program_transform_name='s,x,x,'
sbindir='${exec_prefix}/sbin'
sharedstatedir='${prefix}/com'
sol_cc_compiler=''
sysconfdir='${prefix}/etc'
target_alias=''

## ----------- ##
## confdefs.h. ##
## ----------- ##

#define CGL_SVN_REV 1436
#define CGL_VERSION "0.59.10"
#define CGL_VERSION_MAJOR 0
#define CGL_VERSION_MINOR 59
#define CGL_VERSION_RELEASE 10
#define COIN_CGL_CHECKLEVEL 0
#define COIN_CGL_VERBOSITY 0
#define COIN_HAS_COINUTILS 1
#define COIN_HAS_COINUTILS 1
#define COIN_HAS_OSI 1
#define COIN_HAS_OSI 1
#define COIN_HAS_OSICLP 1
#define COIN_HAS_OSICLP 1
#define COIN_HAS_OSIGLPK 1
#define COIN_HAS_OSIGLPK 1
#define COIN_HAS_SAMPLE 1
#define COIN_HAS_SAMPLE 1
#define HAVE_CFLOAT 1
#define HAVE_CMATH 1
#define HAVE_DLFCN_H 1
#define HAVE_INTTYPES_H 1
#define HAVE_MEMORY_H 1
#define HAVE_STDINT_H 1
#define HAVE_STDLIB_H 1
#define HAVE_STRINGS_H 1
#define HAVE_STRING_H 1
#define HAVE_SYS_STAT_H 1
#define HAVE_SYS_TYPES_H 1
#define HAVE_UNISTD_H 1
#define PACKAGE "cgl"
#define PACKAGE_BUGREPORT "cgl@list.coin-or.org"
#define PACKAGE_NAME "Cgl"
#define PACKAGE_STRING "Cgl 0.59.10"
#define PACKAGE_TARNAME "cgl"
#define PACKAGE_VERSION "0.59.10"
#define STDC_HEADERS 1
#define VERSION "0.59.10"
#endif
#ifdef __cplusplus
extern "C" void std::exit (int) throw (); using std::exit;

configure: exit 0
