This file contains any messages produced by compilers while
running configure, to aid debugging if configure makes a mistake.

It was created by Cbc configure 2.9.9, which was
generated by GNU Autoconf 2.59.  Invocation command line was

  $ ./configure CFLAGS=-m64 -O3 --enable-gnu-packages --enable-cbc-parallel --enable-debug -C --prefix=/usr/local

## --------- ##
## Platform. ##
## --------- ##

hostname = 632afffc1852
uname -m = x86_64
uname -r = 4.15.0-39-generic
uname -s = Linux
uname -v = #42-Ubuntu SMP Tue Oct 23 15:48:01 UTC 2018

/usr/bin/uname -p = unknown
/bin/uname -X     = unknown

/bin/arch              = unknown
/usr/bin/arch -k       = unknown
/usr/convex/getsysinfo = unknown
hostinfo               = unknown
/bin/machine           = unknown
/usr/bin/oslevel       = unknown
/bin/universe          = unknown

PATH: /usr/local/sbin
PATH: /usr/local/bin
PATH: /usr/sbin
PATH: /usr/bin
PATH: /sbin
PATH: /bin


## ----------- ##
## Core tests. ##
## ----------- ##

configure:1601: creating cache config.cache
configure:1739: checking build system type
configure:1757: result: x86_64-unknown-linux-gnu
configure:1768: checking whether we want to compile in debug mode
configure:1794: result: yes
configure:2013: checking for gcc
configure:2029: found /usr/bin/gcc
configure:2039: result: gcc
configure:2060: checking for C compiler version
configure:2063: gcc --version </dev/null >&5
gcc (Ubuntu 7.3.0-27ubuntu1~18.04) 7.3.0
Copyright (C) 2017 Free Software Foundation, Inc.
This is free software; see the source for copying conditions.  There is NO
warranty; not even for MERCHANTABILITY or FITNESS FOR A PARTICULAR PURPOSE.

configure:2066: $? = 0
configure:2068: gcc -v </dev/null >&5
Using built-in specs.
COLLECT_GCC=gcc
COLLECT_LTO_WRAPPER=/usr/lib/gcc/x86_64-linux-gnu/7/lto-wrapper
OFFLOAD_TARGET_NAMES=nvptx-none
OFFLOAD_TARGET_DEFAULT=1
Target: x86_64-linux-gnu
Configured with: ../src/configure -v --with-pkgversion='Ubuntu 7.3.0-27ubuntu1~18.04' --with-bugurl=file:///usr/share/doc/gcc-7/README.Bugs --enable-languages=c,ada,c++,go,brig,d,fortran,objc,obj-c++ --prefix=/usr --with-gcc-major-version-only --program-suffix=-7 --program-prefix=x86_64-linux-gnu- --enable-shared --enable-linker-build-id --libexecdir=/usr/lib --without-included-gettext --enable-threads=posix --libdir=/usr/lib --enable-nls --with-sysroot=/ --enable-clocale=gnu --enable-libstdcxx-debug --enable-libstdcxx-time=yes --with-default-libstdcxx-abi=new --enable-gnu-unique-object --disable-vtable-verify --enable-libmpx --enable-plugin --enable-default-pie --with-system-zlib --with-target-system-zlib --enable-objc-gc=auto --enable-multiarch --disable-werror --with-arch-32=i686 --with-abi=m64 --with-multilib-list=m32,m64,mx32 --enable-multilib --with-tune=generic --enable-offload-targets=nvptx-none --without-cuda-driver --enable-checking=release --build=x86_64-linux-gnu --host=x86_64-linux-gnu --target=x86_64-linux-gnu
Thread model: posix
gcc version 7.3.0 (Ubuntu 7.3.0-27ubuntu1~18.04) 
configure:2071: $? = 0
configure:2073: gcc -V </dev/null >&5
gcc: error: unrecognized command line option '-V'
gcc: fatal error: no input files
compilation terminated.
configure:2076: $? = 1
configure:2099: checking for C compiler default output file name
configure:2102: gcc -m64 -O3   conftest.c  >&5
configure:2105: $? = 0
configure:2151: result: a.out
configure:2156: checking whether the C compiler works
configure:2162: ./a.out
configure:2165: $? = 0
configure:2182: result: yes
configure:2189: checking whether we are cross compiling
configure:2191: result: no
configure:2194: checking for suffix of executables
configure:2196: gcc -o conftest -m64 -O3   conftest.c  >&5
configure:2199: $? = 0
configure:2224: result: 
configure:2230: checking for suffix of object files
configure:2251: gcc -c -m64 -O3  conftest.c >&5
configure:2254: $? = 0
configure:2276: result: o
configure:2280: checking whether we are using the GNU C compiler
configure:2304: gcc -c -m64 -O3  conftest.c >&5
configure:2310: $? = 0
configure:2314: test -z 
			 || test ! -s conftest.err
configure:2317: $? = 0
configure:2320: test -s conftest.o
configure:2323: $? = 0
configure:2336: result: yes
configure:2342: checking whether gcc accepts -g
configure:2363: gcc -c -g  conftest.c >&5
configure:2369: $? = 0
configure:2373: test -z 
			 || test ! -s conftest.err
configure:2376: $? = 0
configure:2379: test -s conftest.o
configure:2382: $? = 0
configure:2393: result: yes
configure:2410: checking for gcc option to accept ANSI C
configure:2480: gcc  -c -m64 -O3  conftest.c >&5
configure:2486: $? = 0
configure:2490: test -z 
			 || test ! -s conftest.err
configure:2493: $? = 0
configure:2496: test -s conftest.o
configure:2499: $? = 0
configure:2517: result: none needed
configure:2535: gcc -c -m64 -O3  conftest.c >&5
conftest.c:2:3: error: unknown type name 'choke'
   choke me
   ^~~~~
conftest.c:2:3: error: expected '=', ',', ';', 'asm' or '__attribute__' at end of input
configure:2541: $? = 1
configure: failed program was:
| #ifndef __cplusplus
|   choke me
| #endif
configure:2962: gcc -o conftest -m64 -O3     conftest.c  >&5
configure:2968: $? = 0
configure:2972: test -z 
			 || test ! -s conftest.err
configure:2975: $? = 0
configure:2978: test -s conftest
configure:2981: $? = 0
configure:3048: C compiler options are: -m64 -O3  
configure:3165: checking for g++
configure:3181: found /usr/bin/g++
configure:3191: result: g++
configure:3207: checking for C++ compiler version
configure:3210: g++ --version </dev/null >&5
g++ (Ubuntu 7.3.0-27ubuntu1~18.04) 7.3.0
Copyright (C) 2017 Free Software Foundation, Inc.
This is free software; see the source for copying conditions.  There is NO
warranty; not even for MERCHANTABILITY or FITNESS FOR A PARTICULAR PURPOSE.

configure:3213: $? = 0
configure:3215: g++ -v </dev/null >&5
Using built-in specs.
COLLECT_GCC=g++
COLLECT_LTO_WRAPPER=/usr/lib/gcc/x86_64-linux-gnu/7/lto-wrapper
OFFLOAD_TARGET_NAMES=nvptx-none
OFFLOAD_TARGET_DEFAULT=1
Target: x86_64-linux-gnu
Configured with: ../src/configure -v --with-pkgversion='Ubuntu 7.3.0-27ubuntu1~18.04' --with-bugurl=file:///usr/share/doc/gcc-7/README.Bugs --enable-languages=c,ada,c++,go,brig,d,fortran,objc,obj-c++ --prefix=/usr --with-gcc-major-version-only --program-suffix=-7 --program-prefix=x86_64-linux-gnu- --enable-shared --enable-linker-build-id --libexecdir=/usr/lib --without-included-gettext --enable-threads=posix --libdir=/usr/lib --enable-nls --with-sysroot=/ --enable-clocale=gnu --enable-libstdcxx-debug --enable-libstdcxx-time=yes --with-default-libstdcxx-abi=new --enable-gnu-unique-object --disable-vtable-verify --enable-libmpx --enable-plugin --enable-default-pie --with-system-zlib --with-target-system-zlib --enable-objc-gc=auto --enable-multiarch --disable-werror --with-arch-32=i686 --with-abi=m64 --with-multilib-list=m32,m64,mx32 --enable-multilib --with-tune=generic --enable-offload-targets=nvptx-none --without-cuda-driver --enable-checking=release --build=x86_64-linux-gnu --host=x86_64-linux-gnu --target=x86_64-linux-gnu
Thread model: posix
gcc version 7.3.0 (Ubuntu 7.3.0-27ubuntu1~18.04) 
configure:3218: $? = 0
configure:3220: g++ -V </dev/null >&5
g++: error: unrecognized command line option '-V'
g++: fatal error: no input files
compilation terminated.
configure:3223: $? = 1
configure:3226: checking whether we are using the GNU C++ compiler
configure:3250: g++ -c   conftest.cc >&5
configure:3256: $? = 0
configure:3260: test -z 
			 || test ! -s conftest.err
configure:3263: $? = 0
configure:3266: test -s conftest.o
configure:3269: $? = 0
configure:3282: result: yes
configure:3288: checking whether g++ accepts -g
configure:3309: g++ -c -g  conftest.cc >&5
configure:3315: $? = 0
configure:3319: test -z 
			 || test ! -s conftest.err
configure:3322: $? = 0
configure:3325: test -s conftest.o
configure:3328: $? = 0
configure:3339: result: yes
configure:3381: g++ -c -g -O2  conftest.cc >&5
configure:3387: $? = 0
configure:3391: test -z 
			 || test ! -s conftest.err
configure:3394: $? = 0
configure:3397: test -s conftest.o
configure:3400: $? = 0
configure:3426: g++ -c -g -O2  conftest.cc >&5
conftest.cc: In function 'int main()':
conftest.cc:13:1: error: 'exit' was not declared in this scope
 exit (42);
 ^~~~
configure:3432: $? = 1
configure: failed program was:
| /* confdefs.h.  */
| 
| #define PACKAGE_NAME "Cbc"
| #define PACKAGE_TARNAME "cbc"
| #define PACKAGE_VERSION "2.9.9"
| #define PACKAGE_STRING "Cbc 2.9.9"
| #define PACKAGE_BUGREPORT "cbc@lists.coin-or.org"
| /* end confdefs.h.  */
| 
| int
| main ()
| {
| exit (42);
|   ;
|   return 0;
| }
configure:3381: g++ -c -g -O2  conftest.cc >&5
configure:3387: $? = 0
configure:3391: test -z 
			 || test ! -s conftest.err
configure:3394: $? = 0
configure:3397: test -s conftest.o
configure:3400: $? = 0
configure:3426: g++ -c -g -O2  conftest.cc >&5
configure:3432: $? = 0
configure:3436: test -z 
			 || test ! -s conftest.err
configure:3439: $? = 0
configure:3442: test -s conftest.o
configure:3445: $? = 0
configure:3477: checking whether C++ compiler g++ works
configure:3495: g++ -c -g -O2  conftest.cc >&5
configure:3501: $? = 0
configure:3505: test -z 
			 || test ! -s conftest.err
configure:3508: $? = 0
configure:3511: test -s conftest.o
configure:3514: $? = 0
configure:3516: result: yes
configure:3837: g++ -o conftest -g -O0 -pipe -Wparentheses -Wreturn-type -Wcast-qual -Wall -Wpointer-arith -Wwrite-strings -Wconversion -Wno-unknown-pragmas -Wno-long-long     conftest.cc  >&5
configure:3843: $? = 0
configure:3847: test -z 
			 || test ! -s conftest.err
configure:3850: $? = 0
configure:3853: test -s conftest
configure:3856: $? = 0
configure:3923: C++ compiler options are: -g -O0 -pipe -Wparentheses -Wreturn-type -Wcast-qual -Wall -Wpointer-arith -Wwrite-strings -Wconversion -Wno-unknown-pragmas -Wno-long-long  
configure:3994: Trying to determine Fortran compiler name
configure:4043: checking for gfortran
configure:4072: result: no
configure:4043: checking for ifort
configure:4072: result: no
configure:4043: checking for g95
configure:4072: result: no
configure:4043: checking for fort77
configure:4072: result: no
configure:4043: checking for f77
configure:4072: result: no
configure:4043: checking for g77
configure:4072: result: no
configure:4043: checking for pgf90
configure:4072: result: no
configure:4043: checking for pgf77
configure:4072: result: no
configure:4043: checking for ifc
configure:4072: result: no
configure:4043: checking for frt
configure:4072: result: no
configure:4043: checking for af77
configure:4072: result: no
configure:4043: checking for xlf_r
configure:4072: result: no
configure:4321: WARNING: Failed to find a Fortran compiler!
configure:4608: Fortran compiler options are:  
configure:4731: checking for egrep
configure:4741: result: grep -E
configure:4746: checking whether ln -s works
configure:4750: result: yes
configure:4771: checking for a BSD-compatible install
configure:4826: result: /usr/bin/install -c
configure:4837: checking whether build environment is sane
configure:4880: result: yes
configure:4945: checking for gawk
configure:4974: result: no
configure:4945: checking for mawk
configure:4961: found /usr/bin/mawk
configure:4971: result: mawk
configure:4981: checking whether make sets $(MAKE)
configure:5001: result: yes
configure:5031: checking for style of include used by make
configure:5059: result: GNU
configure:5240: checking dependency style of gcc
configure:5330: result: gcc3
configure:5349: checking dependency style of g++
configure:5439: result: gcc3
configure:5457: checking whether to enable maintainer-specific portions of Makefiles
configure:5466: result: no
configure:5916: checking host system type
configure:5930: result: x86_64-unknown-linux-gnu
configure:5938: checking for a sed that does not truncate output
configure:5992: result: /bin/sed
configure:6006: checking for ld used by gcc
configure:6073: result: /usr/bin/ld
configure:6082: checking if the linker (/usr/bin/ld) is GNU ld
configure:6097: result: yes
configure:6102: checking for /usr/bin/ld option to reload object files
configure:6109: result: -r
configure:6127: checking for BSD-compatible nm
configure:6176: result: /usr/bin/nm -B
configure:6180: checking how to recognise dependent libraries
configure:6356: result: pass_all
configure:6443: gcc -c -m64 -O3    conftest.c >&5
configure:6446: $? = 0
configure:6592: checking how to run the C preprocessor
configure:6627: gcc -E  conftest.c
configure:6633: $? = 0
configure:6665: gcc -E  conftest.c
conftest.c:14:10: fatal error: ac_nonexistent.h: No such file or directory
 #include <ac_nonexistent.h>
          ^~~~~~~~~~~~~~~~~~
compilation terminated.
configure:6671: $? = 1
configure: failed program was:
| /* confdefs.h.  */
| 
| #define PACKAGE_NAME "Cbc"
| #define PACKAGE_TARNAME "cbc"
| #define PACKAGE_VERSION "2.9.9"
| #define PACKAGE_STRING "Cbc 2.9.9"
| #define PACKAGE_BUGREPORT "cbc@lists.coin-or.org"
| #ifdef __cplusplus
| extern "C" void std::exit (int) throw (); using std::exit;
| #endif
| #define PACKAGE "cbc"
| #define VERSION "2.9.9"
| /* end confdefs.h.  */
| #include <ac_nonexistent.h>
configure:6710: result: gcc -E
configure:6734: gcc -E  conftest.c
configure:6740: $? = 0
configure:6772: gcc -E  conftest.c
conftest.c:14:10: fatal error: ac_nonexistent.h: No such file or directory
 #include <ac_nonexistent.h>
          ^~~~~~~~~~~~~~~~~~
compilation terminated.
configure:6778: $? = 1
configure: failed program was:
| /* confdefs.h.  */
| 
| #define PACKAGE_NAME "Cbc"
| #define PACKAGE_TARNAME "cbc"
| #define PACKAGE_VERSION "2.9.9"
| #define PACKAGE_STRING "Cbc 2.9.9"
| #define PACKAGE_BUGREPORT "cbc@lists.coin-or.org"
| #ifdef __cplusplus
| extern "C" void std::exit (int) throw (); using std::exit;
| #endif
| #define PACKAGE "cbc"
| #define VERSION "2.9.9"
| /* end confdefs.h.  */
| #include <ac_nonexistent.h>
configure:6822: checking for ANSI C header files
configure:6847: gcc -c -m64 -O3    conftest.c >&5
configure:6853: $? = 0
configure:6857: test -z 
			 || test ! -s conftest.err
configure:6860: $? = 0
configure:6863: test -s conftest.o
configure:6866: $? = 0
configure:6955: gcc -o conftest -m64 -O3     conftest.c  >&5
conftest.c: In function 'main':
conftest.c:31:7: warning: implicit declaration of function 'exit' [-Wimplicit-function-declaration]
       exit(2);
       ^~~~
conftest.c:31:7: warning: incompatible implicit declaration of built-in function 'exit'
conftest.c:31:7: note: include '<stdlib.h>' or provide a declaration of 'exit'
conftest.c:32:3: warning: incompatible implicit declaration of built-in function 'exit'
   exit (0);
   ^~~~
conftest.c:32:3: note: include '<stdlib.h>' or provide a declaration of 'exit'
configure:6958: $? = 0
configure:6960: ./conftest
configure:6963: $? = 0
configure:6978: result: yes
configure:7002: checking for sys/types.h
configure:7018: gcc -c -m64 -O3    conftest.c >&5
configure:7024: $? = 0
configure:7028: test -z 
			 || test ! -s conftest.err
configure:7031: $? = 0
configure:7034: test -s conftest.o
configure:7037: $? = 0
configure:7048: result: yes
configure:7002: checking for sys/stat.h
configure:7018: gcc -c -m64 -O3    conftest.c >&5
configure:7024: $? = 0
configure:7028: test -z 
			 || test ! -s conftest.err
configure:7031: $? = 0
configure:7034: test -s conftest.o
configure:7037: $? = 0
configure:7048: result: yes
configure:7002: checking for stdlib.h
configure:7018: gcc -c -m64 -O3    conftest.c >&5
configure:7024: $? = 0
configure:7028: test -z 
			 || test ! -s conftest.err
configure:7031: $? = 0
configure:7034: test -s conftest.o
configure:7037: $? = 0
configure:7048: result: yes
configure:7002: checking for string.h
configure:7018: gcc -c -m64 -O3    conftest.c >&5
configure:7024: $? = 0
configure:7028: test -z 
			 || test ! -s conftest.err
configure:7031: $? = 0
configure:7034: test -s conftest.o
configure:7037: $? = 0
configure:7048: result: yes
configure:7002: checking for memory.h
configure:7018: gcc -c -m64 -O3    conftest.c >&5
configure:7024: $? = 0
configure:7028: test -z 
			 || test ! -s conftest.err
configure:7031: $? = 0
configure:7034: test -s conftest.o
configure:7037: $? = 0
configure:7048: result: yes
configure:7002: checking for strings.h
configure:7018: gcc -c -m64 -O3    conftest.c >&5
configure:7024: $? = 0
configure:7028: test -z 
			 || test ! -s conftest.err
configure:7031: $? = 0
configure:7034: test -s conftest.o
configure:7037: $? = 0
configure:7048: result: yes
configure:7002: checking for inttypes.h
configure:7018: gcc -c -m64 -O3    conftest.c >&5
configure:7024: $? = 0
configure:7028: test -z 
			 || test ! -s conftest.err
configure:7031: $? = 0
configure:7034: test -s conftest.o
configure:7037: $? = 0
configure:7048: result: yes
configure:7002: checking for stdint.h
configure:7018: gcc -c -m64 -O3    conftest.c >&5
configure:7024: $? = 0
configure:7028: test -z 
			 || test ! -s conftest.err
configure:7031: $? = 0
configure:7034: test -s conftest.o
configure:7037: $? = 0
configure:7048: result: yes
configure:7002: checking for unistd.h
configure:7018: gcc -c -m64 -O3    conftest.c >&5
configure:7024: $? = 0
configure:7028: test -z 
			 || test ! -s conftest.err
configure:7031: $? = 0
configure:7034: test -s conftest.o
configure:7037: $? = 0
configure:7048: result: yes
configure:7074: checking dlfcn.h usability
configure:7086: gcc -c -m64 -O3    conftest.c >&5
configure:7092: $? = 0
configure:7096: test -z 
			 || test ! -s conftest.err
configure:7099: $? = 0
configure:7102: test -s conftest.o
configure:7105: $? = 0
configure:7115: result: yes
configure:7119: checking dlfcn.h presence
configure:7129: gcc -E  conftest.c
configure:7135: $? = 0
configure:7155: result: yes
configure:7190: checking for dlfcn.h
configure:7197: result: yes
configure:7220: checking how to run the C++ preprocessor
configure:7251: g++ -E  conftest.cc
configure:7257: $? = 0
configure:7289: g++ -E  conftest.cc
conftest.cc:25:10: fatal error: ac_nonexistent.h: No such file or directory
 #include <ac_nonexistent.h>
          ^~~~~~~~~~~~~~~~~~
compilation terminated.
configure:7295: $? = 1
configure: failed program was:
| /* confdefs.h.  */
| 
| #define PACKAGE_NAME "Cbc"
| #define PACKAGE_TARNAME "cbc"
| #define PACKAGE_VERSION "2.9.9"
| #define PACKAGE_STRING "Cbc 2.9.9"
| #define PACKAGE_BUGREPORT "cbc@lists.coin-or.org"
| #ifdef __cplusplus
| extern "C" void std::exit (int) throw (); using std::exit;
| #endif
| #define PACKAGE "cbc"
| #define VERSION "2.9.9"
| #define STDC_HEADERS 1
| #define HAVE_SYS_TYPES_H 1
| #define HAVE_SYS_STAT_H 1
| #define HAVE_STDLIB_H 1
| #define HAVE_STRING_H 1
| #define HAVE_MEMORY_H 1
| #define HAVE_STRINGS_H 1
| #define HAVE_INTTYPES_H 1
| #define HAVE_STDINT_H 1
| #define HAVE_UNISTD_H 1
| #define HAVE_DLFCN_H 1
| /* end confdefs.h.  */
| #include <ac_nonexistent.h>
configure:7334: result: g++ -E
configure:7358: g++ -E  conftest.cc
configure:7364: $? = 0
configure:7396: g++ -E  conftest.cc
conftest.cc:25:10: fatal error: ac_nonexistent.h: No such file or directory
 #include <ac_nonexistent.h>
          ^~~~~~~~~~~~~~~~~~
compilation terminated.
configure:7402: $? = 1
configure: failed program was:
| /* confdefs.h.  */
| 
| #define PACKAGE_NAME "Cbc"
| #define PACKAGE_TARNAME "cbc"
| #define PACKAGE_VERSION "2.9.9"
| #define PACKAGE_STRING "Cbc 2.9.9"
| #define PACKAGE_BUGREPORT "cbc@lists.coin-or.org"
| #ifdef __cplusplus
| extern "C" void std::exit (int) throw (); using std::exit;
| #endif
| #define PACKAGE "cbc"
| #define VERSION "2.9.9"
| #define STDC_HEADERS 1
| #define HAVE_SYS_TYPES_H 1
| #define HAVE_SYS_STAT_H 1
| #define HAVE_STDLIB_H 1
| #define HAVE_STRING_H 1
| #define HAVE_MEMORY_H 1
| #define HAVE_STRINGS_H 1
| #define HAVE_INTTYPES_H 1
| #define HAVE_STDINT_H 1
| #define HAVE_UNISTD_H 1
| #define HAVE_DLFCN_H 1
| /* end confdefs.h.  */
| #include <ac_nonexistent.h>
configure:7451: checking the maximum length of command line arguments
configure:7560: result: 32768
configure:7571: checking command to parse /usr/bin/nm -B output from gcc object
configure:7676: g++ -c -g -O0 -pipe -Wparentheses -Wreturn-type -Wcast-qual -Wall -Wpointer-arith -Wwrite-strings -Wconversion -Wno-unknown-pragmas -Wno-long-long    conftest.cc >&5
configure:7679: $? = 0
configure:7683: /usr/bin/nm -B conftest.o \| sed -n -e 's/^.*[ 	]\([ABCDGIRSTW][ABCDGIRSTW]*\)[ 	][ 	]*\([_A-Za-z][_A-Za-z0-9]*\)$/\1 \2 \2/p' \> conftest.nm
configure:7686: $? = 0
configure:7738: g++ -o conftest -g -O0 -pipe -Wparentheses -Wreturn-type -Wcast-qual -Wall -Wpointer-arith -Wwrite-strings -Wconversion -Wno-unknown-pragmas -Wno-long-long     conftest.cc conftstm.o >&5
configure:7741: $? = 0
configure:7779: result: ok
configure:7783: checking for objdir
configure:7798: result: .libs
configure:7888: checking for ar
configure:7904: found /usr/bin/ar
configure:7915: result: ar
configure:7968: checking for ranlib
configure:7984: found /usr/bin/ranlib
configure:7995: result: ranlib
configure:8048: checking for strip
configure:8064: found /usr/bin/strip
configure:8075: result: strip
configure:8351: checking if gcc supports -fno-rtti -fno-exceptions
configure:8369: gcc -c -m64 -O3    -fno-rtti -fno-exceptions conftest.c >&5
cc1: warning: command line option '-fno-rtti' is valid for C++/ObjC++ but not for C
configure:8373: $? = 0
configure:8386: result: no
configure:8401: checking for gcc option to produce PIC
configure:8611: result: -fPIC
configure:8619: checking if gcc PIC flag -fPIC works
configure:8637: gcc -c -m64 -O3    -fPIC -DPIC conftest.c >&5
configure:8641: $? = 0
configure:8654: result: yes
configure:8682: checking if gcc static flag -static works
configure:8710: result: yes
configure:8720: checking if gcc supports -c -o file.o
configure:8741: gcc -c -m64 -O3    -o out/conftest2.o conftest.c >&5
configure:8745: $? = 0
configure:8767: result: yes
configure:8793: checking whether the gcc linker (/usr/bin/ld) supports shared libraries
configure:9751: result: yes
configure:9818: checking dynamic linker characteristics
configure:10406: result: GNU/Linux ld.so
configure:10415: checking how to hardcode library paths into programs
configure:10440: result: immediate
configure:10454: checking whether stripping libraries is possible
configure:10459: result: yes
configure:11293: checking if libtool supports shared libraries
configure:11295: result: yes
configure:11298: checking whether to build shared libraries
configure:11319: result: no
configure:11322: checking whether to build static libraries
configure:11326: result: yes
configure:11418: creating libtool
configure:12006: checking for ld used by g++
configure:12073: result: /usr/bin/ld
configure:12082: checking if the linker (/usr/bin/ld) is GNU ld
configure:12097: result: yes
configure:12148: checking whether the g++ linker (/usr/bin/ld) supports shared libraries
configure:13086: result: yes
configure:13108: g++ -c -g -O0 -pipe -Wparentheses -Wreturn-type -Wcast-qual -Wall -Wpointer-arith -Wwrite-strings -Wconversion -Wno-unknown-pragmas -Wno-long-long    conftest.cpp >&5
configure:13111: $? = 0
configure:13230: checking for g++ option to produce PIC
configure:13504: result: -fPIC
configure:13512: checking if g++ PIC flag -fPIC works
configure:13530: g++ -c -g -O0 -pipe -Wparentheses -Wreturn-type -Wcast-qual -Wall -Wpointer-arith -Wwrite-strings -Wconversion -Wno-unknown-pragmas -Wno-long-long    -fPIC -DPIC conftest.cpp >&5
configure:13534: $? = 0
configure:13547: result: yes
configure:13575: checking if g++ static flag -static works
configure:13603: result: yes
configure:13613: checking if g++ supports -c -o file.o
configure:13634: g++ -c -g -O0 -pipe -Wparentheses -Wreturn-type -Wcast-qual -Wall -Wpointer-arith -Wwrite-strings -Wconversion -Wno-unknown-pragmas -Wno-long-long    -o out/conftest2.o conftest.cpp >&5
configure:13638: $? = 0
configure:13660: result: yes
configure:13686: checking whether the g++ linker (/usr/bin/ld) supports shared libraries
configure:13711: result: yes
configure:13778: checking dynamic linker characteristics
configure:14366: result: GNU/Linux ld.so
configure:14375: checking how to hardcode library paths into programs
configure:14400: result: immediate
configure:14926: checking if libtool supports shared libraries
configure:14928: result: yes
configure:14931: checking whether to build shared libraries
configure:14951: result: no
configure:14954: checking whether to build static libraries
configure:14958: result: yes
configure:14968: checking for unavailable option to produce PIC
configure:15178: result: -fPIC
configure:15186: checking if unavailable PIC flag -fPIC works
configure:15204: unavailable -c   -fPIC conftest.f >&5
./configure: line 15205: unavailable: command not found
configure:15208: $? = 127
configure:15221: result: no
configure:15249: checking if unavailable static flag -static works
configure:15277: result: no
configure:15287: checking if unavailable supports -c -o file.o
configure:15308: unavailable -c   -o out/conftest2.o conftest.f >&5
./configure: line 15309: unavailable: command not found
configure:15312: $? = 127
configure:15334: result: no
configure:15360: checking whether the unavailable linker (/usr/bin/ld) supports shared libraries
configure:16298: result: yes
configure:16365: checking dynamic linker characteristics
configure:16953: result: GNU/Linux ld.so
configure:16962: checking how to hardcode library paths into programs
configure:16987: result: immediate
configure:20573: Build is "x86_64-unknown-linux-gnu".
configure:20826: checking if library version is set
configure:20833: result: no
configure:20849: checking whether source of project ASL is available and should be compiled
configure:20958: result: no, source file ./ThirdParty/ASL/solvers/asl.h not available
configure:20973: checking whether source of project Blas is available and should be compiled
configure:21098: result: no, source file ./ThirdParty/Blas/daxpy.f not available
configure:21113: checking whether source of project Lapack is available and should be compiled
configure:21238: result: no, source file ./ThirdParty/Lapack/LAPACK/SRC/dlarf.f not available
configure:21253: checking whether source of project Glpk is available and should be compiled
configure:21362: result: yes, source in ThirdParty/Glpk
configure:21377: checking whether source of project Metis is available and should be compiled
configure:21486: result: no, source file ./ThirdParty/Metis/metis-4.0/Lib/balance.c not available
configure:21501: checking whether source of project Mumps is available and should be compiled
configure:21610: result: no, source file ./ThirdParty/Mumps/MUMPS/src/dmumps_part1.F not available
configure:21625: checking whether source of project Sample is available and should be compiled
configure:21726: result: yes, source in Data/Sample
configure:21741: checking whether source of project Netlib is available and should be compiled
configure:21839: result: no
configure:21857: checking whether source of project miplib3 is available and should be compiled
configure:21958: result: yes, source in Data/miplib3
configure:21973: checking whether source of project CoinUtils is available and should be compiled
configure:22070: result: yes, source in CoinUtils
configure:22085: checking whether source of project Osi is available and should be compiled
configure:22182: result: yes, source in Osi
configure:22197: checking whether source of project Clp is available and should be compiled
configure:22294: result: yes, source in Clp
configure:22309: checking whether source of project DyLP is available and should be compiled
configure:22403: result: no
configure:22421: checking whether source of project Vol is available and should be compiled
configure:22515: result: no
configure:22533: checking whether source of project Cgl is available and should be compiled
configure:22630: result: yes, source in Cgl
configure:22645: checking whether source of project Cbc is available and should be compiled
configure:22742: result: yes, source in Cbc
configure:22763: configuring doxygen documentation options
configure:22770: checking for doxygen
configure:22797: result: no
configure:22806: checking for latex
configure:22833: result: no
configure:22861: checking for dot
configure:22888: result: NO
configure:22939: checking for doxygen doc'n for CoinUtils 
configure:22971: result: /usr/local/share/coin/doc/CoinUtils/doxydoc (tag)
configure:22939: checking for doxygen doc'n for Osi 
configure:22971: result: /usr/local/share/coin/doc/Osi/doxydoc (tag)
configure:22939: checking for doxygen doc'n for Clp 
configure:22971: result: /usr/local/share/coin/doc/Clp/doxydoc (tag)
configure:22939: checking for doxygen doc'n for DyLP 
configure:22971: result: /usr/local/share/coin/doc/DyLP/doxydoc (tag)
configure:22939: checking for doxygen doc'n for Cgl 
configure:22971: result: /usr/local/share/coin/doc/Cgl/doxydoc (tag)
configure:22939: checking for doxygen doc'n for Vol 
configure:22971: result: /usr/local/share/coin/doc/Vol/doxydoc (tag)
configure:22996: checking which command should be used to link input files
configure:23004: result: ln -s
configure:23250: creating ./config.status

## ---------------------- ##
## Running config.status. ##
## ---------------------- ##

This file was extended by Cbc config.status 2.9.9, which was
generated by GNU Autoconf 2.59.  Invocation command line was

  CONFIG_FILES    = 
  CONFIG_HEADERS  = 
  CONFIG_LINKS    = 
  CONFIG_COMMANDS = 
  $ ./config.status 

on 632afffc1852

config.status:763: creating Makefile
config.status:763: creating doxydoc/doxygen.conf
config.status:946: executing depfiles commands
configure:24411: configuring in ThirdParty/Glpk
configure:24528: running /bin/bash './configure' --prefix=/usr/local  'CFLAGS=-m64 -O3' '--enable-gnu-packages' '--enable-cbc-parallel' '--enable-debug' '-C' '--prefix=/usr/local' --cache-file=../../config.cache --srcdir=.
configure:24411: configuring in Data/Sample
configure:24528: running /bin/bash './configure' --prefix=/usr/local  'CFLAGS=-m64 -O3' '--enable-gnu-packages' '--enable-cbc-parallel' '--enable-debug' '-C' '--prefix=/usr/local' --cache-file=../../config.cache --srcdir=.
configure:24411: configuring in Data/miplib3
configure:24528: running /bin/bash './configure' --prefix=/usr/local  'CFLAGS=-m64 -O3' '--enable-gnu-packages' '--enable-cbc-parallel' '--enable-debug' '-C' '--prefix=/usr/local' --cache-file=../../config.cache --srcdir=.
configure:24411: configuring in CoinUtils
configure:24528: running /bin/bash './configure' --prefix=/usr/local  'CFLAGS=-m64 -O3' '--enable-gnu-packages' '--enable-cbc-parallel' '--enable-debug' '-C' '--prefix=/usr/local' --cache-file=../config.cache --srcdir=.
configure:24411: configuring in Osi
configure:24528: running /bin/bash './configure' --prefix=/usr/local  'CFLAGS=-m64 -O3' '--enable-gnu-packages' '--enable-cbc-parallel' '--enable-debug' '-C' '--prefix=/usr/local' --cache-file=../config.cache --srcdir=.
configure:24411: configuring in Clp
configure:24528: running /bin/bash './configure' --prefix=/usr/local  'CFLAGS=-m64 -O3' '--enable-gnu-packages' '--enable-cbc-parallel' '--enable-debug' '-C' '--prefix=/usr/local' --cache-file=../config.cache --srcdir=.
configure:24411: configuring in Cgl
configure:24528: running /bin/bash './configure' --prefix=/usr/local  'CFLAGS=-m64 -O3' '--enable-gnu-packages' '--enable-cbc-parallel' '--enable-debug' '-C' '--prefix=/usr/local' --cache-file=../config.cache --srcdir=.
configure:24411: configuring in Cbc
configure:24528: running /bin/bash './configure' --prefix=/usr/local  'CFLAGS=-m64 -O3' '--enable-gnu-packages' '--enable-cbc-parallel' '--enable-debug' '-C' '--prefix=/usr/local' --cache-file=../config.cache --srcdir=.
configure:24597: In case of trouble, first consult the troubleshooting page at https://projects.coin-or.org/BuildTools/wiki/user-troubleshooting
configure:24603: Main configuration of Cbc successful

## ---------------- ##
## Cache variables. ##
## ---------------- ##

ac_cv_build=x86_64-unknown-linux-gnu
ac_cv_build_alias=x86_64-unknown-linux-gnu
ac_cv_c_compiler_gnu=yes
ac_cv_cxx_compiler_gnu=yes
ac_cv_env_ADD_CFLAGS_set=
ac_cv_env_ADD_CFLAGS_value=
ac_cv_env_ADD_CXXFLAGS_set=
ac_cv_env_ADD_CXXFLAGS_value=
ac_cv_env_ADD_FFLAGS_set=
ac_cv_env_ADD_FFLAGS_value=
ac_cv_env_CC_set=
ac_cv_env_CC_value=
ac_cv_env_CDEFS_set=
ac_cv_env_CDEFS_value=
ac_cv_env_CFLAGS_set=set
ac_cv_env_CFLAGS_value='-m64 -O3'
ac_cv_env_COIN_SKIP_PROJECTS_set=
ac_cv_env_COIN_SKIP_PROJECTS_value=
ac_cv_env_CPPFLAGS_set=
ac_cv_env_CPPFLAGS_value=
ac_cv_env_CPP_set=
ac_cv_env_CPP_value=
ac_cv_env_CXXCPP_set=
ac_cv_env_CXXCPP_value=
ac_cv_env_CXXDEFS_set=
ac_cv_env_CXXDEFS_value=
ac_cv_env_CXXFLAGS_set=
ac_cv_env_CXXFLAGS_value=
ac_cv_env_CXX_set=
ac_cv_env_CXX_value=
ac_cv_env_DBG_CFLAGS_set=
ac_cv_env_DBG_CFLAGS_value=
ac_cv_env_DBG_CXXFLAGS_set=
ac_cv_env_DBG_CXXFLAGS_value=
ac_cv_env_DBG_FFLAGS_set=
ac_cv_env_DBG_FFLAGS_value=
ac_cv_env_F77_set=
ac_cv_env_F77_value=
ac_cv_env_FFLAGS_set=
ac_cv_env_FFLAGS_value=
ac_cv_env_LDFLAGS_set=
ac_cv_env_LDFLAGS_value=
ac_cv_env_MPICC_set=
ac_cv_env_MPICC_value=
ac_cv_env_MPICXX_set=
ac_cv_env_MPICXX_value=
ac_cv_env_MPIF77_set=
ac_cv_env_MPIF77_value=
ac_cv_env_OPT_CFLAGS_set=
ac_cv_env_OPT_CFLAGS_value=
ac_cv_env_OPT_CXXFLAGS_set=
ac_cv_env_OPT_CXXFLAGS_value=
ac_cv_env_OPT_FFLAGS_set=
ac_cv_env_OPT_FFLAGS_value=
ac_cv_env_build_alias_set=
ac_cv_env_build_alias_value=
ac_cv_env_host_alias_set=
ac_cv_env_host_alias_value=
ac_cv_env_target_alias_set=
ac_cv_env_target_alias_value=
ac_cv_exeext=
ac_cv_header_dlfcn_h=yes
ac_cv_header_inttypes_h=yes
ac_cv_header_memory_h=yes
ac_cv_header_stdc=yes
ac_cv_header_stdint_h=yes
ac_cv_header_stdlib_h=yes
ac_cv_header_string_h=yes
ac_cv_header_strings_h=yes
ac_cv_header_sys_stat_h=yes
ac_cv_header_sys_types_h=yes
ac_cv_header_unistd_h=yes
ac_cv_host=x86_64-unknown-linux-gnu
ac_cv_host_alias=x86_64-unknown-linux-gnu
ac_cv_objext=o
ac_cv_path_install='/usr/bin/install -c'
ac_cv_prog_AWK=mawk
ac_cv_prog_CPP='gcc -E'
ac_cv_prog_CXXCPP='g++ -E'
ac_cv_prog_ac_ct_AR=ar
ac_cv_prog_ac_ct_CC=gcc
ac_cv_prog_ac_ct_CXX=g++
ac_cv_prog_ac_ct_RANLIB=ranlib
ac_cv_prog_ac_ct_STRIP=strip
ac_cv_prog_cc_g=yes
ac_cv_prog_cc_stdc=
ac_cv_prog_coin_doxy_usedot=NO
ac_cv_prog_coin_have_doxygen=no
ac_cv_prog_coin_have_latex=no
ac_cv_prog_cxx_g=yes
ac_cv_prog_egrep='grep -E'
ac_cv_prog_make_make_set=yes
am_cv_CC_dependencies_compiler_type=gcc3
am_cv_CXX_dependencies_compiler_type=gcc3
lt_cv_deplibs_check_method=pass_all
lt_cv_file_magic_cmd='$MAGIC_CMD'
lt_cv_file_magic_test_file=
lt_cv_ld_reload_flag=-r
lt_cv_objdir=.libs
lt_cv_path_LD=/usr/bin/ld
lt_cv_path_LDCXX=/usr/bin/ld
lt_cv_path_NM='/usr/bin/nm -B'
lt_cv_path_SED=/bin/sed
lt_cv_prog_compiler_c_o=yes
lt_cv_prog_compiler_c_o_CXX=yes
lt_cv_prog_compiler_c_o_F77=no
lt_cv_prog_compiler_rtti_exceptions=no
lt_cv_prog_gnu_ld=yes
lt_cv_prog_gnu_ldcxx=yes
lt_cv_sys_global_symbol_pipe='sed -n -e '\''s/^.*[ 	]\([ABCDGIRSTW][ABCDGIRSTW]*\)[ 	][ 	]*\([_A-Za-z][_A-Za-z0-9]*\)$/\1 \2 \2/p'\'''
lt_cv_sys_global_symbol_to_c_name_address='sed -n -e '\''s/^: \([^ ]*\) $/  {\"\1\", (lt_ptr) 0},/p'\'' -e '\''s/^[BCDEGRST] \([^ ]*\) \([^ ]*\)$/  {"\2", (lt_ptr) \&\2},/p'\'''
lt_cv_sys_global_symbol_to_cdecl='sed -n -e '\''s/^. .* \(.*\)$/extern int \1;/p'\'''
lt_cv_sys_max_cmd_len=32768
lt_lt_cv_prog_compiler_c_o='"yes"'
lt_lt_cv_prog_compiler_c_o_CXX='"yes"'
lt_lt_cv_prog_compiler_c_o_F77='"no"'
lt_lt_cv_sys_global_symbol_pipe='"sed -n -e '\''s/^.*[ 	]\\([ABCDGIRSTW][ABCDGIRSTW]*\\)[ 	][ 	]*\\([_A-Za-z][_A-Za-z0-9]*\\)\$/\\1 \\2 \\2/p'\''"'
lt_lt_cv_sys_global_symbol_to_c_name_address='"sed -n -e '\''s/^: \\([^ ]*\\) \$/  {\\\"\\1\\\", (lt_ptr) 0},/p'\'' -e '\''s/^[BCDEGRST] \\([^ ]*\\) \\([^ ]*\\)\$/  {\"\\2\", (lt_ptr) \\&\\2},/p'\''"'
lt_lt_cv_sys_global_symbol_to_cdecl='"sed -n -e '\''s/^. .* \\(.*\\)\$/extern int \\1;/p'\''"'

## ----------------- ##
## Output variables. ##
## ----------------- ##

ABSBUILDDIR=''
ACLOCAL='${SHELL} /mpsis/L3/cbc/missing --run aclocal-1.9'
ADD_CFLAGS=''
ADD_CXXFLAGS=''
ADD_FFLAGS=''
AMDEPBACKSLASH='\'
AMDEP_FALSE='#'
AMDEP_TRUE=''
AMTAR='${SHELL} /mpsis/L3/cbc/missing --run tar'
AR='ar'
AUTOCONF='${SHELL} /mpsis/L3/cbc/missing --run autoconf'
AUTOHEADER='${SHELL} /mpsis/L3/cbc/missing --run autoheader'
AUTOMAKE='${SHELL} /mpsis/L3/cbc/missing --run automake-1.9'
AUX_DIR=''
AWK='mawk'
BUILDTOOLSDIR=''
CC='gcc'
CCDEPMODE='depmode=gcc3'
CDEFS=''
CFLAGS='-m64 -O3  '
COIN_CC_IS_CL_FALSE=''
COIN_CC_IS_CL_TRUE='#'
COIN_CXX_IS_CL_FALSE=''
COIN_CXX_IS_CL_TRUE='#'
COIN_HAS_DOXYGEN_FALSE=''
COIN_HAS_DOXYGEN_TRUE='#'
COIN_HAS_LATEX_FALSE=''
COIN_HAS_LATEX_TRUE='#'
COIN_SKIP_PROJECTS=''
CPP='gcc -E'
CPPFLAGS=''
CXX='g++'
CXXCPP='g++ -E'
CXXDEFS=''
CXXDEPMODE='depmode=gcc3'
CXXFLAGS='-g -O0 -pipe -Wparentheses -Wreturn-type -Wcast-qual -Wall -Wpointer-arith -Wwrite-strings -Wconversion -Wno-unknown-pragmas -Wno-long-long  '
CYGPATH_W='echo'
DBG_CFLAGS='-m64 -O3  '
DBG_CXXFLAGS='-g -O0 -pipe -Wparentheses -Wreturn-type -Wcast-qual -Wall -Wpointer-arith -Wwrite-strings -Wconversion -Wno-unknown-pragmas -Wno-long-long  '
DBG_FFLAGS=' '
DEFS='-DPACKAGE_NAME=\"Cbc\" -DPACKAGE_TARNAME=\"cbc\" -DPACKAGE_VERSION=\"2.9.9\" -DPACKAGE_STRING=\"Cbc\ 2.9.9\" -DPACKAGE_BUGREPORT=\"cbc@lists.coin-or.org\" -DPACKAGE=\"cbc\" -DVERSION=\"2.9.9\" -DSTDC_HEADERS=1 -DHAVE_SYS_TYPES_H=1 -DHAVE_SYS_STAT_H=1 -DHAVE_STDLIB_H=1 -DHAVE_STRING_H=1 -DHAVE_MEMORY_H=1 -DHAVE_STRINGS_H=1 -DHAVE_INTTYPES_H=1 -DHAVE_STDINT_H=1 -DHAVE_UNISTD_H=1 -DHAVE_DLFCN_H=1 '
DEPDIR='.deps'
DEPENDENCY_LINKING_FALSE='#'
DEPENDENCY_LINKING_TRUE=''
ECHO='echo'
ECHO_C=''
ECHO_N='-n'
ECHO_T=''
EGREP='grep -E'
EXEEXT=''
F77='unavailable'
FFLAGS=' '
HAVE_EXTERNALS_FALSE=''
HAVE_EXTERNALS_TRUE='#'
INSTALL_DATA='${INSTALL} -m 644'
INSTALL_PROGRAM='${INSTALL}'
INSTALL_SCRIPT='${INSTALL}'
INSTALL_STRIP_PROGRAM='${SHELL} $(install_sh) -c -s'
LDFLAGS=''
LIBEXT='a'
LIBOBJS=''
LIBS=''
LIBTOOL='$(SHELL) $(top_builddir)/libtool'
LIBTOOLM4=''
LN_S='ln -s'
LTLIBOBJS=''
LT_LDFLAGS='-no-undefined'
MAINT='#'
MAINTAINER_MODE_FALSE=''
MAINTAINER_MODE_TRUE='#'
MAKEINFO='${SHELL} /mpsis/L3/cbc/missing --run makeinfo'
MPICC=''
MPICXX=''
MPIF77=''
OBJEXT='o'
OPT_CFLAGS='-m64 -O3  '
OPT_CXXFLAGS='-O3 -pipe -DNDEBUG -Wparentheses -Wreturn-type -Wcast-qual -Wall -Wpointer-arith -Wwrite-strings -Wconversion -Wno-unknown-pragmas -Wno-long-long  '
OPT_FFLAGS=' '
PACKAGE='cbc'
PACKAGE_BUGREPORT='cbc@lists.coin-or.org'
PACKAGE_NAME='Cbc'
PACKAGE_STRING='Cbc 2.9.9'
PACKAGE_TARNAME='cbc'
PACKAGE_VERSION='2.9.9'
PATH_SEPARATOR=':'
RANLIB='ranlib'
RPATH_FLAGS=''
SET_MAKE=''
SHELL='/bin/bash'
STRIP='strip'
VERSION='2.9.9'
VPATH_DISTCLEANFILES=''
abs_bin_dir='/usr/local/bin'
abs_include_dir='/usr/local/include'
abs_lib_dir='/usr/local/lib'
abs_source_dir='/mpsis/L3/cbc'
ac_c_preproc_warn_flag=''
ac_ct_AR='ar'
ac_ct_CC='gcc'
ac_ct_CXX='g++'
ac_ct_F77='unavailable'
ac_ct_RANLIB='ranlib'
ac_ct_STRIP='strip'
ac_cxx_preproc_warn_flag=''
am__fastdepCC_FALSE='#'
am__fastdepCC_TRUE=''
am__fastdepCXX_FALSE='#'
am__fastdepCXX_TRUE=''
am__include='include'
am__leading_dot='.'
am__quote=''
am__tar='${AMTAR} chof - "$$tardir"'
am__untar='${AMTAR} xf -'
bindir='${exec_prefix}/bin'
build='x86_64-unknown-linux-gnu'
build_alias=''
build_cpu='x86_64'
build_os='linux-gnu'
build_vendor='unknown'
coin_doxy_excludes=''
coin_doxy_logname='doxydoc/cbc_doxy.log'
coin_doxy_tagfiles=' /usr/local/share/coin/doc/CoinUtils/doxydoc/coinutils_doxy.tag=/usr/local/share/coin/doc/CoinUtils/doxydoc/html /usr/local/share/coin/doc/Osi/doxydoc/osi_doxy.tag=/usr/local/share/coin/doc/Osi/doxydoc/html /usr/local/share/coin/doc/Clp/doxydoc/clp_doxy.tag=/usr/local/share/coin/doc/Clp/doxydoc/html /usr/local/share/coin/doc/DyLP/doxydoc/dylp_doxy.tag=/usr/local/share/coin/doc/DyLP/doxydoc/html /usr/local/share/coin/doc/Cgl/doxydoc/cgl_doxy.tag=/usr/local/share/coin/doc/Cgl/doxydoc/html /usr/local/share/coin/doc/Vol/doxydoc/vol_doxy.tag=/usr/local/share/coin/doc/Vol/doxydoc/html'
coin_doxy_tagname='doxydoc/cbc_doxy.tag'
coin_doxy_usedot='NO'
coin_have_doxygen='no'
coin_have_latex='no'
datadir='${prefix}/share'
exec_prefix='${prefix}'
have_autoconf=''
have_automake=''
have_svn=''
host='x86_64-unknown-linux-gnu'
host_alias=''
host_cpu='x86_64'
host_os='linux-gnu'
host_vendor='unknown'
includedir='${prefix}/include'
infodir='${prefix}/info'
install_sh='/mpsis/L3/cbc/install-sh'
libdir='${exec_prefix}/lib'
libexecdir='${exec_prefix}/libexec'
localstatedir='${prefix}/var'
mandir='${prefix}/man'
mkdir_p='mkdir -p --'
oldincludedir='/usr/include'
prefix='/usr/local'
program_transform_name='s,x,x,'
sbindir='${exec_prefix}/sbin'
sharedstatedir='${prefix}/com'
sol_cc_compiler=''
subdirs=' ThirdParty/Glpk Data/Sample Data/miplib3 CoinUtils Osi Clp Cgl Cbc'
sysconfdir='${prefix}/etc'
target_alias=''

## ----------- ##
## confdefs.h. ##
## ----------- ##

#define HAVE_DLFCN_H 1
#define HAVE_INTTYPES_H 1
#define HAVE_MEMORY_H 1
#define HAVE_STDINT_H 1
#define HAVE_STDLIB_H 1
#define HAVE_STRINGS_H 1
#define HAVE_STRING_H 1
#define HAVE_SYS_STAT_H 1
#define HAVE_SYS_TYPES_H 1
#define HAVE_UNISTD_H 1
#define PACKAGE "cbc"
#define PACKAGE_BUGREPORT "cbc@lists.coin-or.org"
#define PACKAGE_NAME "Cbc"
#define PACKAGE_STRING "Cbc 2.9.9"
#define PACKAGE_TARNAME "cbc"
#define PACKAGE_VERSION "2.9.9"
#define STDC_HEADERS 1
#define VERSION "2.9.9"
#endif
#ifdef __cplusplus
extern "C" void std::exit (int) throw (); using std::exit;

configure: exit 0
