This file contains any messages produced by compilers while
running configure, to aid debugging if configure makes a mistake.

It was created by Clp configure 1.16.11, which was
generated by GNU Autoconf 2.59.  Invocation command line was

  $ ./configure --prefix=/usr/local CFLAGS=-m64 -O3 --enable-gnu-packages --enable-cbc-parallel --enable-debug -C --prefix=/usr/local --cache-file=../config.cache --srcdir=.

## --------- ##
## Platform. ##
## --------- ##

hostname = 632afffc1852
uname -m = x86_64
uname -r = 4.15.0-39-generic
uname -s = Linux
uname -v = #42-Ubuntu SMP Tue Oct 23 15:48:01 UTC 2018

/usr/bin/uname -p = unknown
/bin/uname -X     = unknown

/bin/arch              = unknown
/usr/bin/arch -k       = unknown
/usr/convex/getsysinfo = unknown
hostinfo               = unknown
/bin/machine           = unknown
/usr/bin/oslevel       = unknown
/bin/universe          = unknown

PATH: /usr/local/sbin
PATH: /usr/local/bin
PATH: /usr/sbin
PATH: /usr/bin
PATH: /sbin
PATH: /bin


## ----------- ##
## Core tests. ##
## ----------- ##

configure:1571: loading cache ../config.cache
configure:1716: checking build system type
configure:1734: result: x86_64-unknown-linux-gnu
configure:1807: checking for svnversion
configure:1834: result: yes
configure:1864: checking whether we want to compile in debug mode
configure:1907: result: yes
configure:2160: checking for gcc
configure:2186: result: gcc
configure:2207: checking for C compiler version
configure:2210: gcc --version </dev/null >&5
gcc (Ubuntu 7.3.0-27ubuntu1~18.04) 7.3.0
Copyright (C) 2017 Free Software Foundation, Inc.
This is free software; see the source for copying conditions.  There is NO
warranty; not even for MERCHANTABILITY or FITNESS FOR A PARTICULAR PURPOSE.

configure:2213: $? = 0
configure:2215: gcc -v </dev/null >&5
Using built-in specs.
COLLECT_GCC=gcc
COLLECT_LTO_WRAPPER=/usr/lib/gcc/x86_64-linux-gnu/7/lto-wrapper
OFFLOAD_TARGET_NAMES=nvptx-none
OFFLOAD_TARGET_DEFAULT=1
Target: x86_64-linux-gnu
Configured with: ../src/configure -v --with-pkgversion='Ubuntu 7.3.0-27ubuntu1~18.04' --with-bugurl=file:///usr/share/doc/gcc-7/README.Bugs --enable-languages=c,ada,c++,go,brig,d,fortran,objc,obj-c++ --prefix=/usr --with-gcc-major-version-only --program-suffix=-7 --program-prefix=x86_64-linux-gnu- --enable-shared --enable-linker-build-id --libexecdir=/usr/lib --without-included-gettext --enable-threads=posix --libdir=/usr/lib --enable-nls --with-sysroot=/ --enable-clocale=gnu --enable-libstdcxx-debug --enable-libstdcxx-time=yes --with-default-libstdcxx-abi=new --enable-gnu-unique-object --disable-vtable-verify --enable-libmpx --enable-plugin --enable-default-pie --with-system-zlib --with-target-system-zlib --enable-objc-gc=auto --enable-multiarch --disable-werror --with-arch-32=i686 --with-abi=m64 --with-multilib-list=m32,m64,mx32 --enable-multilib --with-tune=generic --enable-offload-targets=nvptx-none --without-cuda-driver --enable-checking=release --build=x86_64-linux-gnu --host=x86_64-linux-gnu --target=x86_64-linux-gnu
Thread model: posix
gcc version 7.3.0 (Ubuntu 7.3.0-27ubuntu1~18.04) 
configure:2218: $? = 0
configure:2220: gcc -V </dev/null >&5
gcc: error: unrecognized command line option '-V'
gcc: fatal error: no input files
compilation terminated.
configure:2223: $? = 1
configure:2246: checking for C compiler default output file name
configure:2249: gcc -m64 -O3   conftest.c  >&5
configure:2252: $? = 0
configure:2298: result: a.out
configure:2303: checking whether the C compiler works
configure:2309: ./a.out
configure:2312: $? = 0
configure:2329: result: yes
configure:2336: checking whether we are cross compiling
configure:2338: result: no
configure:2341: checking for suffix of executables
configure:2343: gcc -o conftest -m64 -O3   conftest.c  >&5
configure:2346: $? = 0
configure:2371: result: 
configure:2377: checking for suffix of object files
configure:2423: result: o
configure:2427: checking whether we are using the GNU C compiler
configure:2483: result: yes
configure:2489: checking whether gcc accepts -g
configure:2540: result: yes
configure:2557: checking for gcc option to accept ANSI C
configure:2664: result: none needed
configure:2682: gcc -c -m64 -O3  conftest.c >&5
conftest.c:2:3: error: unknown type name 'choke'
   choke me
   ^~~~~
conftest.c:2:3: error: expected '=', ',', ';', 'asm' or '__attribute__' at end of input
configure:2688: $? = 1
configure: failed program was:
| #ifndef __cplusplus
|   choke me
| #endif
configure:3109: gcc -o conftest -m64 -O3   -DCLP_BUILD   conftest.c  >&5
configure:3115: $? = 0
configure:3119: test -z 
			 || test ! -s conftest.err
configure:3122: $? = 0
configure:3125: test -s conftest
configure:3128: $? = 0
configure:3195: C compiler options are: -m64 -O3   -DCLP_BUILD
configure:3310: checking for g++
configure:3336: result: g++
configure:3352: checking for C++ compiler version
configure:3355: g++ --version </dev/null >&5
g++ (Ubuntu 7.3.0-27ubuntu1~18.04) 7.3.0
Copyright (C) 2017 Free Software Foundation, Inc.
This is free software; see the source for copying conditions.  There is NO
warranty; not even for MERCHANTABILITY or FITNESS FOR A PARTICULAR PURPOSE.

configure:3358: $? = 0
configure:3360: g++ -v </dev/null >&5
Using built-in specs.
COLLECT_GCC=g++
COLLECT_LTO_WRAPPER=/usr/lib/gcc/x86_64-linux-gnu/7/lto-wrapper
OFFLOAD_TARGET_NAMES=nvptx-none
OFFLOAD_TARGET_DEFAULT=1
Target: x86_64-linux-gnu
Configured with: ../src/configure -v --with-pkgversion='Ubuntu 7.3.0-27ubuntu1~18.04' --with-bugurl=file:///usr/share/doc/gcc-7/README.Bugs --enable-languages=c,ada,c++,go,brig,d,fortran,objc,obj-c++ --prefix=/usr --with-gcc-major-version-only --program-suffix=-7 --program-prefix=x86_64-linux-gnu- --enable-shared --enable-linker-build-id --libexecdir=/usr/lib --without-included-gettext --enable-threads=posix --libdir=/usr/lib --enable-nls --with-sysroot=/ --enable-clocale=gnu --enable-libstdcxx-debug --enable-libstdcxx-time=yes --with-default-libstdcxx-abi=new --enable-gnu-unique-object --disable-vtable-verify --enable-libmpx --enable-plugin --enable-default-pie --with-system-zlib --with-target-system-zlib --enable-objc-gc=auto --enable-multiarch --disable-werror --with-arch-32=i686 --with-abi=m64 --with-multilib-list=m32,m64,mx32 --enable-multilib --with-tune=generic --enable-offload-targets=nvptx-none --without-cuda-driver --enable-checking=release --build=x86_64-linux-gnu --host=x86_64-linux-gnu --target=x86_64-linux-gnu
Thread model: posix
gcc version 7.3.0 (Ubuntu 7.3.0-27ubuntu1~18.04) 
configure:3363: $? = 0
configure:3365: g++ -V </dev/null >&5
g++: error: unrecognized command line option '-V'
g++: fatal error: no input files
compilation terminated.
configure:3368: $? = 1
configure:3371: checking whether we are using the GNU C++ compiler
configure:3427: result: yes
configure:3433: checking whether g++ accepts -g
configure:3484: result: yes
configure:3526: g++ -c -g -O2  conftest.cc >&5
configure:3532: $? = 0
configure:3536: test -z 
			 || test ! -s conftest.err
configure:3539: $? = 0
configure:3542: test -s conftest.o
configure:3545: $? = 0
configure:3571: g++ -c -g -O2  conftest.cc >&5
conftest.cc: In function 'int main()':
conftest.cc:20:1: error: 'exit' was not declared in this scope
 exit (42);
 ^~~~
configure:3577: $? = 1
configure: failed program was:
| /* confdefs.h.  */
| 
| #define PACKAGE_NAME "Clp"
| #define PACKAGE_TARNAME "clp"
| #define PACKAGE_VERSION "1.16.11"
| #define PACKAGE_STRING "Clp 1.16.11"
| #define PACKAGE_BUGREPORT "clp@list.coin-or.org"
| #define CLP_VERSION "1.16.11"
| #define CLP_VERSION_MAJOR 1
| #define CLP_VERSION_MINOR 16
| #define CLP_VERSION_RELEASE 11
| #define CLP_SVN_REV 2373
| #define COIN_CLP_VERBOSITY 0
| #define COIN_CLP_CHECKLEVEL 0
| /* end confdefs.h.  */
| 
| int
| main ()
| {
| exit (42);
|   ;
|   return 0;
| }
configure:3526: g++ -c -g -O2  conftest.cc >&5
configure:3532: $? = 0
configure:3536: test -z 
			 || test ! -s conftest.err
configure:3539: $? = 0
configure:3542: test -s conftest.o
configure:3545: $? = 0
configure:3571: g++ -c -g -O2  conftest.cc >&5
configure:3577: $? = 0
configure:3581: test -z 
			 || test ! -s conftest.err
configure:3584: $? = 0
configure:3587: test -s conftest.o
configure:3590: $? = 0
configure:3622: checking whether C++ compiler g++ works
configure:3640: g++ -c -g -O2  conftest.cc >&5
configure:3646: $? = 0
configure:3650: test -z 
			 || test ! -s conftest.err
configure:3653: $? = 0
configure:3656: test -s conftest.o
configure:3659: $? = 0
configure:3661: result: yes
configure:3982: g++ -o conftest -g -O0 -pipe -Wparentheses -Wreturn-type -Wcast-qual -Wall -Wpointer-arith -Wwrite-strings -Wconversion -Wno-unknown-pragmas -Wno-long-long   -DCLP_BUILD   conftest.cc  >&5
configure:3988: $? = 0
configure:3992: test -z 
			 || test ! -s conftest.err
configure:3995: $? = 0
configure:3998: test -s conftest
configure:4001: $? = 0
configure:4068: C++ compiler options are: -g -O0 -pipe -Wparentheses -Wreturn-type -Wcast-qual -Wall -Wpointer-arith -Wwrite-strings -Wconversion -Wno-unknown-pragmas -Wno-long-long   -DCLP_BUILD
configure:4187: checking for egrep
configure:4197: result: grep -E
configure:4202: checking whether ln -s works
configure:4206: result: yes
configure:4227: checking for a BSD-compatible install
configure:4282: result: /usr/bin/install -c
configure:4293: checking whether build environment is sane
configure:4336: result: yes
configure:4401: checking for gawk
configure:4427: result: mawk
configure:4437: checking whether make sets $(MAKE)
configure:4457: result: yes
configure:4487: checking for style of include used by make
configure:4515: result: GNU
configure:4696: checking dependency style of gcc
configure:4786: result: gcc3
configure:4805: checking dependency style of g++
configure:4895: result: gcc3
configure:4913: checking whether to enable maintainer-specific portions of Makefiles
configure:4922: result: no
configure:20420: Using libtool script in directory ..
configure:20519: checking if library version is set
configure:20523: result: 14:11:13
configure:20596: checking for pkg-config
configure:20625: result: no
configure:20736: checking for COIN-OR package CoinUtils
configure:20918: result: skipped check via pkg-config, redirect to fallback
configure:20921: checking for COIN-OR package CoinUtils (fallback)
configure:21117: result: yes
configure:21251: checking for COIN-OR package Osi
configure:21433: result: skipped check via pkg-config, redirect to fallback
configure:21436: checking for COIN-OR package Osi (fallback)
configure:21632: result: yes
configure:21761: checking for COIN-OR package OsiTests
configure:21928: result: skipped check via pkg-config, redirect to fallback
configure:21931: checking for COIN-OR package OsiTests (fallback)
configure:22127: result: yes
configure:22241: checking for COIN-OR package Sample
configure:22408: result: skipped check via pkg-config, redirect to fallback
configure:22411: checking for COIN-OR package Sample (fallback)
configure:22607: result: yes
configure:22721: checking for COIN-OR package Netlib
configure:22888: result: skipped check via pkg-config, redirect to fallback
configure:22891: checking for COIN-OR package Netlib (fallback)
configure:22957: result: no, dependency coindatanetlib not available
configure:23251: checking if user provides library for AMD
configure:23296: result: no
configure:23444: checking if user provides library for CHOLMOD
configure:23489: result: no
configure:23635: checking for COIN-OR package Glpk
configure:23817: result: skipped check via pkg-config, redirect to fallback
configure:23820: checking for COIN-OR package Glpk (fallback)
configure:24016: result: yes
configure:24145: using AMD from GLPK package
configure:24169: checking for COIN-OR package Mumps
configure:24351: result: skipped check via pkg-config, redirect to fallback
configure:24354: checking for COIN-OR package Mumps (fallback)
configure:24420: result: no, dependency coinmumps not available
configure:30085: checking for COIN-OR package ASL
configure:30267: result: skipped check via pkg-config, redirect to fallback
configure:30270: checking for COIN-OR package ASL (fallback)
configure:30336: result: no, dependency coinasl not available
configure:30621: checking for readline/readline.h
configure:30667: result: no
configure:30947: checking for cmath
configure:30952: result: yes
configure:31276: checking for cfloat
configure:31281: result: yes
configure:31605: checking for cieeefp
configure:31610: result: no
configure:31763: checking for ieeefp.h
configure:31768: result: no
configure:31926: checking whether this is a VPATH configuration
configure:31933: result: no
configure:31983: configuring doxygen documentation options
configure:31990: checking for doxygen
configure:32017: result: no
configure:32026: checking for latex
configure:32053: result: no
configure:32081: checking for dot
configure:32108: result: NO
configure:32159: checking for doxygen doc'n for CoinUtils 
configure:32175: result: ../CoinUtils/doxydoc (tag)
configure:32159: checking for doxygen doc'n for Osi 
configure:32175: result: ../Osi/doxydoc (tag)
configure:32226: checking which command should be used to link input files
configure:32234: result: ln -s
configure:32645: creating ./config.status

## ---------------------- ##
## Running config.status. ##
## ---------------------- ##

This file was extended by Clp config.status 1.16.11, which was
generated by GNU Autoconf 2.59.  Invocation command line was

  CONFIG_FILES    = 
  CONFIG_HEADERS  = 
  CONFIG_LINKS    = 
  CONFIG_COMMANDS = 
  $ ./config.status 

on 632afffc1852

config.status:896: creating Makefile
config.status:896: creating examples/Makefile
config.status:896: creating src/Makefile
config.status:896: creating src/OsiClp/Makefile
config.status:896: creating test/Makefile
config.status:896: creating clp.pc
config.status:896: creating clp-uninstalled.pc
config.status:896: creating osi-clp.pc
config.status:896: creating osi-clp-uninstalled.pc
config.status:896: creating doxydoc/doxygen.conf
config.status:1000: creating src/config.h
config.status:1000: creating src/config_clp.h
config.status:1318: executing depfiles commands
configure:34192: In case of trouble, first consult the troubleshooting page at https://projects.coin-or.org/BuildTools/wiki/user-troubleshooting
configure:34195: Configuration of Clp successful

## ---------------- ##
## Cache variables. ##
## ---------------- ##

ac_cv_build=x86_64-unknown-linux-gnu
ac_cv_build_alias=x86_64-unknown-linux-gnu
ac_cv_c_compiler_gnu=yes
ac_cv_cxx_compiler_gnu=yes
ac_cv_env_ADD_CFLAGS_set=
ac_cv_env_ADD_CFLAGS_value=
ac_cv_env_ADD_CXXFLAGS_set=
ac_cv_env_ADD_CXXFLAGS_value=
ac_cv_env_ADD_FFLAGS_set=
ac_cv_env_ADD_FFLAGS_value=
ac_cv_env_CC_set=
ac_cv_env_CC_value=
ac_cv_env_CDEFS_set=
ac_cv_env_CDEFS_value=
ac_cv_env_CFLAGS_set=set
ac_cv_env_CFLAGS_value='-m64 -O3'
ac_cv_env_COIN_SKIP_PROJECTS_set=
ac_cv_env_COIN_SKIP_PROJECTS_value=
ac_cv_env_CPPFLAGS_set=
ac_cv_env_CPPFLAGS_value=
ac_cv_env_CPP_set=
ac_cv_env_CPP_value=
ac_cv_env_CXXCPP_set=
ac_cv_env_CXXCPP_value=
ac_cv_env_CXXDEFS_set=
ac_cv_env_CXXDEFS_value=
ac_cv_env_CXXFLAGS_set=
ac_cv_env_CXXFLAGS_value=
ac_cv_env_CXX_set=
ac_cv_env_CXX_value=
ac_cv_env_DBG_CFLAGS_set=
ac_cv_env_DBG_CFLAGS_value=
ac_cv_env_DBG_CXXFLAGS_set=
ac_cv_env_DBG_CXXFLAGS_value=
ac_cv_env_DBG_FFLAGS_set=
ac_cv_env_DBG_FFLAGS_value=
ac_cv_env_F77_set=
ac_cv_env_F77_value=
ac_cv_env_FFLAGS_set=
ac_cv_env_FFLAGS_value=
ac_cv_env_LDFLAGS_set=
ac_cv_env_LDFLAGS_value=
ac_cv_env_MPICC_set=
ac_cv_env_MPICC_value=
ac_cv_env_MPICXX_set=
ac_cv_env_MPICXX_value=
ac_cv_env_MPIF77_set=
ac_cv_env_MPIF77_value=
ac_cv_env_OPT_CFLAGS_set=
ac_cv_env_OPT_CFLAGS_value=
ac_cv_env_OPT_CXXFLAGS_set=
ac_cv_env_OPT_CXXFLAGS_value=
ac_cv_env_OPT_FFLAGS_set=
ac_cv_env_OPT_FFLAGS_value=
ac_cv_env_PKG_CONFIG_set=
ac_cv_env_PKG_CONFIG_value=
ac_cv_env_build_alias_set=
ac_cv_env_build_alias_value=
ac_cv_env_host_alias_set=
ac_cv_env_host_alias_value=
ac_cv_env_target_alias_set=
ac_cv_env_target_alias_value=
ac_cv_exeext=
ac_cv_func_vsnprintf=yes
ac_cv_have_decl_finite=yes
ac_cv_have_decl_isfinite=no
ac_cv_have_decl_isnan=no
ac_cv_have_decl_std__isnan_42_42_=yes
ac_cv_header_bzlib_h=no
ac_cv_header_cfloat=yes
ac_cv_header_cieeefp=no
ac_cv_header_cinttypes=yes
ac_cv_header_cmath=yes
ac_cv_header_cstdint=yes
ac_cv_header_dlfcn_h=yes
ac_cv_header_endian_h=yes
ac_cv_header_gmp_h=no
ac_cv_header_ieeefp_h=no
ac_cv_header_inttypes_h=yes
ac_cv_header_memory_h=yes
ac_cv_header_mysql_h=no
ac_cv_header_mysql_mysql_h=no
ac_cv_header_readline_readline_h=no
ac_cv_header_sql_h=no
ac_cv_header_stdc=yes
ac_cv_header_stdint_h=yes
ac_cv_header_stdlib_h=yes
ac_cv_header_string_h=yes
ac_cv_header_strings_h=yes
ac_cv_header_sys_stat_h=yes
ac_cv_header_sys_types_h=yes
ac_cv_header_unistd_h=yes
ac_cv_header_windows_h=no
ac_cv_header_zlib_h=no
ac_cv_host=x86_64-unknown-linux-gnu
ac_cv_host_alias=x86_64-unknown-linux-gnu
ac_cv_lib_dl_dlopen=yes
ac_cv_objext=o
ac_cv_path_install='/usr/bin/install -c'
ac_cv_prog_AWK=mawk
ac_cv_prog_CPP='gcc -E'
ac_cv_prog_CXXCPP='g++ -E'
ac_cv_prog_ac_ct_AR=ar
ac_cv_prog_ac_ct_CC=gcc
ac_cv_prog_ac_ct_CXX=g++
ac_cv_prog_ac_ct_RANLIB=ranlib
ac_cv_prog_ac_ct_STRIP=strip
ac_cv_prog_cc_g=yes
ac_cv_prog_cc_stdc=
ac_cv_prog_coin_doxy_usedot=NO
ac_cv_prog_coin_have_doxygen=no
ac_cv_prog_coin_have_latex=no
ac_cv_prog_cxx_g=yes
ac_cv_prog_egrep='grep -E'
ac_cv_prog_have_svnversion=yes
ac_cv_prog_make_make_set=yes
ac_cv_type_int64_t=yes
ac_cv_type_intptr_t=yes
am_cv_CC_dependencies_compiler_type=gcc3
am_cv_CXX_dependencies_compiler_type=gcc3
lt_cv_deplibs_check_method=pass_all
lt_cv_file_magic_cmd='$MAGIC_CMD'
lt_cv_file_magic_test_file=
lt_cv_ld_reload_flag=-r
lt_cv_objdir=.libs
lt_cv_path_LD=/usr/bin/ld
lt_cv_path_LDCXX=/usr/bin/ld
lt_cv_path_NM='/usr/bin/nm -B'
lt_cv_path_SED=/bin/sed
lt_cv_prog_compiler_c_o=yes
lt_cv_prog_compiler_c_o_CXX=yes
lt_cv_prog_compiler_c_o_F77=no
lt_cv_prog_compiler_rtti_exceptions=no
lt_cv_prog_gnu_ld=yes
lt_cv_prog_gnu_ldcxx=yes
lt_cv_sys_global_symbol_pipe='sed -n -e '\''s/^.*[ 	]\([ABCDGIRSTW][ABCDGIRSTW]*\)[ 	][ 	]*\([_A-Za-z][_A-Za-z0-9]*\)$/\1 \2 \2/p'\'''
lt_cv_sys_global_symbol_to_c_name_address='sed -n -e '\''s/^: \([^ ]*\) $/  {\"\1\", (lt_ptr) 0},/p'\'' -e '\''s/^[BCDEGRST] \([^ ]*\) \([^ ]*\)$/  {"\2", (lt_ptr) \&\2},/p'\'''
lt_cv_sys_global_symbol_to_cdecl='sed -n -e '\''s/^. .* \(.*\)$/extern int \1;/p'\'''
lt_cv_sys_max_cmd_len=32768
lt_lt_cv_prog_compiler_c_o='"yes"'
lt_lt_cv_prog_compiler_c_o_CXX='"yes"'
lt_lt_cv_prog_compiler_c_o_F77='"no"'
lt_lt_cv_sys_global_symbol_pipe='"sed -n -e '\''s/^.*[ 	]\\([ABCDGIRSTW][ABCDGIRSTW]*\\)[ 	][ 	]*\\([_A-Za-z][_A-Za-z0-9]*\\)\$/\\1 \\2 \\2/p'\''"'
lt_lt_cv_sys_global_symbol_to_c_name_address='"sed -n -e '\''s/^: \\([^ ]*\\) \$/  {\\\"\\1\\\", (lt_ptr) 0},/p'\'' -e '\''s/^[BCDEGRST] \\([^ ]*\\) \\([^ ]*\\)\$/  {\"\\2\", (lt_ptr) \\&\\2},/p'\''"'
lt_lt_cv_sys_global_symbol_to_cdecl='"sed -n -e '\''s/^. .* \\(.*\\)\$/extern int \\1;/p'\''"'

## ----------------- ##
## Output variables. ##
## ----------------- ##

ABSBUILDDIR='/mpsis/L3/cbc/Clp'
ACLOCAL='${SHELL} /mpsis/L3/cbc/Clp/missing --run aclocal-1.9'
ADD_CFLAGS=''
ADD_CXXFLAGS=''
ADD_FFLAGS=''
ALWAYS_FALSE_FALSE=''
ALWAYS_FALSE_TRUE='#'
AMDEPBACKSLASH='\'
AMDEP_FALSE='#'
AMDEP_TRUE=''
AMDINCDIR=''
AMDLIB=''
AMTAR='${SHELL} /mpsis/L3/cbc/Clp/missing --run tar'
AR='ar'
ASL_CFLAGS=''
ASL_CFLAGS_INSTALLED=''
ASL_DATA=''
ASL_DATA_INSTALLED=''
ASL_DEPENDENCIES=''
ASL_LIBS=''
ASL_LIBS_INSTALLED=''
AUTOCONF='${SHELL} /mpsis/L3/cbc/Clp/missing --run autoconf'
AUTOHEADER='${SHELL} /mpsis/L3/cbc/Clp/missing --run autoheader'
AUTOMAKE='${SHELL} /mpsis/L3/cbc/Clp/missing --run automake-1.9'
AUX_DIR=''
AWK='mawk'
BLAS_CFLAGS=''
BLAS_CFLAGS_INSTALLED=''
BLAS_DATA=''
BLAS_DATA_INSTALLED=''
BLAS_DEPENDENCIES=''
BLAS_LIBS=''
BLAS_LIBS_INSTALLED=''
BUILDTOOLSDIR=''
CC='gcc'
CCDEPMODE='depmode=gcc3'
CDEFS=''
CFLAGS='-m64 -O3   -DCLP_BUILD'
CHOLMODINCDIR=''
CHOLMODLIB=''
CLPLIB_CFLAGS=' -I/mpsis/L3/cbc/ThirdParty/Glpk -I/mpsis/L3/cbc/ThirdParty/Glpk/glpk/src -I/mpsis/L3/cbc/ThirdParty/Glpk/glpk/src/amd   -I/mpsis/L3/cbc/CoinUtils/src -I/mpsis/L3/cbc/CoinUtils/src  -I/mpsis/L3/cbc/ThirdParty/Glpk -I/mpsis/L3/cbc/ThirdParty/Glpk/glpk/src -I/mpsis/L3/cbc/ThirdParty/Glpk/glpk/src/amd  '
CLPLIB_CFLAGS_INSTALLED=' -I/usr/local/include/coin/ThirdParty   -I/usr/local/include/coin  -I/usr/local/include/coin/ThirdParty  '
CLPLIB_DEPENDENCIES='  /mpsis/L3/cbc/ThirdParty/Glpk/libcoinglpk.la    /mpsis/L3/cbc/CoinUtils/src/libCoinUtils.la   /mpsis/L3/cbc/ThirdParty/Glpk/libcoinglpk.la    '
CLPLIB_LIBS=' /mpsis/L3/cbc/ThirdParty/Glpk/libcoinglpk.la -ldl -lm    /mpsis/L3/cbc/CoinUtils/src/libCoinUtils.la -lm   /mpsis/L3/cbc/ThirdParty/Glpk/libcoinglpk.la -ldl -lm   '
CLPLIB_LIBS_INSTALLED=' -L/usr/local/lib -lcoinglpk -ldl -lm    -L/usr/local/lib -lCoinUtils -lm   -L/usr/local/lib -lcoinglpk -ldl -lm   '
CLPLIB_PCLIBS=''
CLPLIB_PCREQUIRES='coinglpk coinutils '
CLP_SVN_REV='2373'
COINUTILS_CFLAGS=' -I/mpsis/L3/cbc/CoinUtils/src -I/mpsis/L3/cbc/CoinUtils/src  -I/mpsis/L3/cbc/ThirdParty/Glpk -I/mpsis/L3/cbc/ThirdParty/Glpk/glpk/src -I/mpsis/L3/cbc/ThirdParty/Glpk/glpk/src/amd '
COINUTILS_CFLAGS_INSTALLED=' -I/usr/local/include/coin  -I/usr/local/include/coin/ThirdParty '
COINUTILS_DATA=''
COINUTILS_DATA_INSTALLED=''
COINUTILS_DEPENDENCIES='  /mpsis/L3/cbc/CoinUtils/src/libCoinUtils.la   /mpsis/L3/cbc/ThirdParty/Glpk/libcoinglpk.la  '
COINUTILS_LIBS=' /mpsis/L3/cbc/CoinUtils/src/libCoinUtils.la -lm   /mpsis/L3/cbc/ThirdParty/Glpk/libcoinglpk.la -ldl -lm  '
COINUTILS_LIBS_INSTALLED=' -L/usr/local/lib -lCoinUtils -lm   -L/usr/local/lib -lcoinglpk -ldl -lm  '
COIN_CC_IS_CL_FALSE=''
COIN_CC_IS_CL_TRUE='#'
COIN_CXX_IS_CL_FALSE=''
COIN_CXX_IS_CL_TRUE='#'
COIN_HAS_ABC_FALSE=''
COIN_HAS_ABC_TRUE='#'
COIN_HAS_AMD_FALSE=''
COIN_HAS_AMD_TRUE='#'
COIN_HAS_ASL_FALSE=''
COIN_HAS_ASL_TRUE='#'
COIN_HAS_BLAS_FALSE=''
COIN_HAS_BLAS_TRUE='#'
COIN_HAS_CHOLMOD_FALSE=''
COIN_HAS_CHOLMOD_TRUE='#'
COIN_HAS_COINUTILS_FALSE='#'
COIN_HAS_COINUTILS_TRUE=''
COIN_HAS_DOXYGEN_FALSE=''
COIN_HAS_DOXYGEN_TRUE='#'
COIN_HAS_GLPK_FALSE='#'
COIN_HAS_GLPK_TRUE=''
COIN_HAS_LATEX_FALSE=''
COIN_HAS_LATEX_TRUE='#'
COIN_HAS_MUMPS_FALSE=''
COIN_HAS_MUMPS_TRUE='#'
COIN_HAS_NETLIB_FALSE=''
COIN_HAS_NETLIB_TRUE='#'
COIN_HAS_OSITESTS_FALSE='#'
COIN_HAS_OSITESTS_TRUE=''
COIN_HAS_OSI_FALSE='#'
COIN_HAS_OSI_TRUE=''
COIN_HAS_PKGCONFIG_FALSE=''
COIN_HAS_PKGCONFIG_TRUE='#'
COIN_HAS_SAMPLE_FALSE='#'
COIN_HAS_SAMPLE_TRUE=''
COIN_HAS_WSMP_FALSE=''
COIN_HAS_WSMP_TRUE='#'
COIN_PKG_CONFIG_PATH='/usr/local/lib64/pkgconfig:/usr/local/lib/pkgconfig:/usr/local/share/pkgconfig:'
COIN_PKG_CONFIG_PATH_UNINSTALLED='/mpsis/L3/cbc/Cbc:/mpsis/L3/cbc/Cgl:/mpsis/L3/cbc/Clp:/mpsis/L3/cbc/Osi:/mpsis/L3/cbc/CoinUtils:/mpsis/L3/cbc/Data/miplib3:/mpsis/L3/cbc/Data/Sample:/mpsis/L3/cbc/ThirdParty/Glpk:'
CPP='gcc -E'
CPPFLAGS=''
CXX='g++'
CXXCPP='g++ -E'
CXXDEFS=''
CXXDEPMODE='depmode=gcc3'
CXXFLAGS='-g -O0 -pipe -Wparentheses -Wreturn-type -Wcast-qual -Wall -Wpointer-arith -Wwrite-strings -Wconversion -Wno-unknown-pragmas -Wno-long-long   -DCLP_BUILD'
CYGPATH_W='echo'
DBG_CFLAGS='-m64 -O3  '
DBG_CXXFLAGS='-g -O0 -pipe -Wparentheses -Wreturn-type -Wcast-qual -Wall -Wpointer-arith -Wwrite-strings -Wconversion -Wno-unknown-pragmas -Wno-long-long  '
DBG_FFLAGS=''
DEFS='-DHAVE_CONFIG_H'
DEPDIR='.deps'
DEPENDENCY_LINKING_FALSE='#'
DEPENDENCY_LINKING_TRUE=''
ECHO='echo'
ECHO_C=''
ECHO_N='-n'
ECHO_T=''
EGREP='grep -E'
EXEEXT=''
F77=''
FFLAGS=''
FLIBS=''
GLPK_CFLAGS=' -I/mpsis/L3/cbc/ThirdParty/Glpk -I/mpsis/L3/cbc/ThirdParty/Glpk/glpk/src -I/mpsis/L3/cbc/ThirdParty/Glpk/glpk/src/amd '
GLPK_CFLAGS_INSTALLED=' -I/usr/local/include/coin/ThirdParty '
GLPK_DATA=''
GLPK_DATA_INSTALLED=''
GLPK_DEPENDENCIES='  /mpsis/L3/cbc/ThirdParty/Glpk/libcoinglpk.la  '
GLPK_LIBS=' /mpsis/L3/cbc/ThirdParty/Glpk/libcoinglpk.la -ldl -lm  '
GLPK_LIBS_INSTALLED=' -L/usr/local/lib -lcoinglpk -ldl -lm  '
HAVE_EXTERNALS_FALSE=''
HAVE_EXTERNALS_TRUE='#'
INSTALL_DATA='${INSTALL} -m 644'
INSTALL_PROGRAM='${INSTALL}'
INSTALL_SCRIPT='${INSTALL}'
INSTALL_STRIP_PROGRAM='${SHELL} $(install_sh) -c -s'
LDFLAGS=''
LIBEXT='a'
LIBOBJS=''
LIBS=''
LIBTOOL='$(SHELL) $(top_builddir)/../libtool'
LIBTOOLM4=''
LN_S='ln -s'
LTLIBOBJS=''
LT_LDFLAGS='-no-undefined -version-info 14:11:13'
MAINT='#'
MAINTAINER_MODE_FALSE=''
MAINTAINER_MODE_TRUE='#'
MAKEINFO='${SHELL} /mpsis/L3/cbc/Clp/missing --run makeinfo'
MPICC=''
MPICXX=''
MPIF77=''
MUMPS_CFLAGS=''
MUMPS_CFLAGS_INSTALLED=''
MUMPS_DATA=''
MUMPS_DATA_INSTALLED=''
MUMPS_DEPENDENCIES=''
MUMPS_LIBS=''
MUMPS_LIBS_INSTALLED=''
NETLIB_CFLAGS=''
NETLIB_CFLAGS_INSTALLED=''
NETLIB_DATA=''
NETLIB_DATA_INSTALLED=''
NETLIB_DEPENDENCIES=''
NETLIB_LIBS=''
NETLIB_LIBS_INSTALLED=''
OBJEXT='o'
OPT_CFLAGS='-m64 -O3  '
OPT_CXXFLAGS='-O3 -pipe -DNDEBUG -Wparentheses -Wreturn-type -Wcast-qual -Wall -Wpointer-arith -Wwrite-strings -Wconversion -Wno-unknown-pragmas -Wno-long-long  '
OPT_FFLAGS=''
OSICLPLIB_CFLAGS=' -I/mpsis/L3/cbc/Osi/src/Osi -I/mpsis/L3/cbc/Osi/src/Osi  -I/mpsis/L3/cbc/CoinUtils/src -I/mpsis/L3/cbc/CoinUtils/src  -I/mpsis/L3/cbc/ThirdParty/Glpk -I/mpsis/L3/cbc/ThirdParty/Glpk/glpk/src -I/mpsis/L3/cbc/ThirdParty/Glpk/glpk/src/amd  '
OSICLPLIB_CFLAGS_INSTALLED=' -I/usr/local/include/coin  -I/usr/local/include/coin  -I/usr/local/include/coin/ThirdParty  '
OSICLPLIB_DEPENDENCIES='  /mpsis/L3/cbc/Osi/src/Osi/libOsi.la   /mpsis/L3/cbc/CoinUtils/src/libCoinUtils.la   /mpsis/L3/cbc/ThirdParty/Glpk/libcoinglpk.la    '
OSICLPLIB_LIBS=' /mpsis/L3/cbc/Osi/src/Osi/libOsi.la   /mpsis/L3/cbc/CoinUtils/src/libCoinUtils.la -lm   /mpsis/L3/cbc/ThirdParty/Glpk/libcoinglpk.la -ldl -lm   '
OSICLPLIB_LIBS_INSTALLED=' -L/usr/local/lib -lOsi   -L/usr/local/lib -lCoinUtils -lm   -L/usr/local/lib -lcoinglpk -ldl -lm   '
OSICLPLIB_PCLIBS=''
OSICLPLIB_PCREQUIRES='osi '
OSITESTS_CFLAGS=' -I/mpsis/L3/cbc/Osi/src/OsiCommonTest  -I/mpsis/L3/cbc/Osi/src/Osi -I/mpsis/L3/cbc/Osi/src/Osi  -I/mpsis/L3/cbc/CoinUtils/src -I/mpsis/L3/cbc/CoinUtils/src  -I/mpsis/L3/cbc/ThirdParty/Glpk -I/mpsis/L3/cbc/ThirdParty/Glpk/glpk/src -I/mpsis/L3/cbc/ThirdParty/Glpk/glpk/src/amd '
OSITESTS_CFLAGS_INSTALLED=' -I/usr/local/include/coin  -I/usr/local/include/coin  -I/usr/local/include/coin  -I/usr/local/include/coin/ThirdParty '
OSITESTS_DATA=''
OSITESTS_DATA_INSTALLED=''
OSITESTS_DEPENDENCIES='  /mpsis/L3/cbc/Osi/src/OsiCommonTest/libOsiCommonTests.la  /mpsis/L3/cbc/Osi/src/Osi/libOsi.la   /mpsis/L3/cbc/CoinUtils/src/libCoinUtils.la   /mpsis/L3/cbc/ThirdParty/Glpk/libcoinglpk.la  '
OSITESTS_LIBS=' /mpsis/L3/cbc/Osi/src/OsiCommonTest/libOsiCommonTests.la  /mpsis/L3/cbc/Osi/src/Osi/libOsi.la   /mpsis/L3/cbc/CoinUtils/src/libCoinUtils.la -lm   /mpsis/L3/cbc/ThirdParty/Glpk/libcoinglpk.la -ldl -lm  '
OSITESTS_LIBS_INSTALLED=' -L/usr/local/lib -lOsiCommonTests  -L/usr/local/lib -lOsi   -L/usr/local/lib -lCoinUtils -lm   -L/usr/local/lib -lcoinglpk -ldl -lm  '
OSI_CFLAGS=' -I/mpsis/L3/cbc/Osi/src/Osi -I/mpsis/L3/cbc/Osi/src/Osi  -I/mpsis/L3/cbc/CoinUtils/src -I/mpsis/L3/cbc/CoinUtils/src  -I/mpsis/L3/cbc/ThirdParty/Glpk -I/mpsis/L3/cbc/ThirdParty/Glpk/glpk/src -I/mpsis/L3/cbc/ThirdParty/Glpk/glpk/src/amd '
OSI_CFLAGS_INSTALLED=' -I/usr/local/include/coin  -I/usr/local/include/coin  -I/usr/local/include/coin/ThirdParty '
OSI_DATA=''
OSI_DATA_INSTALLED=''
OSI_DEPENDENCIES='  /mpsis/L3/cbc/Osi/src/Osi/libOsi.la   /mpsis/L3/cbc/CoinUtils/src/libCoinUtils.la   /mpsis/L3/cbc/ThirdParty/Glpk/libcoinglpk.la  '
OSI_LIBS=' /mpsis/L3/cbc/Osi/src/Osi/libOsi.la   /mpsis/L3/cbc/CoinUtils/src/libCoinUtils.la -lm   /mpsis/L3/cbc/ThirdParty/Glpk/libcoinglpk.la -ldl -lm  '
OSI_LIBS_INSTALLED=' -L/usr/local/lib -lOsi   -L/usr/local/lib -lCoinUtils -lm   -L/usr/local/lib -lcoinglpk -ldl -lm  '
PACKAGE='clp'
PACKAGE_BUGREPORT='clp@list.coin-or.org'
PACKAGE_NAME='Clp'
PACKAGE_STRING='Clp 1.16.11'
PACKAGE_TARNAME='clp'
PACKAGE_VERSION='1.16.11'
PATH_SEPARATOR=':'
PKG_CONFIG=''
RANLIB='ranlib'
RPATH_FLAGS=''
SAMPLE_CFLAGS=' '
SAMPLE_CFLAGS_INSTALLED=' '
SAMPLE_DATA='/mpsis/L3/cbc/Data/Sample'
SAMPLE_DATA_INSTALLED='/usr/local/share/coin/Data/Sample'
SAMPLE_DEPENDENCIES='  '
SAMPLE_LIBS=' '
SAMPLE_LIBS_INSTALLED=' '
SET_MAKE=''
SHELL='/bin/bash'
STRIP='strip'
VERSION='1.16.11'
VPATH_DISTCLEANFILES=''
abs_bin_dir='/usr/local/bin'
abs_include_dir='/usr/local/include'
abs_lib_dir='/usr/local/lib'
abs_source_dir='/mpsis/L3/cbc/Clp'
ac_c_preproc_warn_flag=''
ac_ct_AR='ar'
ac_ct_CC='gcc'
ac_ct_CXX='g++'
ac_ct_F77=''
ac_ct_PKG_CONFIG=''
ac_ct_RANLIB='ranlib'
ac_ct_STRIP='strip'
ac_cxx_preproc_warn_flag=''
am__fastdepCC_FALSE='#'
am__fastdepCC_TRUE=''
am__fastdepCXX_FALSE='#'
am__fastdepCXX_TRUE=''
am__include='include'
am__leading_dot='.'
am__quote=''
am__tar='${AMTAR} chof - "$$tardir"'
am__untar='${AMTAR} xf -'
bindir='${exec_prefix}/bin'
build='x86_64-unknown-linux-gnu'
build_alias=''
build_cpu='x86_64'
build_os='linux-gnu'
build_vendor='unknown'
coin_doxy_excludes=' */CoinUtils */Osi'
coin_doxy_logname='doxydoc/clp_doxy.log'
coin_doxy_tagfiles=' ../CoinUtils/doxydoc/coinutils_doxy.tag=../../../CoinUtils/doxydoc/html ../Osi/doxydoc/osi_doxy.tag=../../../Osi/doxydoc/html'
coin_doxy_tagname='doxydoc/clp_doxy.tag'
coin_doxy_usedot='NO'
coin_have_doxygen='no'
coin_have_latex='no'
datadir='${prefix}/share'
exec_prefix='${prefix}'
have_autoconf=''
have_automake=''
have_svn=''
have_svnversion='yes'
host='x86_64-unknown-linux-gnu'
host_alias=''
host_cpu='x86_64'
host_os='linux-gnu'
host_vendor='unknown'
includedir='${prefix}/include'
infodir='${prefix}/info'
install_sh='/mpsis/L3/cbc/Clp/install-sh'
libdir='${exec_prefix}/lib'
libexecdir='${exec_prefix}/libexec'
localstatedir='${prefix}/var'
mandir='${prefix}/man'
mkdir_p='mkdir -p --'
oldincludedir='/usr/include'
prefix='/usr/local'
program_transform_name='s,x,x,'
sbindir='${exec_prefix}/sbin'
sharedstatedir='${prefix}/com'
sol_cc_compiler=''
sysconfdir='${prefix}/etc'
target_alias=''

## ----------- ##
## confdefs.h. ##
## ----------- ##

#define CLP_SVN_REV 2373
#define CLP_VERSION "1.16.11"
#define CLP_VERSION_MAJOR 1
#define CLP_VERSION_MINOR 16
#define CLP_VERSION_RELEASE 11
#define COIN_CLP_CHECKLEVEL 0
#define COIN_CLP_VERBOSITY 0
#define COIN_HAS_AMD 1
#define COIN_HAS_COINUTILS 1
#define COIN_HAS_COINUTILS 1
#define COIN_HAS_GLPK 1
#define COIN_HAS_GLPK 1
#define COIN_HAS_OSI 1
#define COIN_HAS_OSI 1
#define COIN_HAS_OSITESTS 1
#define COIN_HAS_OSITESTS 1
#define COIN_HAS_SAMPLE 1
#define COIN_HAS_SAMPLE 1
#define HAVE_CFLOAT 1
#define HAVE_CMATH 1
#define HAVE_DLFCN_H 1
#define HAVE_INTTYPES_H 1
#define HAVE_MEMORY_H 1
#define HAVE_STDINT_H 1
#define HAVE_STDLIB_H 1
#define HAVE_STRINGS_H 1
#define HAVE_STRING_H 1
#define HAVE_SYS_STAT_H 1
#define HAVE_SYS_TYPES_H 1
#define HAVE_UNISTD_H 1
#define PACKAGE "clp"
#define PACKAGE_BUGREPORT "clp@list.coin-or.org"
#define PACKAGE_NAME "Clp"
#define PACKAGE_STRING "Clp 1.16.11"
#define PACKAGE_TARNAME "clp"
#define PACKAGE_VERSION "1.16.11"
#define STDC_HEADERS 1
#define VERSION "1.16.11"
#endif
#ifdef __cplusplus
extern "C" void std::exit (int) throw (); using std::exit;

configure: exit 0
